<?xml version="1.0" encoding="UTF-8"?>
<coverage generated="1752683510184" clover="3.2.0">
  <project timestamp="1752683510184" name="All files">
    <metrics statements="614" coveredstatements="523" conditionals="640" coveredconditionals="534" methods="59" coveredmethods="56" elements="1313" coveredelements="1113" complexity="0" loc="614" ncloc="614" packages="2" files="7" classes="7"/>
    <package name="credentials">
      <metrics statements="7" coveredstatements="7" conditionals="0" coveredconditionals="0" methods="1" coveredmethods="1"/>
      <file name="MaxApi.credentials.ts" path="/Users/p.frankov/Documents/playground/n8n-nodes-max/credentials/MaxApi.credentials.ts">
        <metrics statements="7" coveredstatements="7" conditionals="0" coveredconditionals="0" methods="1" coveredmethods="1"/>
        <line num="11" count="1" type="stmt"/>
        <line num="13" count="11" type="stmt"/>
        <line num="16" count="11" type="stmt"/>
        <line num="19" count="11" type="stmt"/>
        <line num="22" count="11" type="stmt"/>
        <line num="28" count="11" type="stmt"/>
        <line num="51" count="11" type="stmt"/>
      </file>
    </package>
    <package name="nodes.Max">
      <metrics statements="607" coveredstatements="516" conditionals="640" coveredconditionals="534" methods="58" coveredmethods="55"/>
      <file name="GenericFunctions.ts" path="/Users/p.frankov/Documents/playground/n8n-nodes-max/nodes/Max/GenericFunctions.ts">
        <metrics statements="353" coveredstatements="340" conditionals="479" coveredconditionals="446" methods="31" coveredmethods="31"/>
        <line num="7" count="10" type="stmt"/>
        <line num="8" count="10" type="stmt"/>
        <line num="9" count="10" type="stmt"/>
        <line num="10" count="10" type="stmt"/>
        <line num="11" count="10" type="stmt"/>
        <line num="19" count="10" type="cond" truecount="2" falsecount="0"/>
        <line num="20" count="10" type="stmt"/>
        <line num="21" count="10" type="stmt"/>
        <line num="22" count="10" type="stmt"/>
        <line num="23" count="10" type="stmt"/>
        <line num="24" count="10" type="stmt"/>
        <line num="25" count="10" type="stmt"/>
        <line num="56" count="10" type="stmt"/>
        <line num="59" count="15" type="stmt"/>
        <line num="61" count="15" type="cond" truecount="2" falsecount="0"/>
        <line num="62" count="1" type="stmt"/>
        <line num="68" count="14" type="cond" truecount="2" falsecount="0"/>
        <line num="74" count="14" type="stmt"/>
        <line num="93" count="10" type="stmt"/>
        <line num="102" count="14" type="stmt"/>
        <line num="104" count="11" type="stmt"/>
        <line num="107" count="11" type="cond" truecount="2" falsecount="0"/>
        <line num="108" count="7" type="stmt"/>
        <line num="110" count="4" type="stmt"/>
        <line num="113" count="7" type="stmt"/>
        <line num="116" count="4" type="stmt"/>
        <line num="135" count="10" type="stmt"/>
        <line num="143" count="8" type="cond" truecount="4" falsecount="0"/>
        <line num="144" count="2" type="stmt"/>
        <line num="148" count="6" type="cond" truecount="4" falsecount="1"/>
        <line num="149" count="0" type="stmt"/>
        <line num="152" count="6" type="cond" truecount="1" falsecount="1"/>
        <line num="153" count="0" type="stmt"/>
        <line num="157" count="6" type="stmt"/>
        <line num="160" count="5" type="stmt"/>
        <line num="161" count="5" type="cond" truecount="2" falsecount="0"/>
        <line num="163" count="2" type="cond" truecount="1" falsecount="1"/>
        <line num="164" count="2" type="cond" truecount="2" falsecount="0"/>
        <line num="165" count="2" type="cond" truecount="2" falsecount="0"/>
        <line num="166" count="1" type="stmt"/>
        <line num="170" count="4" type="cond" truecount="2" falsecount="0"/>
        <line num="172" count="1" type="cond" truecount="1" falsecount="1"/>
        <line num="173" count="1" type="cond" truecount="2" falsecount="0"/>
        <line num="174" count="1" type="cond" truecount="2" falsecount="0"/>
        <line num="176" count="1" type="cond" truecount="1" falsecount="1"/>
        <line num="177" count="1" type="stmt"/>
        <line num="179" count="0" type="cond" truecount="0" falsecount="2"/>
        <line num="180" count="0" type="stmt"/>
        <line num="182" count="0" type="cond" truecount="0" falsecount="2"/>
        <line num="183" count="0" type="stmt"/>
        <line num="187" count="3" type="stmt"/>
        <line num="189" count="3" type="stmt"/>
        <line num="190" count="3" type="cond" truecount="2" falsecount="0"/>
        <line num="193" count="3" type="stmt"/>
        <line num="199" count="3" type="stmt"/>
        <line num="210" count="2" type="stmt"/>
        <line num="213" count="1" type="stmt"/>
        <line num="230" count="10" type="stmt"/>
        <line num="236" count="8" type="cond" truecount="4" falsecount="0"/>
        <line num="237" count="2" type="stmt"/>
        <line num="240" count="6" type="stmt"/>
        <line num="242" count="6" type="stmt"/>
        <line num="243" count="6" type="cond" truecount="2" falsecount="0"/>
        <line num="246" count="6" type="stmt"/>
        <line num="256" count="3" type="cond" truecount="2" falsecount="0"/>
        <line num="259" count="3" type="stmt"/>
        <line num="279" count="10" type="stmt"/>
        <line num="288" count="12" type="cond" truecount="4" falsecount="0"/>
        <line num="289" count="2" type="stmt"/>
        <line num="293" count="10" type="cond" truecount="4" falsecount="0"/>
        <line num="294" count="1" type="stmt"/>
        <line num="298" count="9" type="cond" truecount="5" falsecount="0"/>
        <line num="299" count="2" type="stmt"/>
        <line num="302" count="7" type="stmt"/>
        <line num="304" count="7" type="stmt"/>
        <line num="305" count="7" type="cond" truecount="1" falsecount="1"/>
        <line num="308" count="7" type="stmt"/>
        <line num="313" count="7" type="cond" truecount="4" falsecount="0"/>
        <line num="314" count="4" type="stmt"/>
        <line num="317" count="7" type="cond" truecount="2" falsecount="0"/>
        <line num="318" count="1" type="stmt"/>
        <line num="321" count="7" type="cond" truecount="2" falsecount="0"/>
        <line num="322" count="1" type="stmt"/>
        <line num="326" count="7" type="stmt"/>
        <line num="337" count="6" type="cond" truecount="2" falsecount="0"/>
        <line num="346" count="1" type="stmt"/>
        <line num="361" count="10" type="stmt"/>
        <line num="363" count="48" type="cond" truecount="2" falsecount="0"/>
        <line num="364" count="3" type="stmt"/>
        <line num="368" count="45" type="cond" truecount="2" falsecount="0"/>
        <line num="370" count="8" type="stmt"/>
        <line num="371" count="8" type="stmt"/>
        <line num="374" count="8" type="stmt"/>
        <line num="375" count="17" type="cond" truecount="3" falsecount="1"/>
        <line num="376" count="17" type="cond" truecount="4" falsecount="0"/>
        <line num="377" count="2" type="stmt"/>
        <line num="383" count="43" type="cond" truecount="2" falsecount="0"/>
        <line num="386" count="7" type="stmt"/>
        <line num="387" count="7" type="cond" truecount="2" falsecount="0"/>
        <line num="388" count="1" type="stmt"/>
        <line num="392" count="42" type="stmt"/>
        <line num="405" count="10" type="stmt"/>
        <line num="410" count="13" type="stmt"/>
        <line num="413" count="13" type="cond" truecount="1" falsecount="1"/>
        <line num="414" count="0" type="stmt"/>
        <line num="417" count="13" type="cond" truecount="1" falsecount="1"/>
        <line num="418" count="0" type="stmt"/>
        <line num="431" count="10" type="stmt"/>
        <line num="433" count="47" type="cond" truecount="8" falsecount="0"/>
        <line num="438" count="9" type="stmt"/>
        <line num="442" count="38" type="cond" truecount="7" falsecount="0"/>
        <line num="446" count="8" type="stmt"/>
        <line num="450" count="30" type="cond" truecount="8" falsecount="0"/>
        <line num="455" count="8" type="stmt"/>
        <line num="459" count="22" type="cond" truecount="14" falsecount="0"/>
        <line num="469" count="10" type="stmt"/>
        <line num="473" count="12" type="cond" truecount="9" falsecount="0"/>
        <line num="478" count="8" type="stmt"/>
        <line num="481" count="4" type="stmt"/>
        <line num="494" count="10" type="stmt"/>
        <line num="495" count="46" type="cond" truecount="3" falsecount="0"/>
        <line num="497" count="46" type="cond" truecount="6" falsecount="0"/>
        <line num="499" count="8" type="stmt"/>
        <line num="502" count="6" type="cond" truecount="4" falsecount="0"/>
        <line num="503" count="6" type="cond" truecount="2" falsecount="0"/>
        <line num="504" count="6" type="stmt"/>
        <line num="507" count="7" type="stmt"/>
        <line num="510" count="14" type="cond" truecount="2" falsecount="0"/>
        <line num="511" count="6" type="stmt"/>
        <line num="513" count="8" type="cond" truecount="4" falsecount="0"/>
        <line num="514" count="5" type="stmt"/>
        <line num="516" count="3" type="stmt"/>
        <line num="519" count="8" type="stmt"/>
        <line num="522" count="3" type="stmt"/>
        <line num="540" count="10" type="stmt"/>
        <line num="547" count="31" type="stmt"/>
        <line num="556" count="31" type="stmt"/>
        <line num="557" count="31" type="stmt"/>
        <line num="560" count="31" type="cond" truecount="4" falsecount="0"/>
        <line num="561" count="4" type="cond" truecount="6" falsecount="0"/>
        <line num="564" count="4" type="stmt"/>
        <line num="575" count="27" type="cond" truecount="4" falsecount="0"/>
        <line num="576" count="5" type="stmt"/>
        <line num="586" count="22" type="cond" truecount="2" falsecount="0"/>
        <line num="587" count="6" type="stmt"/>
        <line num="593" count="16" type="stmt"/>
        <line num="615" count="10" type="stmt"/>
        <line num="622" count="30" type="cond" truecount="5" falsecount="0"/>
        <line num="623" count="5" type="stmt"/>
        <line num="627" count="25" type="cond" truecount="5" falsecount="0"/>
        <line num="628" count="2" type="stmt"/>
        <line num="631" count="23" type="cond" truecount="2" falsecount="0"/>
        <line num="632" count="4" type="stmt"/>
        <line num="636" count="19" type="stmt"/>
        <line num="639" count="19" type="cond" truecount="2" falsecount="0"/>
        <line num="641" count="3" type="cond" truecount="1" falsecount="1"/>
        <line num="642" count="3" type="cond" truecount="2" falsecount="0"/>
        <line num="643" count="3" type="cond" truecount="2" falsecount="0"/>
        <line num="644" count="2" type="stmt"/>
        <line num="648" count="17" type="cond" truecount="2" falsecount="0"/>
        <line num="650" count="4" type="cond" truecount="2" falsecount="0"/>
        <line num="651" count="4" type="cond" truecount="2" falsecount="0"/>
        <line num="652" count="4" type="cond" truecount="2" falsecount="0"/>
        <line num="654" count="4" type="cond" truecount="2" falsecount="0"/>
        <line num="655" count="1" type="stmt"/>
        <line num="657" count="3" type="cond" truecount="2" falsecount="0"/>
        <line num="658" count="1" type="stmt"/>
        <line num="660" count="2" type="cond" truecount="2" falsecount="0"/>
        <line num="661" count="1" type="stmt"/>
        <line num="737" count="10" type="stmt"/>
        <line num="747" count="10" type="stmt"/>
        <line num="765" count="10" type="stmt"/>
        <line num="771" count="27" type="cond" truecount="2" falsecount="0"/>
        <line num="772" count="1" type="stmt"/>
        <line num="776" count="26" type="cond" truecount="1" falsecount="1"/>
        <line num="777" count="0" type="stmt"/>
        <line num="781" count="26" type="cond" truecount="5" falsecount="0"/>
        <line num="782" count="1" type="stmt"/>
        <line num="786" count="25" type="cond" truecount="2" falsecount="0"/>
        <line num="787" count="4" type="cond" truecount="4" falsecount="0"/>
        <line num="788" count="1" type="stmt"/>
        <line num="792" count="3" type="stmt"/>
        <line num="793" count="3" type="stmt"/>
        <line num="795" count="1" type="stmt"/>
        <line num="800" count="23" type="cond" truecount="1" falsecount="1"/>
        <line num="801" count="23" type="stmt"/>
        <line num="802" count="23" type="cond" truecount="2" falsecount="0"/>
        <line num="803" count="5" type="stmt"/>
        <line num="810" count="18" type="cond" truecount="1" falsecount="1"/>
        <line num="811" count="18" type="stmt"/>
        <line num="812" count="18" type="stmt"/>
        <line num="814" count="18" type="cond" truecount="4" falsecount="0"/>
        <line num="815" count="5" type="stmt"/>
        <line num="834" count="10" type="stmt"/>
        <line num="839" count="5" type="stmt"/>
        <line num="840" count="5" type="stmt"/>
        <line num="847" count="5" type="cond" truecount="2" falsecount="0"/>
        <line num="848" count="1" type="stmt"/>
        <line num="852" count="4" type="cond" truecount="2" falsecount="0"/>
        <line num="853" count="3" type="stmt"/>
        <line num="854" count="3" type="cond" truecount="1" falsecount="1"/>
        <line num="858" count="4" type="stmt"/>
        <line num="859" count="4" type="stmt"/>
        <line num="862" count="4" type="stmt"/>
        <line num="865" count="8" type="stmt"/>
        <line num="866" count="4" type="stmt"/>
        <line num="868" count="4" type="stmt"/>
        <line num="874" count="1" type="stmt"/>
        <line num="897" count="10" type="stmt"/>
        <line num="904" count="7" type="stmt"/>
        <line num="906" count="7" type="stmt"/>
        <line num="907" count="7" type="cond" truecount="1" falsecount="1"/>
        <line num="910" count="7" type="stmt"/>
        <line num="923" count="7" type="cond" truecount="2" falsecount="0"/>
        <line num="924" count="1" type="stmt"/>
        <line num="928" count="12" type="stmt"/>
        <line num="929" count="6" type="stmt"/>
        <line num="932" count="6" type="stmt"/>
        <line num="943" count="6" type="cond" truecount="2" falsecount="0"/>
        <line num="944" count="1" type="stmt"/>
        <line num="949" count="5" type="stmt"/>
        <line num="950" count="5" type="cond" truecount="1" falsecount="1"/>
        <line num="954" count="0" type="stmt"/>
        <line num="957" count="5" type="cond" truecount="1" falsecount="1"/>
        <line num="958" count="0" type="stmt"/>
        <line num="961" count="5" type="stmt"/>
        <line num="963" count="2" type="stmt"/>
        <line num="983" count="10" type="stmt"/>
        <line num="990" count="4" type="cond" truecount="3" falsecount="1"/>
        <line num="991" count="4" type="cond" truecount="2" falsecount="0"/>
        <line num="992" count="2" type="stmt"/>
        <line num="999" count="2" type="cond" truecount="2" falsecount="1"/>
        <line num="1000" count="2" type="cond" truecount="1" falsecount="1"/>
        <line num="1001" count="2" type="stmt"/>
        <line num="1004" count="2" type="stmt"/>
        <line num="1005" count="2" type="cond" truecount="1" falsecount="1"/>
        <line num="1006" count="0" type="stmt"/>
        <line num="1013" count="2" type="stmt"/>
        <line num="1015" count="2" type="stmt"/>
        <line num="1035" count="10" type="stmt"/>
        <line num="1041" count="2" type="stmt"/>
        <line num="1047" count="2" type="stmt"/>
        <line num="1049" count="2" type="stmt"/>
        <line num="1052" count="2" type="stmt"/>
        <line num="1054" count="2" type="stmt"/>
        <line num="1062" count="2" type="stmt"/>
        <line num="1063" count="4" type="stmt"/>
        <line num="1064" count="2" type="stmt"/>
        <line num="1084" count="10" type="stmt"/>
        <line num="1090" count="2" type="stmt"/>
        <line num="1092" count="2" type="stmt"/>
        <line num="1093" count="3" type="stmt"/>
        <line num="1096" count="3" type="cond" truecount="2" falsecount="0"/>
        <line num="1097" count="2" type="stmt"/>
        <line num="1099" count="1" type="stmt"/>
        <line num="1102" count="2" type="stmt"/>
        <line num="1104" count="1" type="stmt"/>
        <line num="1111" count="1" type="stmt"/>
        <line num="1117" count="10" type="stmt"/>
        <line num="1149" count="10" type="stmt"/>
        <line num="1151" count="170" type="cond" truecount="2" falsecount="0"/>
        <line num="1152" count="1" type="stmt"/>
        <line num="1155" count="169" type="cond" truecount="4" falsecount="0"/>
        <line num="1156" count="6" type="stmt"/>
        <line num="1159" count="163" type="cond" truecount="2" falsecount="0"/>
        <line num="1160" count="1" type="stmt"/>
        <line num="1164" count="162" type="stmt"/>
        <line num="1165" count="162" type="cond" truecount="2" falsecount="0"/>
        <line num="1166" count="1" type="stmt"/>
        <line num="1170" count="161" type="cond" truecount="2" falsecount="0"/>
        <line num="1171" count="141" type="cond" truecount="4" falsecount="0"/>
        <line num="1172" count="2" type="stmt"/>
        <line num="1174" count="139" type="cond" truecount="2" falsecount="0"/>
        <line num="1175" count="1" type="stmt"/>
        <line num="1179" count="158" type="cond" truecount="2" falsecount="0"/>
        <line num="1180" count="10" type="cond" truecount="4" falsecount="0"/>
        <line num="1181" count="1" type="stmt"/>
        <line num="1183" count="9" type="cond" truecount="2" falsecount="0"/>
        <line num="1184" count="1" type="stmt"/>
        <line num="1188" count="8" type="stmt"/>
        <line num="1189" count="8" type="stmt"/>
        <line num="1191" count="2" type="stmt"/>
        <line num="1196" count="154" type="cond" truecount="4" falsecount="0"/>
        <line num="1197" count="1" type="stmt"/>
        <line num="1213" count="10" type="stmt"/>
        <line num="1219" count="21" type="cond" truecount="5" falsecount="0"/>
        <line num="1220" count="9" type="stmt"/>
        <line num="1223" count="12" type="stmt"/>
        <line num="1225" count="12" type="stmt"/>
        <line num="1226" count="12" type="cond" truecount="1" falsecount="1"/>
        <line num="1229" count="12" type="stmt"/>
        <line num="1239" count="5" type="stmt"/>
        <line num="1242" count="7" type="stmt"/>
        <line num="1258" count="10" type="stmt"/>
        <line num="1264" count="17" type="cond" truecount="5" falsecount="0"/>
        <line num="1265" count="9" type="stmt"/>
        <line num="1268" count="8" type="stmt"/>
        <line num="1270" count="8" type="stmt"/>
        <line num="1271" count="8" type="cond" truecount="1" falsecount="1"/>
        <line num="1274" count="8" type="stmt"/>
        <line num="1284" count="6" type="cond" truecount="2" falsecount="0"/>
        <line num="1287" count="2" type="stmt"/>
        <line num="1300" count="10" type="stmt"/>
        <line num="1302" count="27" type="cond" truecount="4" falsecount="0"/>
        <line num="1303" count="1" type="stmt"/>
        <line num="1307" count="26" type="cond" truecount="2" falsecount="0"/>
        <line num="1308" count="1" type="stmt"/>
        <line num="1311" count="25" type="stmt"/>
        <line num="1314" count="25" type="stmt"/>
        <line num="1315" count="47" type="stmt"/>
        <line num="1318" count="47" type="cond" truecount="4" falsecount="0"/>
        <line num="1319" count="1" type="stmt"/>
        <line num="1323" count="46" type="cond" truecount="2" falsecount="0"/>
        <line num="1324" count="1" type="stmt"/>
        <line num="1328" count="45" type="stmt"/>
        <line num="1329" count="153" type="stmt"/>
        <line num="1330" count="153" type="cond" truecount="1" falsecount="1"/>
        <line num="1331" count="153" type="stmt"/>
        <line num="1332" count="153" type="stmt"/>
        <line num="1334" count="7" type="stmt"/>
        <line num="1339" count="38" type="stmt"/>
        <line num="1343" count="16" type="cond" truecount="2" falsecount="0"/>
        <line num="1344" count="1" type="stmt"/>
        <line num="1358" count="10" type="stmt"/>
        <line num="1360" count="19" type="stmt"/>
        <line num="1363" count="13" type="stmt"/>
        <line num="1364" count="20" type="stmt"/>
        <line num="1365" count="32" type="stmt"/>
        <line num="1371" count="32" type="cond" truecount="4" falsecount="0"/>
        <line num="1372" count="22" type="stmt"/>
        <line num="1375" count="32" type="cond" truecount="4" falsecount="0"/>
        <line num="1376" count="4" type="stmt"/>
        <line num="1380" count="32" type="cond" truecount="4" falsecount="0"/>
        <line num="1381" count="12" type="stmt"/>
        <line num="1384" count="32" type="stmt"/>
        <line num="1388" count="13" type="stmt"/>
        <line num="1406" count="10" type="stmt"/>
        <line num="1407" count="15" type="stmt"/>
        <line num="1409" count="9" type="stmt"/>
        <line num="1425" count="10" type="stmt"/>
        <line num="1429" count="19" type="stmt"/>
        <line num="1431" count="19" type="cond" truecount="6" falsecount="0"/>
        <line num="1432" count="9" type="stmt"/>
        <line num="1435" count="10" type="stmt"/>
        <line num="1437" count="10" type="stmt"/>
        <line num="1439" count="10" type="stmt"/>
        <line num="1440" count="15" type="cond" truecount="6" falsecount="0"/>
        <line num="1441" count="20" type="stmt"/>
        <line num="1449" count="14" type="stmt"/>
        <line num="1453" count="10" type="cond" truecount="1" falsecount="1"/>
        <line num="1454" count="0" type="stmt"/>
        <line num="1457" count="10" type="stmt"/>
        <line num="1459" count="4" type="stmt"/>
      </file>
      <file name="Max.node.ts" path="/Users/p.frankov/Documents/playground/n8n-nodes-max/nodes/Max/Max.node.ts">
        <metrics statements="114" coveredstatements="46" conditionals="96" coveredconditionals="28" methods="2" coveredmethods="2"/>
        <line num="8" count="4" type="stmt"/>
        <line num="10" count="4" type="stmt"/>
        <line num="29" count="4" type="stmt"/>
        <line num="30" count="34" type="stmt"/>
        <line num="774" count="16" type="stmt"/>
        <line num="775" count="16" type="stmt"/>
        <line num="777" count="16" type="stmt"/>
        <line num="778" count="16" type="stmt"/>
        <line num="780" count="16" type="stmt"/>
        <line num="781" count="16" type="stmt"/>
        <line num="782" count="16" type="cond" truecount="1" falsecount="1"/>
        <line num="783" count="16" type="cond" truecount="1" falsecount="1"/>
        <line num="785" count="16" type="stmt"/>
        <line num="786" count="16" type="stmt"/>
        <line num="787" count="16" type="stmt"/>
        <line num="790" count="16" type="stmt"/>
        <line num="794" count="14" type="cond" truecount="2" falsecount="0"/>
        <line num="795" count="12" type="stmt"/>
        <line num="797" count="12" type="cond" truecount="1" falsecount="1"/>
        <line num="798" count="12" type="cond" truecount="3" falsecount="1"/>
        <line num="799" count="0" type="stmt"/>
        <line num="801" count="12" type="stmt"/>
        <line num="802" count="12" type="cond" truecount="4" falsecount="0"/>
        <line num="803" count="1" type="stmt"/>
        <line num="806" count="2" type="stmt"/>
        <line num="808" count="2" type="cond" truecount="1" falsecount="1"/>
        <line num="809" count="2" type="cond" truecount="3" falsecount="1"/>
        <line num="810" count="0" type="stmt"/>
        <line num="812" count="2" type="stmt"/>
        <line num="813" count="2" type="cond" truecount="3" falsecount="1"/>
        <line num="814" count="0" type="stmt"/>
        <line num="819" count="13" type="stmt"/>
        <line num="822" count="13" type="cond" truecount="1" falsecount="1"/>
        <line num="823" count="0" type="stmt"/>
        <line num="827" count="13" type="stmt"/>
        <line num="830" count="13" type="stmt"/>
        <line num="833" count="13" type="stmt"/>
        <line num="834" count="13" type="cond" truecount="3" falsecount="3"/>
        <line num="836" count="0" type="stmt"/>
        <line num="837" count="0" type="cond" truecount="0" falsecount="2"/>
        <line num="838" count="0" type="stmt"/>
        <line num="843" count="13" type="stmt"/>
        <line num="844" count="10" type="cond" truecount="2" falsecount="0"/>
        <line num="846" count="3" type="cond" truecount="1" falsecount="1"/>
        <line num="847" count="3" type="stmt"/>
        <line num="849" count="3" type="stmt"/>
        <line num="853" count="10" type="stmt"/>
        <line num="862" count="5" type="stmt"/>
        <line num="868" count="0" type="cond" truecount="0" falsecount="2"/>
        <line num="870" count="0" type="stmt"/>
        <line num="871" count="0" type="stmt"/>
        <line num="872" count="0" type="stmt"/>
        <line num="875" count="0" type="cond" truecount="0" falsecount="4"/>
        <line num="876" count="0" type="stmt"/>
        <line num="880" count="0" type="stmt"/>
        <line num="883" count="0" type="stmt"/>
        <line num="886" count="0" type="cond" truecount="0" falsecount="2"/>
        <line num="887" count="0" type="stmt"/>
        <line num="891" count="0" type="stmt"/>
        <line num="892" count="0" type="cond" truecount="0" falsecount="2"/>
        <line num="893" count="0" type="stmt"/>
        <line num="897" count="0" type="stmt"/>
        <line num="900" count="0" type="stmt"/>
        <line num="901" count="0" type="cond" truecount="0" falsecount="2"/>
        <line num="903" count="0" type="stmt"/>
        <line num="907" count="0" type="stmt"/>
        <line num="915" count="0" type="stmt"/>
        <line num="921" count="0" type="cond" truecount="0" falsecount="2"/>
        <line num="923" count="0" type="stmt"/>
        <line num="926" count="0" type="cond" truecount="0" falsecount="4"/>
        <line num="927" count="0" type="stmt"/>
        <line num="931" count="0" type="stmt"/>
        <line num="934" count="0" type="stmt"/>
        <line num="940" count="0" type="stmt"/>
        <line num="946" count="0" type="cond" truecount="0" falsecount="2"/>
        <line num="948" count="0" type="stmt"/>
        <line num="949" count="0" type="stmt"/>
        <line num="950" count="0" type="stmt"/>
        <line num="951" count="0" type="stmt"/>
        <line num="954" count="0" type="cond" truecount="0" falsecount="4"/>
        <line num="955" count="0" type="stmt"/>
        <line num="959" count="0" type="cond" truecount="0" falsecount="4"/>
        <line num="960" count="0" type="stmt"/>
        <line num="964" count="0" type="cond" truecount="0" falsecount="4"/>
        <line num="965" count="0" type="stmt"/>
        <line num="969" count="0" type="stmt"/>
        <line num="972" count="0" type="stmt"/>
        <line num="981" count="0" type="stmt"/>
        <line num="988" count="0" type="cond" truecount="0" falsecount="2"/>
        <line num="989" count="0" type="cond" truecount="0" falsecount="2"/>
        <line num="991" count="0" type="stmt"/>
        <line num="994" count="0" type="cond" truecount="0" falsecount="4"/>
        <line num="995" count="0" type="stmt"/>
        <line num="998" count="0" type="stmt"/>
        <line num="999" count="0" type="cond" truecount="0" falsecount="4"/>
        <line num="1000" count="0" type="stmt"/>
        <line num="1004" count="0" type="stmt"/>
        <line num="1007" count="0" type="stmt"/>
        <line num="1013" count="0" type="stmt"/>
        <line num="1019" count="0" type="cond" truecount="0" falsecount="2"/>
        <line num="1021" count="0" type="stmt"/>
        <line num="1024" count="0" type="cond" truecount="0" falsecount="4"/>
        <line num="1025" count="0" type="stmt"/>
        <line num="1028" count="0" type="stmt"/>
        <line num="1029" count="0" type="cond" truecount="0" falsecount="4"/>
        <line num="1030" count="0" type="stmt"/>
        <line num="1034" count="0" type="stmt"/>
        <line num="1037" count="0" type="stmt"/>
        <line num="1043" count="0" type="stmt"/>
        <line num="1052" count="11" type="cond" truecount="2" falsecount="0"/>
        <line num="1053" count="1" type="stmt"/>
        <line num="1061" count="1" type="stmt"/>
        <line num="1063" count="10" type="stmt"/>
        <line num="1067" count="6" type="stmt"/>
      </file>
      <file name="MaxEventProcessor.ts" path="/Users/p.frankov/Documents/playground/n8n-nodes-max/nodes/Max/MaxEventProcessor.ts">
        <metrics statements="65" coveredstatements="61" conditionals="45" coveredconditionals="43" methods="9" coveredmethods="9"/>
        <line num="10" count="4" type="stmt"/>
        <line num="21" count="31" type="stmt"/>
        <line num="23" count="31" type="stmt"/>
        <line num="25" count="31" type="stmt"/>
        <line num="26" count="30" type="stmt"/>
        <line num="27" count="30" type="stmt"/>
        <line num="29" count="30" type="stmt"/>
        <line num="32" count="30" type="cond" truecount="2" falsecount="0"/>
        <line num="33" count="3" type="stmt"/>
        <line num="34" count="3" type="stmt"/>
        <line num="38" count="27" type="cond" truecount="3" falsecount="0"/>
        <line num="39" count="27" type="cond" truecount="2" falsecount="0"/>
        <line num="40" count="4" type="stmt"/>
        <line num="41" count="4" type="stmt"/>
        <line num="47" count="23" type="cond" truecount="2" falsecount="0"/>
        <line num="48" count="2" type="stmt"/>
        <line num="49" count="2" type="stmt"/>
        <line num="53" count="21" type="cond" truecount="2" falsecount="0"/>
        <line num="54" count="5" type="stmt"/>
        <line num="57" count="16" type="stmt"/>
        <line num="60" count="16" type="stmt"/>
        <line num="66" count="16" type="stmt"/>
        <line num="72" count="1" type="stmt"/>
        <line num="73" count="1" type="stmt"/>
        <line num="86" count="21" type="stmt"/>
        <line num="88" count="21" type="stmt"/>
        <line num="91" count="21" type="cond" truecount="2" falsecount="0"/>
        <line num="92" count="2" type="stmt"/>
        <line num="96" count="19" type="cond" truecount="2" falsecount="0"/>
        <line num="97" count="3" type="stmt"/>
        <line num="100" count="16" type="stmt"/>
        <line num="102" count="0" type="stmt"/>
        <line num="104" count="0" type="stmt"/>
        <line num="112" count="21" type="stmt"/>
        <line num="113" count="21" type="stmt"/>
        <line num="116" count="21" type="cond" truecount="2" falsecount="0"/>
        <line num="117" count="7" type="cond" truecount="4" falsecount="0"/>
        <line num="118" count="1" type="stmt"/>
        <line num="120" count="7" type="cond" truecount="4" falsecount="0"/>
        <line num="121" count="1" type="stmt"/>
        <line num="125" count="21" type="stmt"/>
        <line num="132" count="21" type="cond" truecount="4" falsecount="0"/>
        <line num="133" count="12" type="stmt"/>
        <line num="136" count="9" type="stmt"/>
        <line num="138" count="23" type="stmt"/>
        <line num="139" count="23" type="stmt"/>
        <line num="141" count="9" type="cond" truecount="1" falsecount="1"/>
        <line num="142" count="0" type="stmt"/>
        <line num="145" count="9" type="cond" truecount="2" falsecount="0"/>
        <line num="146" count="9" type="stmt"/>
        <line num="148" count="9" type="cond" truecount="2" falsecount="0"/>
        <line num="149" count="2" type="stmt"/>
        <line num="152" count="9" type="stmt"/>
        <line num="159" count="19" type="cond" truecount="4" falsecount="0"/>
        <line num="160" count="10" type="stmt"/>
        <line num="163" count="9" type="stmt"/>
        <line num="165" count="22" type="stmt"/>
        <line num="166" count="22" type="stmt"/>
        <line num="168" count="9" type="cond" truecount="1" falsecount="1"/>
        <line num="169" count="0" type="stmt"/>
        <line num="172" count="9" type="cond" truecount="2" falsecount="0"/>
        <line num="173" count="9" type="stmt"/>
        <line num="175" count="9" type="cond" truecount="2" falsecount="0"/>
        <line num="176" count="3" type="stmt"/>
        <line num="179" count="9" type="stmt"/>
      </file>
      <file name="MaxTrigger.node.ts" path="/Users/p.frankov/Documents/playground/n8n-nodes-max/nodes/Max/MaxTrigger.node.ts">
        <metrics statements="14" coveredstatements="8" conditionals="0" coveredconditionals="0" methods="5" coveredmethods="2"/>
        <line num="10" count="3" type="stmt"/>
        <line num="11" count="3" type="stmt"/>
        <line num="12" count="3" type="stmt"/>
        <line num="29" count="3" type="stmt"/>
        <line num="30" count="23" type="stmt"/>
        <line num="64" count="23" type="stmt"/>
        <line num="70" count="0" type="stmt"/>
        <line num="71" count="0" type="stmt"/>
        <line num="78" count="0" type="stmt"/>
        <line num="79" count="0" type="stmt"/>
        <line num="86" count="0" type="stmt"/>
        <line num="87" count="0" type="stmt"/>
        <line num="97" count="14" type="stmt"/>
        <line num="98" count="14" type="stmt"/>
      </file>
      <file name="MaxTriggerConfig.ts" path="/Users/p.frankov/Documents/playground/n8n-nodes-max/nodes/Max/MaxTriggerConfig.ts">
        <metrics statements="2" coveredstatements="2" conditionals="0" coveredconditionals="0" methods="0" coveredmethods="0"/>
        <line num="6" count="4" type="stmt"/>
        <line num="24" count="4" type="stmt"/>
      </file>
      <file name="MaxWebhookManager.ts" path="/Users/p.frankov/Documents/playground/n8n-nodes-max/nodes/Max/MaxWebhookManager.ts">
        <metrics statements="59" coveredstatements="59" conditionals="20" coveredconditionals="17" methods="11" coveredmethods="11"/>
        <line num="10" count="4" type="stmt"/>
        <line num="11" count="22" type="stmt"/>
        <line num="23" count="5" type="stmt"/>
        <line num="25" count="5" type="stmt"/>
        <line num="26" count="5" type="stmt"/>
        <line num="28" count="5" type="stmt"/>
        <line num="30" count="5" type="stmt"/>
        <line num="32" count="4" type="cond" truecount="3" falsecount="1"/>
        <line num="33" count="4" type="stmt"/>
        <line num="34" count="2" type="stmt"/>
        <line num="37" count="4" type="cond" truecount="2" falsecount="0"/>
        <line num="38" count="1" type="stmt"/>
        <line num="39" count="1" type="stmt"/>
        <line num="42" count="3" type="stmt"/>
        <line num="47" count="3" type="stmt"/>
        <line num="49" count="1" type="stmt"/>
        <line num="50" count="1" type="stmt"/>
        <line num="65" count="3" type="stmt"/>
        <line num="67" count="3" type="stmt"/>
        <line num="68" count="3" type="stmt"/>
        <line num="70" count="3" type="stmt"/>
        <line num="73" count="3" type="stmt"/>
        <line num="75" count="3" type="cond" truecount="3" falsecount="1"/>
        <line num="76" count="3" type="stmt"/>
        <line num="77" count="1" type="stmt"/>
        <line num="80" count="3" type="cond" truecount="2" falsecount="0"/>
        <line num="81" count="1" type="stmt"/>
        <line num="82" count="1" type="stmt"/>
        <line num="85" count="2" type="stmt"/>
        <line num="91" count="2" type="stmt"/>
        <line num="93" count="1" type="stmt"/>
        <line num="94" count="1" type="stmt"/>
        <line num="96" count="1" type="stmt"/>
        <line num="97" count="1" type="stmt"/>
        <line num="110" count="3" type="stmt"/>
        <line num="112" count="3" type="stmt"/>
        <line num="113" count="3" type="stmt"/>
        <line num="115" count="3" type="stmt"/>
        <line num="118" count="3" type="stmt"/>
        <line num="120" count="2" type="cond" truecount="3" falsecount="1"/>
        <line num="122" count="2" type="stmt"/>
        <line num="123" count="2" type="stmt"/>
        <line num="126" count="2" type="cond" truecount="2" falsecount="0"/>
        <line num="127" count="1" type="stmt"/>
        <line num="128" count="1" type="stmt"/>
        <line num="130" count="1" type="stmt"/>
        <line num="134" count="2" type="stmt"/>
        <line num="136" count="1" type="stmt"/>
        <line num="137" count="1" type="stmt"/>
        <line num="145" count="11" type="stmt"/>
        <line num="146" count="11" type="cond" truecount="2" falsecount="0"/>
        <line num="147" count="11" type="stmt"/>
        <line num="148" count="11" type="stmt"/>
        <line num="150" count="11" type="stmt"/>
        <line num="165" count="11" type="stmt"/>
        <line num="167" count="11" type="stmt"/>
        <line num="187" count="2" type="stmt"/>
        <line num="192" count="2" type="stmt"/>
        <line num="215" count="1" type="stmt"/>
      </file>
    </package>
  </project>
</coverage>
