{"/Users/p.frankov/Documents/playground/n8n-nodes-max/credentials/MaxApi.credentials.ts": {"path":"/Users/p.frankov/Documents/playground/n8n-nodes-max/credentials/MaxApi.credentials.ts","statementMap":{"0":{"start":{"line":13,"column":4},"end":{"line":13,"column":20}},"1":{"start":{"line":16,"column":4},"end":{"line":16,"column":28}},"2":{"start":{"line":19,"column":4},"end":{"line":19,"column":32}},"3":{"start":{"line":22,"column":4},"end":{"line":22,"column":81}},"4":{"start":{"line":28,"column":4},"end":{"line":45,"column":6}},"5":{"start":{"line":51,"column":4},"end":{"line":59,"column":6}},"6":{"start":{"line":11,"column":0},"end":{"line":11,"column":13}}},"fnMap":{"0":{"name":"(anonymous_0)","decl":{"start":{"line":11,"column":0},"end":{"line":11,"column":13}},"loc":{"start":{"line":11,"column":0},"end":{"line":60,"column":1}}}},"branchMap":{},"s":{"0":11,"1":11,"2":11,"3":11,"4":11,"5":11,"6":1},"f":{"0":11},"b":{}}
,"/Users/p.frankov/Documents/playground/n8n-nodes-max/nodes/Max/GenericFunctions.ts": {"path":"/Users/p.frankov/Documents/playground/n8n-nodes-max/nodes/Max/GenericFunctions.ts","statementMap":{"0":{"start":{"line":56,"column":0},"end":{"line":56,"column":7}},"1":{"start":{"line":93,"column":0},"end":{"line":93,"column":7}},"2":{"start":{"line":135,"column":0},"end":{"line":135,"column":7}},"3":{"start":{"line":230,"column":0},"end":{"line":230,"column":7}},"4":{"start":{"line":279,"column":0},"end":{"line":279,"column":7}},"5":{"start":{"line":361,"column":0},"end":{"line":361,"column":16}},"6":{"start":{"line":405,"column":0},"end":{"line":405,"column":16}},"7":{"start":{"line":431,"column":0},"end":{"line":431,"column":16}},"8":{"start":{"line":494,"column":0},"end":{"line":494,"column":16}},"9":{"start":{"line":540,"column":0},"end":{"line":540,"column":7}},"10":{"start":{"line":615,"column":0},"end":{"line":615,"column":16}},"11":{"start":{"line":765,"column":0},"end":{"line":765,"column":16}},"12":{"start":{"line":834,"column":0},"end":{"line":834,"column":7}},"13":{"start":{"line":897,"column":0},"end":{"line":897,"column":7}},"14":{"start":{"line":983,"column":0},"end":{"line":983,"column":7}},"15":{"start":{"line":1035,"column":0},"end":{"line":1035,"column":7}},"16":{"start":{"line":1084,"column":0},"end":{"line":1084,"column":7}},"17":{"start":{"line":1149,"column":0},"end":{"line":1149,"column":16}},"18":{"start":{"line":1213,"column":0},"end":{"line":1213,"column":7}},"19":{"start":{"line":1258,"column":0},"end":{"line":1258,"column":7}},"20":{"start":{"line":1300,"column":0},"end":{"line":1300,"column":16}},"21":{"start":{"line":1358,"column":0},"end":{"line":1358,"column":16}},"22":{"start":{"line":1406,"column":0},"end":{"line":1406,"column":16}},"23":{"start":{"line":1425,"column":0},"end":{"line":1425,"column":16}},"24":{"start":{"line":7,"column":0},"end":{"line":7,"column":64}},"25":{"start":{"line":8,"column":0},"end":{"line":8,"column":42}},"26":{"start":{"line":9,"column":0},"end":{"line":9,"column":36}},"27":{"start":{"line":10,"column":0},"end":{"line":10,"column":28}},"28":{"start":{"line":11,"column":0},"end":{"line":11,"column":28}},"29":{"start":{"line":19,"column":0},"end":{"line":19,"column":null}},"30":{"start":{"line":20,"column":1},"end":{"line":20,"column":null}},"31":{"start":{"line":21,"column":1},"end":{"line":21,"column":null}},"32":{"start":{"line":22,"column":1},"end":{"line":22,"column":null}},"33":{"start":{"line":23,"column":1},"end":{"line":23,"column":null}},"34":{"start":{"line":24,"column":1},"end":{"line":24,"column":null}},"35":{"start":{"line":25,"column":1},"end":{"line":25,"column":null}},"36":{"start":{"line":59,"column":21},"end":{"line":59,"column":56}},"37":{"start":{"line":61,"column":1},"end":{"line":65,"column":2}},"38":{"start":{"line":62,"column":2},"end":{"line":64,"column":19}},"39":{"start":{"line":68,"column":16},"end":{"line":72,"column":14}},"40":{"start":{"line":74,"column":1},"end":{"line":74,"column":69}},"41":{"start":{"line":102,"column":1},"end":{"line":102,"column":88}},"42":{"start":{"line":104,"column":1},"end":{"line":117,"column":2}},"43":{"start":{"line":107,"column":2},"end":{"line":111,"column":3}},"44":{"start":{"line":108,"column":3},"end":{"line":108,"column":72}},"45":{"start":{"line":110,"column":3},"end":{"line":110,"column":72}},"46":{"start":{"line":113,"column":2},"end":{"line":113,"column":16}},"47":{"start":{"line":116,"column":2},"end":{"line":116,"column":87}},"48":{"start":{"line":143,"column":1},"end":{"line":145,"column":2}},"49":{"start":{"line":144,"column":2},"end":{"line":144,"column":64}},"50":{"start":{"line":148,"column":1},"end":{"line":150,"column":2}},"51":{"start":{"line":149,"column":2},"end":{"line":149,"column":67}},"52":{"start":{"line":152,"column":1},"end":{"line":154,"column":2}},"53":{"start":{"line":153,"column":2},"end":{"line":153,"column":50}},"54":{"start":{"line":157,"column":1},"end":{"line":157,"column":58}},"55":{"start":{"line":160,"column":16},"end":{"line":160,"column":43}},"56":{"start":{"line":161,"column":1},"end":{"line":168,"column":2}},"57":{"start":{"line":163,"column":19},"end":{"line":163,"column":61}},"58":{"start":{"line":164,"column":20},"end":{"line":164,"column":59}},"59":{"start":{"line":165,"column":2},"end":{"line":167,"column":3}},"60":{"start":{"line":166,"column":3},"end":{"line":166,"column":110}},"61":{"start":{"line":170,"column":1},"end":{"line":185,"column":2}},"62":{"start":{"line":172,"column":20},"end":{"line":172,"column":52}},"63":{"start":{"line":173,"column":22},"end":{"line":173,"column":53}},"64":{"start":{"line":174,"column":20},"end":{"line":174,"column":51}},"65":{"start":{"line":176,"column":2},"end":{"line":178,"column":3}},"66":{"start":{"line":177,"column":3},"end":{"line":177,"column":117}},"67":{"start":{"line":179,"column":2},"end":{"line":181,"column":3}},"68":{"start":{"line":180,"column":3},"end":{"line":180,"column":121}},"69":{"start":{"line":182,"column":2},"end":{"line":184,"column":3}},"70":{"start":{"line":183,"column":3},"end":{"line":183,"column":120}},"71":{"start":{"line":187,"column":1},"end":{"line":214,"column":2}},"72":{"start":{"line":189,"column":22},"end":{"line":189,"column":57}},"73":{"start":{"line":190,"column":18},"end":{"line":190,"column":67}},"74":{"start":{"line":193,"column":35},"end":{"line":196,"column":4}},"75":{"start":{"line":199,"column":17},"end":{"line":208,"column":4}},"76":{"start":{"line":210,"column":2},"end":{"line":210,"column":16}},"77":{"start":{"line":213,"column":2},"end":{"line":213,"column":67}},"78":{"start":{"line":236,"column":1},"end":{"line":238,"column":2}},"79":{"start":{"line":237,"column":2},"end":{"line":237,"column":64}},"80":{"start":{"line":240,"column":1},"end":{"line":260,"column":2}},"81":{"start":{"line":242,"column":22},"end":{"line":242,"column":57}},"82":{"start":{"line":243,"column":18},"end":{"line":243,"column":67}},"83":{"start":{"line":246,"column":17},"end":{"line":254,"column":4}},"84":{"start":{"line":256,"column":2},"end":{"line":256,"column":60}},"85":{"start":{"line":259,"column":2},"end":{"line":259,"column":69}},"86":{"start":{"line":288,"column":1},"end":{"line":290,"column":2}},"87":{"start":{"line":289,"column":2},"end":{"line":289,"column":71}},"88":{"start":{"line":293,"column":1},"end":{"line":295,"column":2}},"89":{"start":{"line":294,"column":2},"end":{"line":294,"column":64}},"90":{"start":{"line":298,"column":1},"end":{"line":300,"column":2}},"91":{"start":{"line":299,"column":2},"end":{"line":299,"column":67}},"92":{"start":{"line":302,"column":1},"end":{"line":347,"column":2}},"93":{"start":{"line":304,"column":22},"end":{"line":304,"column":57}},"94":{"start":{"line":305,"column":18},"end":{"line":305,"column":67}},"95":{"start":{"line":308,"column":35},"end":{"line":310,"column":4}},"96":{"start":{"line":313,"column":2},"end":{"line":315,"column":3}},"97":{"start":{"line":314,"column":3},"end":{"line":314,"column":37}},"98":{"start":{"line":317,"column":2},"end":{"line":319,"column":3}},"99":{"start":{"line":318,"column":3},"end":{"line":318,"column":41}},"100":{"start":{"line":321,"column":2},"end":{"line":323,"column":3}},"101":{"start":{"line":322,"column":3},"end":{"line":322,"column":41}},"102":{"start":{"line":326,"column":17},"end":{"line":335,"column":4}},"103":{"start":{"line":337,"column":2},"end":{"line":343,"column":4}},"104":{"start":{"line":346,"column":2},"end":{"line":346,"column":76}},"105":{"start":{"line":363,"column":1},"end":{"line":365,"column":2}},"106":{"start":{"line":364,"column":2},"end":{"line":364,"column":64}},"107":{"start":{"line":368,"column":1},"end":{"line":380,"column":2}},"108":{"start":{"line":370,"column":22},"end":{"line":370,"column":62}},"109":{"start":{"line":371,"column":23},"end":{"line":371,"column":60}},"110":{"start":{"line":374,"column":2},"end":{"line":379,"column":3}},"111":{"start":{"line":375,"column":19},"end":{"line":375,"column":42}},"112":{"start":{"line":376,"column":3},"end":{"line":378,"column":4}},"113":{"start":{"line":377,"column":4},"end":{"line":377,"column":79}},"114":{"start":{"line":383,"column":1},"end":{"line":390,"column":2}},"115":{"start":{"line":386,"column":30},"end":{"line":386,"column":62}},"116":{"start":{"line":387,"column":2},"end":{"line":389,"column":3}},"117":{"start":{"line":388,"column":3},"end":{"line":388,"column":136}},"118":{"start":{"line":392,"column":1},"end":{"line":392,"column":13}},"119":{"start":{"line":410,"column":26},"end":{"line":410,"column":93}},"120":{"start":{"line":413,"column":1},"end":{"line":415,"column":2}},"121":{"start":{"line":414,"column":2},"end":{"line":414,"column":74}},"122":{"start":{"line":417,"column":1},"end":{"line":419,"column":2}},"123":{"start":{"line":418,"column":2},"end":{"line":418,"column":46}},"124":{"start":{"line":433,"column":1},"end":{"line":439,"column":2}},"125":{"start":{"line":438,"column":2},"end":{"line":438,"column":41}},"126":{"start":{"line":442,"column":1},"end":{"line":447,"column":2}},"127":{"start":{"line":446,"column":2},"end":{"line":446,"column":37}},"128":{"start":{"line":450,"column":1},"end":{"line":456,"column":2}},"129":{"start":{"line":455,"column":2},"end":{"line":455,"column":37}},"130":{"start":{"line":459,"column":1},"end":{"line":470,"column":2}},"131":{"start":{"line":469,"column":2},"end":{"line":469,"column":41}},"132":{"start":{"line":473,"column":1},"end":{"line":479,"column":2}},"133":{"start":{"line":478,"column":2},"end":{"line":478,"column":34}},"134":{"start":{"line":481,"column":1},"end":{"line":481,"column":33}},"135":{"start":{"line":495,"column":21},"end":{"line":495,"column":86}},"136":{"start":{"line":497,"column":1},"end":{"line":523,"column":2}},"137":{"start":{"line":499,"column":3},"end":{"line":499,"column":249}},"138":{"start":{"line":502,"column":22},"end":{"line":502,"column":51}},"139":{"start":{"line":503,"column":24},"end":{"line":503,"column":124}},"140":{"start":{"line":504,"column":3},"end":{"line":504,"column":188}},"141":{"start":{"line":507,"column":3},"end":{"line":507,"column":229}},"142":{"start":{"line":510,"column":3},"end":{"line":512,"column":4}},"143":{"start":{"line":511,"column":4},"end":{"line":511,"column":208}},"144":{"start":{"line":513,"column":3},"end":{"line":515,"column":4}},"145":{"start":{"line":514,"column":4},"end":{"line":514,"column":183}},"146":{"start":{"line":516,"column":3},"end":{"line":516,"column":220}},"147":{"start":{"line":519,"column":3},"end":{"line":519,"column":198}},"148":{"start":{"line":522,"column":3},"end":{"line":522,"column":184}},"149":{"start":{"line":547,"column":29},"end":{"line":554,"column":3}},"150":{"start":{"line":556,"column":18},"end":{"line":556,"column":46}},"151":{"start":{"line":557,"column":21},"end":{"line":557,"column":71}},"152":{"start":{"line":560,"column":1},"end":{"line":572,"column":2}},"153":{"start":{"line":561,"column":21},"end":{"line":561,"column":80}},"154":{"start":{"line":564,"column":2},"end":{"line":571,"column":19}},"155":{"start":{"line":575,"column":1},"end":{"line":583,"column":2}},"156":{"start":{"line":576,"column":2},"end":{"line":582,"column":19}},"157":{"start":{"line":586,"column":1},"end":{"line":590,"column":2}},"158":{"start":{"line":587,"column":2},"end":{"line":589,"column":5}},"159":{"start":{"line":593,"column":1},"end":{"line":600,"column":18}},"160":{"start":{"line":622,"column":1},"end":{"line":624,"column":2}},"161":{"start":{"line":623,"column":2},"end":{"line":623,"column":76}},"162":{"start":{"line":627,"column":1},"end":{"line":629,"column":2}},"163":{"start":{"line":628,"column":2},"end":{"line":628,"column":67}},"164":{"start":{"line":631,"column":1},"end":{"line":633,"column":2}},"165":{"start":{"line":632,"column":2},"end":{"line":632,"column":50}},"166":{"start":{"line":636,"column":1},"end":{"line":636,"column":37}},"167":{"start":{"line":639,"column":1},"end":{"line":646,"column":2}},"168":{"start":{"line":641,"column":19},"end":{"line":641,"column":61}},"169":{"start":{"line":642,"column":20},"end":{"line":642,"column":59}},"170":{"start":{"line":643,"column":2},"end":{"line":645,"column":3}},"171":{"start":{"line":644,"column":3},"end":{"line":644,"column":110}},"172":{"start":{"line":648,"column":1},"end":{"line":663,"column":2}},"173":{"start":{"line":650,"column":20},"end":{"line":650,"column":52}},"174":{"start":{"line":651,"column":22},"end":{"line":651,"column":53}},"175":{"start":{"line":652,"column":20},"end":{"line":652,"column":51}},"176":{"start":{"line":654,"column":2},"end":{"line":656,"column":3}},"177":{"start":{"line":655,"column":3},"end":{"line":655,"column":117}},"178":{"start":{"line":657,"column":2},"end":{"line":659,"column":3}},"179":{"start":{"line":658,"column":3},"end":{"line":658,"column":121}},"180":{"start":{"line":660,"column":2},"end":{"line":662,"column":3}},"181":{"start":{"line":661,"column":3},"end":{"line":661,"column":120}},"182":{"start":{"line":737,"column":25},"end":{"line":742,"column":2}},"183":{"start":{"line":747,"column":29},"end":{"line":752,"column":2}},"184":{"start":{"line":771,"column":1},"end":{"line":773,"column":2}},"185":{"start":{"line":772,"column":2},"end":{"line":772,"column":65}},"186":{"start":{"line":776,"column":1},"end":{"line":778,"column":2}},"187":{"start":{"line":777,"column":2},"end":{"line":777,"column":65}},"188":{"start":{"line":781,"column":1},"end":{"line":783,"column":2}},"189":{"start":{"line":782,"column":2},"end":{"line":782,"column":76}},"190":{"start":{"line":786,"column":1},"end":{"line":797,"column":2}},"191":{"start":{"line":787,"column":2},"end":{"line":789,"column":3}},"192":{"start":{"line":788,"column":3},"end":{"line":788,"column":62}},"193":{"start":{"line":792,"column":2},"end":{"line":796,"column":3}},"194":{"start":{"line":793,"column":3},"end":{"line":793,"column":27}},"195":{"start":{"line":795,"column":3},"end":{"line":795,"column":58}},"196":{"start":{"line":800,"column":1},"end":{"line":807,"column":2}},"197":{"start":{"line":801,"column":18},"end":{"line":801,"column":47}},"198":{"start":{"line":802,"column":2},"end":{"line":806,"column":3}},"199":{"start":{"line":803,"column":3},"end":{"line":805,"column":5}},"200":{"start":{"line":810,"column":1},"end":{"line":819,"column":2}},"201":{"start":{"line":811,"column":20},"end":{"line":811,"column":79}},"202":{"start":{"line":812,"column":24},"end":{"line":812,"column":57}},"203":{"start":{"line":814,"column":2},"end":{"line":818,"column":3}},"204":{"start":{"line":815,"column":3},"end":{"line":817,"column":5}},"205":{"start":{"line":839,"column":1},"end":{"line":878,"column":2}},"206":{"start":{"line":840,"column":19},"end":{"line":845,"column":4}},"207":{"start":{"line":847,"column":2},"end":{"line":849,"column":3}},"208":{"start":{"line":848,"column":3},"end":{"line":848,"column":75}},"209":{"start":{"line":852,"column":2},"end":{"line":855,"column":3}},"210":{"start":{"line":853,"column":19},"end":{"line":853,"column":40}},"211":{"start":{"line":854,"column":3},"end":{"line":854,"column":88}},"212":{"start":{"line":858,"column":18},"end":{"line":858,"column":26}},"213":{"start":{"line":859,"column":19},"end":{"line":859,"column":74}},"214":{"start":{"line":862,"column":21},"end":{"line":862,"column":67}},"215":{"start":{"line":865,"column":13},"end":{"line":865,"column":31}},"216":{"start":{"line":866,"column":2},"end":{"line":866,"column":52}},"217":{"start":{"line":868,"column":2},"end":{"line":872,"column":4}},"218":{"start":{"line":874,"column":2},"end":{"line":877,"column":4}},"219":{"start":{"line":904,"column":1},"end":{"line":967,"column":2}},"220":{"start":{"line":906,"column":22},"end":{"line":906,"column":57}},"221":{"start":{"line":907,"column":18},"end":{"line":907,"column":67}},"222":{"start":{"line":910,"column":28},"end":{"line":921,"column":4}},"223":{"start":{"line":923,"column":2},"end":{"line":925,"column":3}},"224":{"start":{"line":924,"column":3},"end":{"line":924,"column":60}},"225":{"start":{"line":928,"column":13},"end":{"line":928,"column":31}},"226":{"start":{"line":929,"column":21},"end":{"line":929,"column":57}},"227":{"start":{"line":932,"column":25},"end":{"line":941,"column":4}},"228":{"start":{"line":943,"column":2},"end":{"line":945,"column":3}},"229":{"start":{"line":944,"column":3},"end":{"line":944,"column":76}},"230":{"start":{"line":949,"column":2},"end":{"line":955,"column":3}},"231":{"start":{"line":950,"column":3},"end":{"line":952,"column":26}},"232":{"start":{"line":954,"column":3},"end":{"line":954,"column":63}},"233":{"start":{"line":957,"column":2},"end":{"line":959,"column":3}},"234":{"start":{"line":958,"column":3},"end":{"line":958,"column":66}},"235":{"start":{"line":961,"column":2},"end":{"line":961,"column":28}},"236":{"start":{"line":963,"column":2},"end":{"line":966,"column":4}},"237":{"start":{"line":990,"column":20},"end":{"line":990,"column":57}},"238":{"start":{"line":991,"column":1},"end":{"line":996,"column":2}},"239":{"start":{"line":992,"column":2},"end":{"line":995,"column":4}},"240":{"start":{"line":999,"column":18},"end":{"line":999,"column":82}},"241":{"start":{"line":1000,"column":18},"end":{"line":1000,"column":115}},"242":{"start":{"line":1001,"column":1},"end":{"line":1001,"column":48}},"243":{"start":{"line":1004,"column":18},"end":{"line":1004,"column":31}},"244":{"start":{"line":1005,"column":1},"end":{"line":1010,"column":2}},"245":{"start":{"line":1006,"column":2},"end":{"line":1009,"column":4}},"246":{"start":{"line":1013,"column":15},"end":{"line":1013,"column":85}},"247":{"start":{"line":1015,"column":1},"end":{"line":1020,"column":3}},"248":{"start":{"line":1041,"column":42},"end":{"line":1044,"column":null}},"249":{"start":{"line":1047,"column":1},"end":{"line":1068,"column":2}},"250":{"start":{"line":1049,"column":2},"end":{"line":1049,"column":49}},"251":{"start":{"line":1052,"column":16},"end":{"line":1052,"column":86}},"252":{"start":{"line":1054,"column":2},"end":{"line":1059,"column":4}},"253":{"start":{"line":1062,"column":2},"end":{"line":1067,"column":3}},"254":{"start":{"line":1063,"column":14},"end":{"line":1063,"column":32}},"255":{"start":{"line":1064,"column":3},"end":{"line":1064,"column":38}},"256":{"start":{"line":1090,"column":39},"end":{"line":1090,"column":41}},"257":{"start":{"line":1092,"column":1},"end":{"line":1109,"column":2}},"258":{"start":{"line":1093,"column":2},"end":{"line":1108,"column":3}},"259":{"start":{"line":1096,"column":3},"end":{"line":1100,"column":4}},"260":{"start":{"line":1097,"column":4},"end":{"line":1097,"column":77}},"261":{"start":{"line":1099,"column":4},"end":{"line":1099,"column":68}},"262":{"start":{"line":1102,"column":3},"end":{"line":1102,"column":32}},"263":{"start":{"line":1104,"column":3},"end":{"line":1107,"column":5}},"264":{"start":{"line":1111,"column":1},"end":{"line":1111,"column":20}},"265":{"start":{"line":1117,"column":24},"end":{"line":1124,"column":2}},"266":{"start":{"line":1151,"column":1},"end":{"line":1153,"column":2}},"267":{"start":{"line":1152,"column":2},"end":{"line":1152,"column":66}},"268":{"start":{"line":1155,"column":1},"end":{"line":1157,"column":2}},"269":{"start":{"line":1156,"column":2},"end":{"line":1156,"column":49}},"270":{"start":{"line":1159,"column":1},"end":{"line":1161,"column":2}},"271":{"start":{"line":1160,"column":2},"end":{"line":1160,"column":100}},"272":{"start":{"line":1164,"column":20},"end":{"line":1164,"column":83}},"273":{"start":{"line":1165,"column":1},"end":{"line":1167,"column":2}},"274":{"start":{"line":1166,"column":2},"end":{"line":1166,"column":96}},"275":{"start":{"line":1170,"column":1},"end":{"line":1177,"column":2}},"276":{"start":{"line":1171,"column":2},"end":{"line":1173,"column":3}},"277":{"start":{"line":1172,"column":3},"end":{"line":1172,"column":66}},"278":{"start":{"line":1174,"column":2},"end":{"line":1176,"column":3}},"279":{"start":{"line":1175,"column":3},"end":{"line":1175,"column":108}},"280":{"start":{"line":1179,"column":1},"end":{"line":1193,"column":2}},"281":{"start":{"line":1180,"column":2},"end":{"line":1182,"column":3}},"282":{"start":{"line":1181,"column":3},"end":{"line":1181,"column":58}},"283":{"start":{"line":1183,"column":2},"end":{"line":1185,"column":3}},"284":{"start":{"line":1184,"column":3},"end":{"line":1184,"column":92}},"285":{"start":{"line":1188,"column":2},"end":{"line":1192,"column":3}},"286":{"start":{"line":1189,"column":3},"end":{"line":1189,"column":23}},"287":{"start":{"line":1191,"column":3},"end":{"line":1191,"column":56}},"288":{"start":{"line":1196,"column":1},"end":{"line":1198,"column":2}},"289":{"start":{"line":1197,"column":2},"end":{"line":1197,"column":105}},"290":{"start":{"line":1219,"column":1},"end":{"line":1221,"column":2}},"291":{"start":{"line":1220,"column":2},"end":{"line":1220,"column":71}},"292":{"start":{"line":1223,"column":1},"end":{"line":1243,"column":2}},"293":{"start":{"line":1225,"column":22},"end":{"line":1225,"column":57}},"294":{"start":{"line":1226,"column":18},"end":{"line":1226,"column":67}},"295":{"start":{"line":1229,"column":17},"end":{"line":1237,"column":4}},"296":{"start":{"line":1239,"column":2},"end":{"line":1239,"column":16}},"297":{"start":{"line":1242,"column":2},"end":{"line":1242,"column":68}},"298":{"start":{"line":1264,"column":1},"end":{"line":1266,"column":2}},"299":{"start":{"line":1265,"column":2},"end":{"line":1265,"column":71}},"300":{"start":{"line":1268,"column":1},"end":{"line":1288,"column":2}},"301":{"start":{"line":1270,"column":22},"end":{"line":1270,"column":57}},"302":{"start":{"line":1271,"column":18},"end":{"line":1271,"column":67}},"303":{"start":{"line":1274,"column":17},"end":{"line":1282,"column":4}},"304":{"start":{"line":1284,"column":2},"end":{"line":1284,"column":93}},"305":{"start":{"line":1287,"column":2},"end":{"line":1287,"column":65}},"306":{"start":{"line":1302,"column":1},"end":{"line":1304,"column":2}},"307":{"start":{"line":1303,"column":2},"end":{"line":1303,"column":68}},"308":{"start":{"line":1307,"column":1},"end":{"line":1309,"column":2}},"309":{"start":{"line":1308,"column":2},"end":{"line":1308,"column":85}},"310":{"start":{"line":1311,"column":20},"end":{"line":1311,"column":21}},"311":{"start":{"line":1314,"column":1},"end":{"line":1340,"column":2}},"312":{"start":{"line":1314,"column":21},"end":{"line":1314,"column":22}},"313":{"start":{"line":1315,"column":14},"end":{"line":1315,"column":31}},"314":{"start":{"line":1318,"column":2},"end":{"line":1320,"column":3}},"315":{"start":{"line":1319,"column":3},"end":{"line":1319,"column":58}},"316":{"start":{"line":1323,"column":2},"end":{"line":1325,"column":3}},"317":{"start":{"line":1324,"column":3},"end":{"line":1324,"column":111}},"318":{"start":{"line":1328,"column":2},"end":{"line":1337,"column":3}},"319":{"start":{"line":1328,"column":25},"end":{"line":1328,"column":26}},"320":{"start":{"line":1329,"column":18},"end":{"line":1329,"column":34}},"321":{"start":{"line":1330,"column":3},"end":{"line":1336,"column":4}},"322":{"start":{"line":1331,"column":4},"end":{"line":1335,"column":5}},"323":{"start":{"line":1332,"column":5},"end":{"line":1332,"column":36}},"324":{"start":{"line":1334,"column":5},"end":{"line":1334,"column":89}},"325":{"start":{"line":1339,"column":2},"end":{"line":1339,"column":29}},"326":{"start":{"line":1343,"column":1},"end":{"line":1345,"column":2}},"327":{"start":{"line":1344,"column":2},"end":{"line":1344,"column":103}},"328":{"start":{"line":1360,"column":1},"end":{"line":1360,"column":33}},"329":{"start":{"line":1363,"column":50},"end":{"line":1385,"column":null}},"330":{"start":{"line":1364,"column":2},"end":{"line":1385,"column":4}},"331":{"start":{"line":1365,"column":41},"end":{"line":1368,"column":5}},"332":{"start":{"line":1371,"column":3},"end":{"line":1373,"column":4}},"333":{"start":{"line":1372,"column":4},"end":{"line":1372,"column":39}},"334":{"start":{"line":1375,"column":3},"end":{"line":1377,"column":4}},"335":{"start":{"line":1376,"column":4},"end":{"line":1376,"column":31}},"336":{"start":{"line":1380,"column":3},"end":{"line":1382,"column":4}},"337":{"start":{"line":1381,"column":4},"end":{"line":1381,"column":37}},"338":{"start":{"line":1384,"column":3},"end":{"line":1384,"column":20}},"339":{"start":{"line":1388,"column":1},"end":{"line":1393,"column":3}},"340":{"start":{"line":1407,"column":18},"end":{"line":1407,"column":47}},"341":{"start":{"line":1409,"column":1},"end":{"line":1412,"column":3}},"342":{"start":{"line":1429,"column":22},"end":{"line":1429,"column":87}},"343":{"start":{"line":1431,"column":1},"end":{"line":1433,"column":2}},"344":{"start":{"line":1432,"column":2},"end":{"line":1432,"column":14}},"345":{"start":{"line":1435,"column":1},"end":{"line":1463,"column":2}},"346":{"start":{"line":1437,"column":40},"end":{"line":1437,"column":42}},"347":{"start":{"line":1439,"column":2},"end":{"line":1451,"column":3}},"348":{"start":{"line":1440,"column":3},"end":{"line":1450,"column":4}},"349":{"start":{"line":1441,"column":33},"end":{"line":1447,"column":7}},"350":{"start":{"line":1441,"column":78},"end":{"line":1447,"column":6}},"351":{"start":{"line":1449,"column":4},"end":{"line":1449,"column":25}},"352":{"start":{"line":1453,"column":2},"end":{"line":1455,"column":3}},"353":{"start":{"line":1454,"column":3},"end":{"line":1454,"column":15}},"354":{"start":{"line":1457,"column":2},"end":{"line":1457,"column":52}},"355":{"start":{"line":1459,"column":2},"end":{"line":1462,"column":4}}},"fnMap":{"0":{"name":"(anonymous_9)","decl":{"start":{"line":19,"column":0},"end":{"line":19,"column":12}},"loc":{"start":{"line":19,"column":28},"end":{"line":26,"column":1}}},"1":{"name":"createMaxBotInstance","decl":{"start":{"line":56,"column":22},"end":{"line":56,"column":42}},"loc":{"start":{"line":56,"column":42},"end":{"line":75,"column":1}}},"2":{"name":"sendMessage","decl":{"start":{"line":93,"column":22},"end":{"line":93,"column":33}},"loc":{"start":{"line":99,"column":26},"end":{"line":118,"column":1}}},"3":{"name":"editMessage","decl":{"start":{"line":135,"column":22},"end":{"line":135,"column":33}},"loc":{"start":{"line":140,"column":26},"end":{"line":215,"column":1}}},"4":{"name":"deleteMessage","decl":{"start":{"line":230,"column":22},"end":{"line":230,"column":35}},"loc":{"start":{"line":233,"column":18},"end":{"line":261,"column":1}}},"5":{"name":"answerCallbackQuery","decl":{"start":{"line":279,"column":22},"end":{"line":279,"column":41}},"loc":{"start":{"line":285,"column":19},"end":{"line":348,"column":1}}},"6":{"name":"validateAndFormatText","decl":{"start":{"line":361,"column":16},"end":{"line":361,"column":37}},"loc":{"start":{"line":361,"column":67},"end":{"line":393,"column":1}}},"7":{"name":"addAdditionalFields","decl":{"start":{"line":405,"column":16},"end":{"line":405,"column":35}},"loc":{"start":{"line":408,"column":14},"end":{"line":420,"column":1}}},"8":{"name":"categorizeMaxError","decl":{"start":{"line":431,"column":16},"end":{"line":431,"column":34}},"loc":{"start":{"line":431,"column":51},"end":{"line":482,"column":1}}},"9":{"name":"createUserFriendlyErrorMessage","decl":{"start":{"line":494,"column":16},"end":{"line":494,"column":46}},"loc":{"start":{"line":494,"column":91},"end":{"line":524,"column":1}}},"10":{"name":"handleMaxApiError","decl":{"start":{"line":540,"column":22},"end":{"line":540,"column":39}},"loc":{"start":{"line":545,"column":23},"end":{"line":601,"column":1}}},"11":{"name":"validateInputParameters","decl":{"start":{"line":615,"column":16},"end":{"line":615,"column":39}},"loc":{"start":{"line":619,"column":16},"end":{"line":664,"column":1}}},"12":{"name":"validateAttachment","decl":{"start":{"line":765,"column":16},"end":{"line":765,"column":34}},"loc":{"start":{"line":768,"column":18},"end":{"line":820,"column":1}}},"13":{"name":"downloadFileFromUrl","decl":{"start":{"line":834,"column":22},"end":{"line":834,"column":41}},"loc":{"start":{"line":837,"column":18},"end":{"line":879,"column":1}}},"14":{"name":"(anonymous_23)","decl":{"start":{"line":865,"column":13},"end":{"line":865,"column":26}},"loc":{"start":{"line":865,"column":13},"end":{"line":865,"column":31}}},"15":{"name":"uploadFileToMax","decl":{"start":{"line":897,"column":22},"end":{"line":897,"column":37}},"loc":{"start":{"line":902,"column":23},"end":{"line":968,"column":1}}},"16":{"name":"(anonymous_25)","decl":{"start":{"line":928,"column":13},"end":{"line":928,"column":26}},"loc":{"start":{"line":928,"column":13},"end":{"line":928,"column":31}}},"17":{"name":"processBinaryAttachment","decl":{"start":{"line":983,"column":22},"end":{"line":983,"column":45}},"loc":{"start":{"line":987,"column":25},"end":{"line":1021,"column":1}}},"18":{"name":"processUrlAttachment","decl":{"start":{"line":1035,"column":22},"end":{"line":1035,"column":42}},"loc":{"start":{"line":1038,"column":26},"end":{"line":1069,"column":1}}},"19":{"name":"(anonymous_28)","decl":{"start":{"line":1063,"column":14},"end":{"line":1063,"column":27}},"loc":{"start":{"line":1063,"column":14},"end":{"line":1063,"column":32}}},"20":{"name":"handleAttachments","decl":{"start":{"line":1084,"column":22},"end":{"line":1084,"column":39}},"loc":{"start":{"line":1088,"column":25},"end":{"line":1112,"column":1}}},"21":{"name":"validateKeyboardButton","decl":{"start":{"line":1149,"column":16},"end":{"line":1149,"column":38}},"loc":{"start":{"line":1149,"column":60},"end":{"line":1199,"column":1}}},"22":{"name":"getChatInfo","decl":{"start":{"line":1213,"column":22},"end":{"line":1213,"column":33}},"loc":{"start":{"line":1216,"column":15},"end":{"line":1244,"column":1}}},"23":{"name":"leaveChat","decl":{"start":{"line":1258,"column":22},"end":{"line":1258,"column":31}},"loc":{"start":{"line":1261,"column":15},"end":{"line":1289,"column":1}}},"24":{"name":"validateKeyboardLayout","decl":{"start":{"line":1300,"column":16},"end":{"line":1300,"column":38}},"loc":{"start":{"line":1300,"column":65},"end":{"line":1346,"column":1}}},"25":{"name":"formatInlineKeyboard","decl":{"start":{"line":1358,"column":16},"end":{"line":1358,"column":36}},"loc":{"start":{"line":1358,"column":63},"end":{"line":1394,"column":1}}},"26":{"name":"(anonymous_35)","decl":{"start":{"line":1363,"column":62},"end":{"line":1363,"column":65}},"loc":{"start":{"line":1364,"column":2},"end":{"line":1385,"column":4}}},"27":{"name":"(anonymous_36)","decl":{"start":{"line":1364,"column":10},"end":{"line":1364,"column":16}},"loc":{"start":{"line":1364,"column":19},"end":{"line":1385,"column":3}}},"28":{"name":"createInlineKeyboardAttachment","decl":{"start":{"line":1406,"column":16},"end":{"line":1406,"column":46}},"loc":{"start":{"line":1406,"column":73},"end":{"line":1413,"column":1}}},"29":{"name":"processKeyboardFromParameters","decl":{"start":{"line":1425,"column":16},"end":{"line":1425,"column":45}},"loc":{"start":{"line":1427,"column":14},"end":{"line":1464,"column":1}}},"30":{"name":"(anonymous_39)","decl":{"start":{"line":1441,"column":56},"end":{"line":1441,"column":57}},"loc":{"start":{"line":1441,"column":78},"end":{"line":1447,"column":6}}}},"branchMap":{"0":{"loc":{"start":{"line":19,"column":12},"end":{"line":19,"column":null}},"type":"binary-expr","locations":[{"start":{"line":19,"column":12},"end":{"line":19,"column":28}},{"start":{"line":19,"column":28},"end":{"line":19,"column":null}}]},"1":{"loc":{"start":{"line":61,"column":1},"end":{"line":65,"column":2}},"type":"if","locations":[{"start":{"line":61,"column":1},"end":{"line":65,"column":2}},{"start":{},"end":{}}]},"2":{"loc":{"start":{"line":68,"column":16},"end":{"line":72,"column":14}},"type":"cond-expr","locations":[{"start":{"line":68,"column":41},"end":{"line":72,"column":3}},{"start":{"line":72,"column":5},"end":{"line":72,"column":14}}]},"3":{"loc":{"start":{"line":99,"column":1},"end":{"line":99,"column":26}},"type":"default-arg","locations":[{"start":{"line":99,"column":24},"end":{"line":99,"column":26}}]},"4":{"loc":{"start":{"line":107,"column":2},"end":{"line":111,"column":3}},"type":"if","locations":[{"start":{"line":107,"column":2},"end":{"line":111,"column":3}},{"start":{"line":109,"column":9},"end":{"line":111,"column":3}}]},"5":{"loc":{"start":{"line":140,"column":1},"end":{"line":140,"column":26}},"type":"default-arg","locations":[{"start":{"line":140,"column":24},"end":{"line":140,"column":26}}]},"6":{"loc":{"start":{"line":143,"column":1},"end":{"line":145,"column":2}},"type":"if","locations":[{"start":{"line":143,"column":1},"end":{"line":145,"column":2}},{"start":{},"end":{}}]},"7":{"loc":{"start":{"line":143,"column":5},"end":{"line":143,"column":42}},"type":"binary-expr","locations":[{"start":{"line":143,"column":5},"end":{"line":143,"column":15}},{"start":{"line":143,"column":19},"end":{"line":143,"column":42}}]},"8":{"loc":{"start":{"line":148,"column":1},"end":{"line":150,"column":2}},"type":"if","locations":[{"start":{"line":148,"column":1},"end":{"line":150,"column":2}},{"start":{},"end":{}}]},"9":{"loc":{"start":{"line":148,"column":5},"end":{"line":148,"column":68}},"type":"binary-expr","locations":[{"start":{"line":148,"column":5},"end":{"line":148,"column":18}},{"start":{"line":148,"column":22},"end":{"line":148,"column":40}},{"start":{"line":148,"column":44},"end":{"line":148,"column":68}}]},"10":{"loc":{"start":{"line":152,"column":1},"end":{"line":154,"column":2}},"type":"if","locations":[{"start":{"line":152,"column":1},"end":{"line":154,"column":2}},{"start":{},"end":{}}]},"11":{"loc":{"start":{"line":161,"column":1},"end":{"line":168,"column":2}},"type":"if","locations":[{"start":{"line":161,"column":1},"end":{"line":168,"column":2}},{"start":{},"end":{}}]},"12":{"loc":{"start":{"line":163,"column":20},"end":{"line":163,"column":53}},"type":"binary-expr","locations":[{"start":{"line":163,"column":20},"end":{"line":163,"column":47}},{"start":{"line":163,"column":51},"end":{"line":163,"column":53}}]},"13":{"loc":{"start":{"line":164,"column":21},"end":{"line":164,"column":51}},"type":"binary-expr","locations":[{"start":{"line":164,"column":21},"end":{"line":164,"column":45}},{"start":{"line":164,"column":49},"end":{"line":164,"column":51}}]},"14":{"loc":{"start":{"line":165,"column":2},"end":{"line":167,"column":3}},"type":"if","locations":[{"start":{"line":165,"column":2},"end":{"line":167,"column":3}},{"start":{},"end":{}}]},"15":{"loc":{"start":{"line":170,"column":1},"end":{"line":185,"column":2}},"type":"if","locations":[{"start":{"line":170,"column":1},"end":{"line":185,"column":2}},{"start":{},"end":{}}]},"16":{"loc":{"start":{"line":172,"column":21},"end":{"line":172,"column":44}},"type":"binary-expr","locations":[{"start":{"line":172,"column":21},"end":{"line":172,"column":38}},{"start":{"line":172,"column":42},"end":{"line":172,"column":44}}]},"17":{"loc":{"start":{"line":173,"column":23},"end":{"line":173,"column":45}},"type":"binary-expr","locations":[{"start":{"line":173,"column":23},"end":{"line":173,"column":39}},{"start":{"line":173,"column":43},"end":{"line":173,"column":45}}]},"18":{"loc":{"start":{"line":174,"column":21},"end":{"line":174,"column":43}},"type":"binary-expr","locations":[{"start":{"line":174,"column":21},"end":{"line":174,"column":37}},{"start":{"line":174,"column":41},"end":{"line":174,"column":43}}]},"19":{"loc":{"start":{"line":176,"column":2},"end":{"line":178,"column":3}},"type":"if","locations":[{"start":{"line":176,"column":2},"end":{"line":178,"column":3}},{"start":{},"end":{}}]},"20":{"loc":{"start":{"line":179,"column":2},"end":{"line":181,"column":3}},"type":"if","locations":[{"start":{"line":179,"column":2},"end":{"line":181,"column":3}},{"start":{},"end":{}}]},"21":{"loc":{"start":{"line":182,"column":2},"end":{"line":184,"column":3}},"type":"if","locations":[{"start":{"line":182,"column":2},"end":{"line":184,"column":3}},{"start":{},"end":{}}]},"22":{"loc":{"start":{"line":190,"column":18},"end":{"line":190,"column":67}},"type":"binary-expr","locations":[{"start":{"line":190,"column":18},"end":{"line":190,"column":40}},{"start":{"line":190,"column":44},"end":{"line":190,"column":67}}]},"23":{"loc":{"start":{"line":236,"column":1},"end":{"line":238,"column":2}},"type":"if","locations":[{"start":{"line":236,"column":1},"end":{"line":238,"column":2}},{"start":{},"end":{}}]},"24":{"loc":{"start":{"line":236,"column":5},"end":{"line":236,"column":42}},"type":"binary-expr","locations":[{"start":{"line":236,"column":5},"end":{"line":236,"column":15}},{"start":{"line":236,"column":19},"end":{"line":236,"column":42}}]},"25":{"loc":{"start":{"line":243,"column":18},"end":{"line":243,"column":67}},"type":"binary-expr","locations":[{"start":{"line":243,"column":18},"end":{"line":243,"column":40}},{"start":{"line":243,"column":44},"end":{"line":243,"column":67}}]},"26":{"loc":{"start":{"line":256,"column":9},"end":{"line":256,"column":59}},"type":"binary-expr","locations":[{"start":{"line":256,"column":9},"end":{"line":256,"column":15}},{"start":{"line":256,"column":19},"end":{"line":256,"column":59}}]},"27":{"loc":{"start":{"line":288,"column":1},"end":{"line":290,"column":2}},"type":"if","locations":[{"start":{"line":288,"column":1},"end":{"line":290,"column":2}},{"start":{},"end":{}}]},"28":{"loc":{"start":{"line":288,"column":5},"end":{"line":288,"column":54}},"type":"binary-expr","locations":[{"start":{"line":288,"column":5},"end":{"line":288,"column":21}},{"start":{"line":288,"column":25},"end":{"line":288,"column":54}}]},"29":{"loc":{"start":{"line":293,"column":1},"end":{"line":295,"column":2}},"type":"if","locations":[{"start":{"line":293,"column":1},"end":{"line":295,"column":2}},{"start":{},"end":{}}]},"30":{"loc":{"start":{"line":293,"column":5},"end":{"line":293,"column":30}},"type":"binary-expr","locations":[{"start":{"line":293,"column":5},"end":{"line":293,"column":9}},{"start":{"line":293,"column":13},"end":{"line":293,"column":30}}]},"31":{"loc":{"start":{"line":298,"column":1},"end":{"line":300,"column":2}},"type":"if","locations":[{"start":{"line":298,"column":1},"end":{"line":300,"column":2}},{"start":{},"end":{}}]},"32":{"loc":{"start":{"line":298,"column":5},"end":{"line":298,"column":67}},"type":"binary-expr","locations":[{"start":{"line":298,"column":5},"end":{"line":298,"column":28}},{"start":{"line":298,"column":33},"end":{"line":298,"column":46}},{"start":{"line":298,"column":50},"end":{"line":298,"column":66}}]},"33":{"loc":{"start":{"line":305,"column":18},"end":{"line":305,"column":67}},"type":"binary-expr","locations":[{"start":{"line":305,"column":18},"end":{"line":305,"column":40}},{"start":{"line":305,"column":44},"end":{"line":305,"column":67}}]},"34":{"loc":{"start":{"line":313,"column":2},"end":{"line":315,"column":3}},"type":"if","locations":[{"start":{"line":313,"column":2},"end":{"line":315,"column":3}},{"start":{},"end":{}}]},"35":{"loc":{"start":{"line":313,"column":6},"end":{"line":313,"column":36}},"type":"binary-expr","locations":[{"start":{"line":313,"column":6},"end":{"line":313,"column":10}},{"start":{"line":313,"column":14},"end":{"line":313,"column":36}}]},"36":{"loc":{"start":{"line":317,"column":2},"end":{"line":319,"column":3}},"type":"if","locations":[{"start":{"line":317,"column":2},"end":{"line":319,"column":3}},{"start":{},"end":{}}]},"37":{"loc":{"start":{"line":321,"column":2},"end":{"line":323,"column":3}},"type":"if","locations":[{"start":{"line":321,"column":2},"end":{"line":323,"column":3}},{"start":{},"end":{}}]},"38":{"loc":{"start":{"line":337,"column":9},"end":{"line":343,"column":4}},"type":"binary-expr","locations":[{"start":{"line":337,"column":9},"end":{"line":337,"column":15}},{"start":{"line":337,"column":19},"end":{"line":343,"column":4}}]},"39":{"loc":{"start":{"line":340,"column":9},"end":{"line":340,"column":19}},"type":"binary-expr","locations":[{"start":{"line":340,"column":9},"end":{"line":340,"column":13}},{"start":{"line":340,"column":17},"end":{"line":340,"column":19}}]},"40":{"loc":{"start":{"line":341,"column":15},"end":{"line":341,"column":33}},"type":"binary-expr","locations":[{"start":{"line":341,"column":15},"end":{"line":341,"column":24}},{"start":{"line":341,"column":28},"end":{"line":341,"column":33}}]},"41":{"loc":{"start":{"line":342,"column":15},"end":{"line":342,"column":29}},"type":"binary-expr","locations":[{"start":{"line":342,"column":15},"end":{"line":342,"column":24}},{"start":{"line":342,"column":28},"end":{"line":342,"column":29}}]},"42":{"loc":{"start":{"line":363,"column":1},"end":{"line":365,"column":2}},"type":"if","locations":[{"start":{"line":363,"column":1},"end":{"line":365,"column":2}},{"start":{},"end":{}}]},"43":{"loc":{"start":{"line":368,"column":1},"end":{"line":380,"column":2}},"type":"if","locations":[{"start":{"line":368,"column":1},"end":{"line":380,"column":2}},{"start":{},"end":{}}]},"44":{"loc":{"start":{"line":375,"column":19},"end":{"line":375,"column":42}},"type":"cond-expr","locations":[{"start":{"line":375,"column":27},"end":{"line":375,"column":29}},{"start":{"line":375,"column":27},"end":{"line":375,"column":42}}]},"45":{"loc":{"start":{"line":375,"column":19},"end":{"line":375,"column":29}},"type":"binary-expr","locations":[{"start":{"line":375,"column":19},"end":{"line":375,"column":29}},{"start":{"line":375,"column":27},"end":{"line":375,"column":29}}]},"46":{"loc":{"start":{"line":376,"column":3},"end":{"line":378,"column":4}},"type":"if","locations":[{"start":{"line":376,"column":3},"end":{"line":378,"column":4}},{"start":{},"end":{}}]},"47":{"loc":{"start":{"line":376,"column":7},"end":{"line":376,"column":48}},"type":"binary-expr","locations":[{"start":{"line":376,"column":7},"end":{"line":376,"column":14}},{"start":{"line":376,"column":18},"end":{"line":376,"column":48}}]},"48":{"loc":{"start":{"line":383,"column":1},"end":{"line":390,"column":2}},"type":"if","locations":[{"start":{"line":383,"column":1},"end":{"line":390,"column":2}},{"start":{},"end":{}}]},"49":{"loc":{"start":{"line":387,"column":2},"end":{"line":389,"column":3}},"type":"if","locations":[{"start":{"line":387,"column":2},"end":{"line":389,"column":3}},{"start":{},"end":{}}]},"50":{"loc":{"start":{"line":413,"column":1},"end":{"line":415,"column":2}},"type":"if","locations":[{"start":{"line":413,"column":1},"end":{"line":415,"column":2}},{"start":{},"end":{}}]},"51":{"loc":{"start":{"line":417,"column":1},"end":{"line":419,"column":2}},"type":"if","locations":[{"start":{"line":417,"column":1},"end":{"line":419,"column":2}},{"start":{},"end":{}}]},"52":{"loc":{"start":{"line":433,"column":1},"end":{"line":439,"column":2}},"type":"if","locations":[{"start":{"line":433,"column":1},"end":{"line":439,"column":2}},{"start":{},"end":{}}]},"53":{"loc":{"start":{"line":433,"column":5},"end":{"line":437,"column":58}},"type":"binary-expr","locations":[{"start":{"line":433,"column":5},"end":{"line":433,"column":29}},{"start":{"line":433,"column":33},"end":{"line":433,"column":53}},{"start":{"line":434,"column":2},"end":{"line":434,"column":59}},{"start":{"line":435,"column":2},"end":{"line":435,"column":55}},{"start":{"line":436,"column":2},"end":{"line":436,"column":60}},{"start":{"line":437,"column":2},"end":{"line":437,"column":56}}]},"54":{"loc":{"start":{"line":434,"column":2},"end":{"line":434,"column":59}},"type":"cond-expr","locations":[{"start":{"line":434,"column":19},"end":{"line":434,"column":21}},{"start":{"line":434,"column":19},"end":{"line":434,"column":59}}]},"55":{"loc":{"start":{"line":434,"column":2},"end":{"line":434,"column":21}},"type":"binary-expr","locations":[{"start":{"line":434,"column":2},"end":{"line":434,"column":21}},{"start":{"line":434,"column":19},"end":{"line":434,"column":21}}]},"56":{"loc":{"start":{"line":435,"column":2},"end":{"line":435,"column":55}},"type":"cond-expr","locations":[{"start":{"line":435,"column":15},"end":{"line":435,"column":17}},{"start":{"line":435,"column":15},"end":{"line":435,"column":55}}]},"57":{"loc":{"start":{"line":435,"column":2},"end":{"line":435,"column":17}},"type":"binary-expr","locations":[{"start":{"line":435,"column":2},"end":{"line":435,"column":17}},{"start":{"line":435,"column":15},"end":{"line":435,"column":17}}]},"58":{"loc":{"start":{"line":436,"column":2},"end":{"line":436,"column":60}},"type":"cond-expr","locations":[{"start":{"line":436,"column":19},"end":{"line":436,"column":21}},{"start":{"line":436,"column":19},"end":{"line":436,"column":60}}]},"59":{"loc":{"start":{"line":436,"column":2},"end":{"line":436,"column":21}},"type":"binary-expr","locations":[{"start":{"line":436,"column":2},"end":{"line":436,"column":21}},{"start":{"line":436,"column":19},"end":{"line":436,"column":21}}]},"60":{"loc":{"start":{"line":437,"column":2},"end":{"line":437,"column":56}},"type":"cond-expr","locations":[{"start":{"line":437,"column":15},"end":{"line":437,"column":17}},{"start":{"line":437,"column":15},"end":{"line":437,"column":56}}]},"61":{"loc":{"start":{"line":437,"column":2},"end":{"line":437,"column":17}},"type":"binary-expr","locations":[{"start":{"line":437,"column":2},"end":{"line":437,"column":17}},{"start":{"line":437,"column":15},"end":{"line":437,"column":17}}]},"62":{"loc":{"start":{"line":442,"column":1},"end":{"line":447,"column":2}},"type":"if","locations":[{"start":{"line":442,"column":1},"end":{"line":447,"column":2}},{"start":{},"end":{}}]},"63":{"loc":{"start":{"line":442,"column":5},"end":{"line":445,"column":45}},"type":"binary-expr","locations":[{"start":{"line":442,"column":5},"end":{"line":442,"column":29}},{"start":{"line":442,"column":33},"end":{"line":442,"column":53}},{"start":{"line":443,"column":2},"end":{"line":443,"column":64}},{"start":{"line":444,"column":2},"end":{"line":444,"column":60}},{"start":{"line":445,"column":2},"end":{"line":445,"column":45}}]},"64":{"loc":{"start":{"line":443,"column":2},"end":{"line":443,"column":64}},"type":"cond-expr","locations":[{"start":{"line":443,"column":19},"end":{"line":443,"column":21}},{"start":{"line":443,"column":19},"end":{"line":443,"column":64}}]},"65":{"loc":{"start":{"line":443,"column":2},"end":{"line":443,"column":21}},"type":"binary-expr","locations":[{"start":{"line":443,"column":2},"end":{"line":443,"column":21}},{"start":{"line":443,"column":19},"end":{"line":443,"column":21}}]},"66":{"loc":{"start":{"line":444,"column":2},"end":{"line":444,"column":60}},"type":"cond-expr","locations":[{"start":{"line":444,"column":15},"end":{"line":444,"column":17}},{"start":{"line":444,"column":15},"end":{"line":444,"column":60}}]},"67":{"loc":{"start":{"line":444,"column":2},"end":{"line":444,"column":17}},"type":"binary-expr","locations":[{"start":{"line":444,"column":2},"end":{"line":444,"column":17}},{"start":{"line":444,"column":15},"end":{"line":444,"column":17}}]},"68":{"loc":{"start":{"line":445,"column":2},"end":{"line":445,"column":31}},"type":"cond-expr","locations":[{"start":{"line":445,"column":18},"end":{"line":445,"column":20}},{"start":{"line":445,"column":18},"end":{"line":445,"column":31}}]},"69":{"loc":{"start":{"line":445,"column":2},"end":{"line":445,"column":20}},"type":"binary-expr","locations":[{"start":{"line":445,"column":2},"end":{"line":445,"column":20}},{"start":{"line":445,"column":18},"end":{"line":445,"column":20}}]},"70":{"loc":{"start":{"line":450,"column":1},"end":{"line":456,"column":2}},"type":"if","locations":[{"start":{"line":450,"column":1},"end":{"line":456,"column":2}},{"start":{},"end":{}}]},"71":{"loc":{"start":{"line":450,"column":5},"end":{"line":454,"column":62}},"type":"binary-expr","locations":[{"start":{"line":450,"column":5},"end":{"line":450,"column":29}},{"start":{"line":450,"column":33},"end":{"line":450,"column":53}},{"start":{"line":451,"column":2},"end":{"line":451,"column":58}},{"start":{"line":452,"column":2},"end":{"line":452,"column":54}},{"start":{"line":453,"column":2},"end":{"line":453,"column":64}},{"start":{"line":454,"column":2},"end":{"line":454,"column":60}}]},"72":{"loc":{"start":{"line":451,"column":2},"end":{"line":451,"column":58}},"type":"cond-expr","locations":[{"start":{"line":451,"column":19},"end":{"line":451,"column":21}},{"start":{"line":451,"column":19},"end":{"line":451,"column":58}}]},"73":{"loc":{"start":{"line":451,"column":2},"end":{"line":451,"column":21}},"type":"binary-expr","locations":[{"start":{"line":451,"column":2},"end":{"line":451,"column":21}},{"start":{"line":451,"column":19},"end":{"line":451,"column":21}}]},"74":{"loc":{"start":{"line":452,"column":2},"end":{"line":452,"column":54}},"type":"cond-expr","locations":[{"start":{"line":452,"column":15},"end":{"line":452,"column":17}},{"start":{"line":452,"column":15},"end":{"line":452,"column":54}}]},"75":{"loc":{"start":{"line":452,"column":2},"end":{"line":452,"column":17}},"type":"binary-expr","locations":[{"start":{"line":452,"column":2},"end":{"line":452,"column":17}},{"start":{"line":452,"column":15},"end":{"line":452,"column":17}}]},"76":{"loc":{"start":{"line":453,"column":2},"end":{"line":453,"column":64}},"type":"cond-expr","locations":[{"start":{"line":453,"column":19},"end":{"line":453,"column":21}},{"start":{"line":453,"column":19},"end":{"line":453,"column":64}}]},"77":{"loc":{"start":{"line":453,"column":2},"end":{"line":453,"column":21}},"type":"binary-expr","locations":[{"start":{"line":453,"column":2},"end":{"line":453,"column":21}},{"start":{"line":453,"column":19},"end":{"line":453,"column":21}}]},"78":{"loc":{"start":{"line":454,"column":2},"end":{"line":454,"column":60}},"type":"cond-expr","locations":[{"start":{"line":454,"column":15},"end":{"line":454,"column":17}},{"start":{"line":454,"column":15},"end":{"line":454,"column":60}}]},"79":{"loc":{"start":{"line":454,"column":2},"end":{"line":454,"column":17}},"type":"binary-expr","locations":[{"start":{"line":454,"column":2},"end":{"line":454,"column":17}},{"start":{"line":454,"column":15},"end":{"line":454,"column":17}}]},"80":{"loc":{"start":{"line":459,"column":1},"end":{"line":470,"column":2}},"type":"if","locations":[{"start":{"line":459,"column":1},"end":{"line":470,"column":2}},{"start":{},"end":{}}]},"81":{"loc":{"start":{"line":459,"column":5},"end":{"line":468,"column":57}},"type":"binary-expr","locations":[{"start":{"line":459,"column":5},"end":{"line":459,"column":29}},{"start":{"line":459,"column":33},"end":{"line":459,"column":53}},{"start":{"line":460,"column":2},"end":{"line":460,"column":26}},{"start":{"line":460,"column":30},"end":{"line":460,"column":50}},{"start":{"line":461,"column":2},"end":{"line":461,"column":56}},{"start":{"line":462,"column":2},"end":{"line":462,"column":52}},{"start":{"line":463,"column":2},"end":{"line":463,"column":56}},{"start":{"line":464,"column":2},"end":{"line":464,"column":52}},{"start":{"line":465,"column":2},"end":{"line":465,"column":61}},{"start":{"line":466,"column":2},"end":{"line":466,"column":57}},{"start":{"line":467,"column":2},"end":{"line":467,"column":59}},{"start":{"line":468,"column":2},"end":{"line":468,"column":55}}]},"82":{"loc":{"start":{"line":461,"column":2},"end":{"line":461,"column":56}},"type":"cond-expr","locations":[{"start":{"line":461,"column":19},"end":{"line":461,"column":21}},{"start":{"line":461,"column":19},"end":{"line":461,"column":56}}]},"83":{"loc":{"start":{"line":461,"column":2},"end":{"line":461,"column":21}},"type":"binary-expr","locations":[{"start":{"line":461,"column":2},"end":{"line":461,"column":21}},{"start":{"line":461,"column":19},"end":{"line":461,"column":21}}]},"84":{"loc":{"start":{"line":462,"column":2},"end":{"line":462,"column":52}},"type":"cond-expr","locations":[{"start":{"line":462,"column":15},"end":{"line":462,"column":17}},{"start":{"line":462,"column":15},"end":{"line":462,"column":52}}]},"85":{"loc":{"start":{"line":462,"column":2},"end":{"line":462,"column":17}},"type":"binary-expr","locations":[{"start":{"line":462,"column":2},"end":{"line":462,"column":17}},{"start":{"line":462,"column":15},"end":{"line":462,"column":17}}]},"86":{"loc":{"start":{"line":463,"column":2},"end":{"line":463,"column":56}},"type":"cond-expr","locations":[{"start":{"line":463,"column":19},"end":{"line":463,"column":21}},{"start":{"line":463,"column":19},"end":{"line":463,"column":56}}]},"87":{"loc":{"start":{"line":463,"column":2},"end":{"line":463,"column":21}},"type":"binary-expr","locations":[{"start":{"line":463,"column":2},"end":{"line":463,"column":21}},{"start":{"line":463,"column":19},"end":{"line":463,"column":21}}]},"88":{"loc":{"start":{"line":464,"column":2},"end":{"line":464,"column":52}},"type":"cond-expr","locations":[{"start":{"line":464,"column":15},"end":{"line":464,"column":17}},{"start":{"line":464,"column":15},"end":{"line":464,"column":52}}]},"89":{"loc":{"start":{"line":464,"column":2},"end":{"line":464,"column":17}},"type":"binary-expr","locations":[{"start":{"line":464,"column":2},"end":{"line":464,"column":17}},{"start":{"line":464,"column":15},"end":{"line":464,"column":17}}]},"90":{"loc":{"start":{"line":465,"column":2},"end":{"line":465,"column":61}},"type":"cond-expr","locations":[{"start":{"line":465,"column":19},"end":{"line":465,"column":21}},{"start":{"line":465,"column":19},"end":{"line":465,"column":61}}]},"91":{"loc":{"start":{"line":465,"column":2},"end":{"line":465,"column":21}},"type":"binary-expr","locations":[{"start":{"line":465,"column":2},"end":{"line":465,"column":21}},{"start":{"line":465,"column":19},"end":{"line":465,"column":21}}]},"92":{"loc":{"start":{"line":466,"column":2},"end":{"line":466,"column":57}},"type":"cond-expr","locations":[{"start":{"line":466,"column":15},"end":{"line":466,"column":17}},{"start":{"line":466,"column":15},"end":{"line":466,"column":57}}]},"93":{"loc":{"start":{"line":466,"column":2},"end":{"line":466,"column":17}},"type":"binary-expr","locations":[{"start":{"line":466,"column":2},"end":{"line":466,"column":17}},{"start":{"line":466,"column":15},"end":{"line":466,"column":17}}]},"94":{"loc":{"start":{"line":467,"column":2},"end":{"line":467,"column":59}},"type":"cond-expr","locations":[{"start":{"line":467,"column":19},"end":{"line":467,"column":21}},{"start":{"line":467,"column":19},"end":{"line":467,"column":59}}]},"95":{"loc":{"start":{"line":467,"column":2},"end":{"line":467,"column":21}},"type":"binary-expr","locations":[{"start":{"line":467,"column":2},"end":{"line":467,"column":21}},{"start":{"line":467,"column":19},"end":{"line":467,"column":21}}]},"96":{"loc":{"start":{"line":468,"column":2},"end":{"line":468,"column":55}},"type":"cond-expr","locations":[{"start":{"line":468,"column":15},"end":{"line":468,"column":17}},{"start":{"line":468,"column":15},"end":{"line":468,"column":55}}]},"97":{"loc":{"start":{"line":468,"column":2},"end":{"line":468,"column":17}},"type":"binary-expr","locations":[{"start":{"line":468,"column":2},"end":{"line":468,"column":17}},{"start":{"line":468,"column":15},"end":{"line":468,"column":17}}]},"98":{"loc":{"start":{"line":473,"column":1},"end":{"line":479,"column":2}},"type":"if","locations":[{"start":{"line":473,"column":1},"end":{"line":479,"column":2}},{"start":{},"end":{}}]},"99":{"loc":{"start":{"line":473,"column":5},"end":{"line":477,"column":55}},"type":"binary-expr","locations":[{"start":{"line":473,"column":5},"end":{"line":473,"column":34}},{"start":{"line":473,"column":38},"end":{"line":473,"column":64}},{"start":{"line":474,"column":2},"end":{"line":474,"column":28}},{"start":{"line":474,"column":32},"end":{"line":474,"column":59}},{"start":{"line":475,"column":2},"end":{"line":475,"column":50}},{"start":{"line":476,"column":2},"end":{"line":476,"column":50}},{"start":{"line":477,"column":2},"end":{"line":477,"column":53}}]},"100":{"loc":{"start":{"line":475,"column":2},"end":{"line":475,"column":50}},"type":"cond-expr","locations":[{"start":{"line":475,"column":15},"end":{"line":475,"column":17}},{"start":{"line":475,"column":15},"end":{"line":475,"column":50}}]},"101":{"loc":{"start":{"line":475,"column":2},"end":{"line":475,"column":17}},"type":"binary-expr","locations":[{"start":{"line":475,"column":2},"end":{"line":475,"column":17}},{"start":{"line":475,"column":15},"end":{"line":475,"column":17}}]},"102":{"loc":{"start":{"line":476,"column":2},"end":{"line":476,"column":50}},"type":"cond-expr","locations":[{"start":{"line":476,"column":15},"end":{"line":476,"column":17}},{"start":{"line":476,"column":15},"end":{"line":476,"column":50}}]},"103":{"loc":{"start":{"line":476,"column":2},"end":{"line":476,"column":17}},"type":"binary-expr","locations":[{"start":{"line":476,"column":2},"end":{"line":476,"column":17}},{"start":{"line":476,"column":15},"end":{"line":476,"column":17}}]},"104":{"loc":{"start":{"line":477,"column":2},"end":{"line":477,"column":53}},"type":"cond-expr","locations":[{"start":{"line":477,"column":15},"end":{"line":477,"column":17}},{"start":{"line":477,"column":15},"end":{"line":477,"column":53}}]},"105":{"loc":{"start":{"line":477,"column":2},"end":{"line":477,"column":17}},"type":"binary-expr","locations":[{"start":{"line":477,"column":2},"end":{"line":477,"column":17}},{"start":{"line":477,"column":15},"end":{"line":477,"column":17}}]},"106":{"loc":{"start":{"line":495,"column":21},"end":{"line":495,"column":86}},"type":"binary-expr","locations":[{"start":{"line":495,"column":21},"end":{"line":495,"column":38}},{"start":{"line":495,"column":42},"end":{"line":495,"column":55}},{"start":{"line":495,"column":59},"end":{"line":495,"column":86}}]},"107":{"loc":{"start":{"line":497,"column":1},"end":{"line":523,"column":2}},"type":"switch","locations":[{"start":{"line":498,"column":2},"end":{"line":499,"column":249}},{"start":{"line":501,"column":2},"end":{"line":504,"column":188}},{"start":{"line":506,"column":2},"end":{"line":507,"column":229}},{"start":{"line":509,"column":2},"end":{"line":516,"column":220}},{"start":{"line":518,"column":2},"end":{"line":519,"column":198}},{"start":{"line":521,"column":2},"end":{"line":522,"column":184}}]},"108":{"loc":{"start":{"line":502,"column":22},"end":{"line":502,"column":51}},"type":"cond-expr","locations":[{"start":{"line":502,"column":38},"end":{"line":502,"column":40}},{"start":{"line":502,"column":38},"end":{"line":502,"column":51}}]},"109":{"loc":{"start":{"line":502,"column":22},"end":{"line":502,"column":40}},"type":"binary-expr","locations":[{"start":{"line":502,"column":22},"end":{"line":502,"column":40}},{"start":{"line":502,"column":38},"end":{"line":502,"column":40}}]},"110":{"loc":{"start":{"line":503,"column":24},"end":{"line":503,"column":124}},"type":"cond-expr","locations":[{"start":{"line":503,"column":37},"end":{"line":503,"column":90}},{"start":{"line":503,"column":93},"end":{"line":503,"column":124}}]},"111":{"loc":{"start":{"line":510,"column":3},"end":{"line":512,"column":4}},"type":"if","locations":[{"start":{"line":510,"column":3},"end":{"line":512,"column":4}},{"start":{},"end":{}}]},"112":{"loc":{"start":{"line":513,"column":3},"end":{"line":515,"column":4}},"type":"if","locations":[{"start":{"line":513,"column":3},"end":{"line":515,"column":4}},{"start":{},"end":{}}]},"113":{"loc":{"start":{"line":513,"column":7},"end":{"line":513,"column":108}},"type":"binary-expr","locations":[{"start":{"line":513,"column":7},"end":{"line":513,"column":57}},{"start":{"line":513,"column":61},"end":{"line":513,"column":108}}]},"114":{"loc":{"start":{"line":544,"column":1},"end":{"line":544,"column":23}},"type":"default-arg","locations":[{"start":{"line":544,"column":22},"end":{"line":544,"column":23}}]},"115":{"loc":{"start":{"line":545,"column":1},"end":{"line":545,"column":23}},"type":"default-arg","locations":[{"start":{"line":545,"column":22},"end":{"line":545,"column":23}}]},"116":{"loc":{"start":{"line":548,"column":14},"end":{"line":548,"column":46}},"type":"binary-expr","locations":[{"start":{"line":548,"column":14},"end":{"line":548,"column":30}},{"start":{"line":548,"column":34},"end":{"line":548,"column":46}}]},"117":{"loc":{"start":{"line":549,"column":15},"end":{"line":549,"column":49}},"type":"binary-expr","locations":[{"start":{"line":549,"column":15},"end":{"line":549,"column":32}},{"start":{"line":549,"column":36},"end":{"line":549,"column":49}}]},"118":{"loc":{"start":{"line":560,"column":1},"end":{"line":572,"column":2}},"type":"if","locations":[{"start":{"line":560,"column":1},"end":{"line":572,"column":2}},{"start":{},"end":{}}]},"119":{"loc":{"start":{"line":560,"column":5},"end":{"line":560,"column":72}},"type":"binary-expr","locations":[{"start":{"line":560,"column":5},"end":{"line":560,"column":45}},{"start":{"line":560,"column":49},"end":{"line":560,"column":72}}]},"120":{"loc":{"start":{"line":561,"column":21},"end":{"line":561,"column":80}},"type":"binary-expr","locations":[{"start":{"line":561,"column":21},"end":{"line":561,"column":53}},{"start":{"line":561,"column":57},"end":{"line":561,"column":80}}]},"121":{"loc":{"start":{"line":561,"column":21},"end":{"line":561,"column":53}},"type":"cond-expr","locations":[{"start":{"line":561,"column":40},"end":{"line":561,"column":42}},{"start":{"line":561,"column":40},"end":{"line":561,"column":53}}]},"122":{"loc":{"start":{"line":561,"column":21},"end":{"line":561,"column":42}},"type":"binary-expr","locations":[{"start":{"line":561,"column":21},"end":{"line":561,"column":42}},{"start":{"line":561,"column":40},"end":{"line":561,"column":42}}]},"123":{"loc":{"start":{"line":575,"column":1},"end":{"line":583,"column":2}},"type":"if","locations":[{"start":{"line":575,"column":1},"end":{"line":583,"column":2}},{"start":{},"end":{}}]},"124":{"loc":{"start":{"line":575,"column":5},"end":{"line":575,"column":69}},"type":"binary-expr","locations":[{"start":{"line":575,"column":5},"end":{"line":575,"column":42}},{"start":{"line":575,"column":46},"end":{"line":575,"column":69}}]},"125":{"loc":{"start":{"line":586,"column":1},"end":{"line":590,"column":2}},"type":"if","locations":[{"start":{"line":586,"column":1},"end":{"line":590,"column":2}},{"start":{},"end":{}}]},"126":{"loc":{"start":{"line":596,"column":12},"end":{"line":596,"column":null}},"type":"binary-expr","locations":[{"start":{"line":596,"column":12},"end":{"line":596,"column":39}},{"start":{"line":596,"column":43},"end":{"line":596,"column":74}}]},"127":{"loc":{"start":{"line":596,"column":12},"end":{"line":596,"column":39}},"type":"cond-expr","locations":[{"start":{"line":596,"column":27},"end":{"line":596,"column":29}},{"start":{"line":596,"column":27},"end":{"line":596,"column":39}}]},"128":{"loc":{"start":{"line":596,"column":12},"end":{"line":596,"column":29}},"type":"binary-expr","locations":[{"start":{"line":596,"column":12},"end":{"line":596,"column":29}},{"start":{"line":596,"column":27},"end":{"line":596,"column":29}}]},"129":{"loc":{"start":{"line":596,"column":43},"end":{"line":596,"column":74}},"type":"cond-expr","locations":[{"start":{"line":596,"column":62},"end":{"line":596,"column":64}},{"start":{"line":596,"column":62},"end":{"line":596,"column":74}}]},"130":{"loc":{"start":{"line":596,"column":43},"end":{"line":596,"column":64}},"type":"binary-expr","locations":[{"start":{"line":596,"column":43},"end":{"line":596,"column":64}},{"start":{"line":596,"column":62},"end":{"line":596,"column":64}}]},"131":{"loc":{"start":{"line":622,"column":1},"end":{"line":624,"column":2}},"type":"if","locations":[{"start":{"line":622,"column":1},"end":{"line":624,"column":2}},{"start":{},"end":{}}]},"132":{"loc":{"start":{"line":622,"column":5},"end":{"line":622,"column":59}},"type":"binary-expr","locations":[{"start":{"line":622,"column":5},"end":{"line":622,"column":17}},{"start":{"line":622,"column":21},"end":{"line":622,"column":39}},{"start":{"line":622,"column":43},"end":{"line":622,"column":59}}]},"133":{"loc":{"start":{"line":627,"column":1},"end":{"line":629,"column":2}},"type":"if","locations":[{"start":{"line":627,"column":1},"end":{"line":629,"column":2}},{"start":{},"end":{}}]},"134":{"loc":{"start":{"line":627,"column":5},"end":{"line":627,"column":68}},"type":"binary-expr","locations":[{"start":{"line":627,"column":5},"end":{"line":627,"column":18}},{"start":{"line":627,"column":22},"end":{"line":627,"column":40}},{"start":{"line":627,"column":44},"end":{"line":627,"column":68}}]},"135":{"loc":{"start":{"line":631,"column":1},"end":{"line":633,"column":2}},"type":"if","locations":[{"start":{"line":631,"column":1},"end":{"line":633,"column":2}},{"start":{},"end":{}}]},"136":{"loc":{"start":{"line":639,"column":1},"end":{"line":646,"column":2}},"type":"if","locations":[{"start":{"line":639,"column":1},"end":{"line":646,"column":2}},{"start":{},"end":{}}]},"137":{"loc":{"start":{"line":641,"column":20},"end":{"line":641,"column":53}},"type":"binary-expr","locations":[{"start":{"line":641,"column":20},"end":{"line":641,"column":47}},{"start":{"line":641,"column":51},"end":{"line":641,"column":53}}]},"138":{"loc":{"start":{"line":642,"column":21},"end":{"line":642,"column":51}},"type":"binary-expr","locations":[{"start":{"line":642,"column":21},"end":{"line":642,"column":45}},{"start":{"line":642,"column":49},"end":{"line":642,"column":51}}]},"139":{"loc":{"start":{"line":643,"column":2},"end":{"line":645,"column":3}},"type":"if","locations":[{"start":{"line":643,"column":2},"end":{"line":645,"column":3}},{"start":{},"end":{}}]},"140":{"loc":{"start":{"line":648,"column":1},"end":{"line":663,"column":2}},"type":"if","locations":[{"start":{"line":648,"column":1},"end":{"line":663,"column":2}},{"start":{},"end":{}}]},"141":{"loc":{"start":{"line":650,"column":21},"end":{"line":650,"column":44}},"type":"binary-expr","locations":[{"start":{"line":650,"column":21},"end":{"line":650,"column":38}},{"start":{"line":650,"column":42},"end":{"line":650,"column":44}}]},"142":{"loc":{"start":{"line":651,"column":23},"end":{"line":651,"column":45}},"type":"binary-expr","locations":[{"start":{"line":651,"column":23},"end":{"line":651,"column":39}},{"start":{"line":651,"column":43},"end":{"line":651,"column":45}}]},"143":{"loc":{"start":{"line":652,"column":21},"end":{"line":652,"column":43}},"type":"binary-expr","locations":[{"start":{"line":652,"column":21},"end":{"line":652,"column":37}},{"start":{"line":652,"column":41},"end":{"line":652,"column":43}}]},"144":{"loc":{"start":{"line":654,"column":2},"end":{"line":656,"column":3}},"type":"if","locations":[{"start":{"line":654,"column":2},"end":{"line":656,"column":3}},{"start":{},"end":{}}]},"145":{"loc":{"start":{"line":657,"column":2},"end":{"line":659,"column":3}},"type":"if","locations":[{"start":{"line":657,"column":2},"end":{"line":659,"column":3}},{"start":{},"end":{}}]},"146":{"loc":{"start":{"line":660,"column":2},"end":{"line":662,"column":3}},"type":"if","locations":[{"start":{"line":660,"column":2},"end":{"line":662,"column":3}},{"start":{},"end":{}}]},"147":{"loc":{"start":{"line":771,"column":1},"end":{"line":773,"column":2}},"type":"if","locations":[{"start":{"line":771,"column":1},"end":{"line":773,"column":2}},{"start":{},"end":{}}]},"148":{"loc":{"start":{"line":776,"column":1},"end":{"line":778,"column":2}},"type":"if","locations":[{"start":{"line":776,"column":1},"end":{"line":778,"column":2}},{"start":{},"end":{}}]},"149":{"loc":{"start":{"line":781,"column":1},"end":{"line":783,"column":2}},"type":"if","locations":[{"start":{"line":781,"column":1},"end":{"line":783,"column":2}},{"start":{},"end":{}}]},"150":{"loc":{"start":{"line":781,"column":5},"end":{"line":781,"column":101}},"type":"binary-expr","locations":[{"start":{"line":781,"column":5},"end":{"line":781,"column":34}},{"start":{"line":781,"column":39},"end":{"line":781,"column":61}},{"start":{"line":781,"column":65},"end":{"line":781,"column":100}}]},"151":{"loc":{"start":{"line":786,"column":1},"end":{"line":797,"column":2}},"type":"if","locations":[{"start":{"line":786,"column":1},"end":{"line":797,"column":2}},{"start":{},"end":{}}]},"152":{"loc":{"start":{"line":787,"column":2},"end":{"line":789,"column":3}},"type":"if","locations":[{"start":{"line":787,"column":2},"end":{"line":789,"column":3}},{"start":{},"end":{}}]},"153":{"loc":{"start":{"line":787,"column":6},"end":{"line":787,"column":53}},"type":"binary-expr","locations":[{"start":{"line":787,"column":6},"end":{"line":787,"column":21}},{"start":{"line":787,"column":25},"end":{"line":787,"column":53}}]},"154":{"loc":{"start":{"line":800,"column":1},"end":{"line":807,"column":2}},"type":"if","locations":[{"start":{"line":800,"column":1},"end":{"line":807,"column":2}},{"start":{},"end":{}}]},"155":{"loc":{"start":{"line":802,"column":2},"end":{"line":806,"column":3}},"type":"if","locations":[{"start":{"line":802,"column":2},"end":{"line":806,"column":3}},{"start":{},"end":{}}]},"156":{"loc":{"start":{"line":810,"column":1},"end":{"line":819,"column":2}},"type":"if","locations":[{"start":{"line":810,"column":1},"end":{"line":819,"column":2}},{"start":{},"end":{}}]},"157":{"loc":{"start":{"line":814,"column":2},"end":{"line":818,"column":3}},"type":"if","locations":[{"start":{"line":814,"column":2},"end":{"line":818,"column":3}},{"start":{},"end":{}}]},"158":{"loc":{"start":{"line":814,"column":6},"end":{"line":814,"column":53}},"type":"binary-expr","locations":[{"start":{"line":814,"column":6},"end":{"line":814,"column":15}},{"start":{"line":814,"column":19},"end":{"line":814,"column":53}}]},"159":{"loc":{"start":{"line":847,"column":2},"end":{"line":849,"column":3}},"type":"if","locations":[{"start":{"line":847,"column":2},"end":{"line":849,"column":3}},{"start":{},"end":{}}]},"160":{"loc":{"start":{"line":852,"column":2},"end":{"line":855,"column":3}},"type":"if","locations":[{"start":{"line":852,"column":2},"end":{"line":855,"column":3}},{"start":{},"end":{}}]},"161":{"loc":{"start":{"line":854,"column":14},"end":{"line":854,"column":87}},"type":"binary-expr","locations":[{"start":{"line":854,"column":14},"end":{"line":854,"column":61}},{"start":{"line":854,"column":65},"end":{"line":854,"column":87}}]},"162":{"loc":{"start":{"line":907,"column":18},"end":{"line":907,"column":67}},"type":"binary-expr","locations":[{"start":{"line":907,"column":18},"end":{"line":907,"column":40}},{"start":{"line":907,"column":44},"end":{"line":907,"column":67}}]},"163":{"loc":{"start":{"line":923,"column":2},"end":{"line":925,"column":3}},"type":"if","locations":[{"start":{"line":923,"column":2},"end":{"line":925,"column":3}},{"start":{},"end":{}}]},"164":{"loc":{"start":{"line":943,"column":2},"end":{"line":945,"column":3}},"type":"if","locations":[{"start":{"line":943,"column":2},"end":{"line":945,"column":3}},{"start":{},"end":{}}]},"165":{"loc":{"start":{"line":950,"column":18},"end":{"line":952,"column":25}},"type":"cond-expr","locations":[{"start":{"line":951,"column":6},"end":{"line":951,"column":37}},{"start":{"line":952,"column":6},"end":{"line":952,"column":25}}]},"166":{"loc":{"start":{"line":957,"column":2},"end":{"line":959,"column":3}},"type":"if","locations":[{"start":{"line":957,"column":2},"end":{"line":959,"column":3}},{"start":{},"end":{}}]},"167":{"loc":{"start":{"line":990,"column":20},"end":{"line":990,"column":57}},"type":"cond-expr","locations":[{"start":{"line":990,"column":31},"end":{"line":990,"column":34}},{"start":{"line":990,"column":31},"end":{"line":990,"column":57}}]},"168":{"loc":{"start":{"line":990,"column":20},"end":{"line":990,"column":34}},"type":"binary-expr","locations":[{"start":{"line":990,"column":20},"end":{"line":990,"column":34}},{"start":{"line":990,"column":31},"end":{"line":990,"column":34}}]},"169":{"loc":{"start":{"line":991,"column":1},"end":{"line":996,"column":2}},"type":"if","locations":[{"start":{"line":991,"column":1},"end":{"line":996,"column":2}},{"start":{},"end":{}}]},"170":{"loc":{"start":{"line":999,"column":18},"end":{"line":999,"column":82}},"type":"binary-expr","locations":[{"start":{"line":999,"column":18},"end":{"line":999,"column":33}},{"start":{"line":999,"column":37},"end":{"line":999,"column":56}},{"start":{"line":999,"column":60},"end":{"line":999,"column":82}}]},"171":{"loc":{"start":{"line":1000,"column":18},"end":{"line":1000,"column":115}},"type":"cond-expr","locations":[{"start":{"line":1000,"column":60},"end":{"line":1000,"column":93}},{"start":{"line":1000,"column":96},"end":{"line":1000,"column":115}}]},"172":{"loc":{"start":{"line":1005,"column":1},"end":{"line":1010,"column":2}},"type":"if","locations":[{"start":{"line":1005,"column":1},"end":{"line":1010,"column":2}},{"start":{},"end":{}}]},"173":{"loc":{"start":{"line":1096,"column":3},"end":{"line":1100,"column":4}},"type":"if","locations":[{"start":{"line":1096,"column":3},"end":{"line":1100,"column":4}},{"start":{"line":1098,"column":10},"end":{"line":1100,"column":4}}]},"174":{"loc":{"start":{"line":1151,"column":1},"end":{"line":1153,"column":2}},"type":"if","locations":[{"start":{"line":1151,"column":1},"end":{"line":1153,"column":2}},{"start":{},"end":{}}]},"175":{"loc":{"start":{"line":1155,"column":1},"end":{"line":1157,"column":2}},"type":"if","locations":[{"start":{"line":1155,"column":1},"end":{"line":1157,"column":2}},{"start":{},"end":{}}]},"176":{"loc":{"start":{"line":1155,"column":5},"end":{"line":1155,"column":52}},"type":"binary-expr","locations":[{"start":{"line":1155,"column":5},"end":{"line":1155,"column":17}},{"start":{"line":1155,"column":21},"end":{"line":1155,"column":52}}]},"177":{"loc":{"start":{"line":1159,"column":1},"end":{"line":1161,"column":2}},"type":"if","locations":[{"start":{"line":1159,"column":1},"end":{"line":1161,"column":2}},{"start":{},"end":{}}]},"178":{"loc":{"start":{"line":1165,"column":1},"end":{"line":1167,"column":2}},"type":"if","locations":[{"start":{"line":1165,"column":1},"end":{"line":1167,"column":2}},{"start":{},"end":{}}]},"179":{"loc":{"start":{"line":1170,"column":1},"end":{"line":1177,"column":2}},"type":"if","locations":[{"start":{"line":1170,"column":1},"end":{"line":1177,"column":2}},{"start":{},"end":{}}]},"180":{"loc":{"start":{"line":1171,"column":2},"end":{"line":1173,"column":3}},"type":"if","locations":[{"start":{"line":1171,"column":2},"end":{"line":1173,"column":3}},{"start":{},"end":{}}]},"181":{"loc":{"start":{"line":1171,"column":6},"end":{"line":1171,"column":59}},"type":"binary-expr","locations":[{"start":{"line":1171,"column":6},"end":{"line":1171,"column":21}},{"start":{"line":1171,"column":25},"end":{"line":1171,"column":59}}]},"182":{"loc":{"start":{"line":1174,"column":2},"end":{"line":1176,"column":3}},"type":"if","locations":[{"start":{"line":1174,"column":2},"end":{"line":1176,"column":3}},{"start":{},"end":{}}]},"183":{"loc":{"start":{"line":1179,"column":1},"end":{"line":1193,"column":2}},"type":"if","locations":[{"start":{"line":1179,"column":1},"end":{"line":1193,"column":2}},{"start":{},"end":{}}]},"184":{"loc":{"start":{"line":1180,"column":2},"end":{"line":1182,"column":3}},"type":"if","locations":[{"start":{"line":1180,"column":2},"end":{"line":1182,"column":3}},{"start":{},"end":{}}]},"185":{"loc":{"start":{"line":1180,"column":6},"end":{"line":1180,"column":51}},"type":"binary-expr","locations":[{"start":{"line":1180,"column":6},"end":{"line":1180,"column":17}},{"start":{"line":1180,"column":21},"end":{"line":1180,"column":51}}]},"186":{"loc":{"start":{"line":1183,"column":2},"end":{"line":1185,"column":3}},"type":"if","locations":[{"start":{"line":1183,"column":2},"end":{"line":1185,"column":3}},{"start":{},"end":{}}]},"187":{"loc":{"start":{"line":1196,"column":1},"end":{"line":1198,"column":2}},"type":"if","locations":[{"start":{"line":1196,"column":1},"end":{"line":1198,"column":2}},{"start":{},"end":{}}]},"188":{"loc":{"start":{"line":1196,"column":5},"end":{"line":1196,"column":82}},"type":"binary-expr","locations":[{"start":{"line":1196,"column":5},"end":{"line":1196,"column":18}},{"start":{"line":1196,"column":22},"end":{"line":1196,"column":82}}]},"189":{"loc":{"start":{"line":1219,"column":1},"end":{"line":1221,"column":2}},"type":"if","locations":[{"start":{"line":1219,"column":1},"end":{"line":1221,"column":2}},{"start":{},"end":{}}]},"190":{"loc":{"start":{"line":1219,"column":5},"end":{"line":1219,"column":44}},"type":"binary-expr","locations":[{"start":{"line":1219,"column":5},"end":{"line":1219,"column":12}},{"start":{"line":1219,"column":16},"end":{"line":1219,"column":29}},{"start":{"line":1219,"column":33},"end":{"line":1219,"column":44}}]},"191":{"loc":{"start":{"line":1226,"column":18},"end":{"line":1226,"column":67}},"type":"binary-expr","locations":[{"start":{"line":1226,"column":18},"end":{"line":1226,"column":40}},{"start":{"line":1226,"column":44},"end":{"line":1226,"column":67}}]},"192":{"loc":{"start":{"line":1264,"column":1},"end":{"line":1266,"column":2}},"type":"if","locations":[{"start":{"line":1264,"column":1},"end":{"line":1266,"column":2}},{"start":{},"end":{}}]},"193":{"loc":{"start":{"line":1264,"column":5},"end":{"line":1264,"column":44}},"type":"binary-expr","locations":[{"start":{"line":1264,"column":5},"end":{"line":1264,"column":12}},{"start":{"line":1264,"column":16},"end":{"line":1264,"column":29}},{"start":{"line":1264,"column":33},"end":{"line":1264,"column":44}}]},"194":{"loc":{"start":{"line":1271,"column":18},"end":{"line":1271,"column":67}},"type":"binary-expr","locations":[{"start":{"line":1271,"column":18},"end":{"line":1271,"column":40}},{"start":{"line":1271,"column":44},"end":{"line":1271,"column":67}}]},"195":{"loc":{"start":{"line":1284,"column":9},"end":{"line":1284,"column":92}},"type":"binary-expr","locations":[{"start":{"line":1284,"column":9},"end":{"line":1284,"column":15}},{"start":{"line":1284,"column":19},"end":{"line":1284,"column":92}}]},"196":{"loc":{"start":{"line":1302,"column":1},"end":{"line":1304,"column":2}},"type":"if","locations":[{"start":{"line":1302,"column":1},"end":{"line":1304,"column":2}},{"start":{},"end":{}}]},"197":{"loc":{"start":{"line":1302,"column":5},"end":{"line":1302,"column":37}},"type":"binary-expr","locations":[{"start":{"line":1302,"column":5},"end":{"line":1302,"column":13}},{"start":{"line":1302,"column":17},"end":{"line":1302,"column":37}}]},"198":{"loc":{"start":{"line":1307,"column":1},"end":{"line":1309,"column":2}},"type":"if","locations":[{"start":{"line":1307,"column":1},"end":{"line":1309,"column":2}},{"start":{},"end":{}}]},"199":{"loc":{"start":{"line":1318,"column":2},"end":{"line":1320,"column":3}},"type":"if","locations":[{"start":{"line":1318,"column":2},"end":{"line":1320,"column":3}},{"start":{},"end":{}}]},"200":{"loc":{"start":{"line":1318,"column":6},"end":{"line":1318,"column":30}},"type":"binary-expr","locations":[{"start":{"line":1318,"column":6},"end":{"line":1318,"column":10}},{"start":{"line":1318,"column":14},"end":{"line":1318,"column":30}}]},"201":{"loc":{"start":{"line":1323,"column":2},"end":{"line":1325,"column":3}},"type":"if","locations":[{"start":{"line":1323,"column":2},"end":{"line":1325,"column":3}},{"start":{},"end":{}}]},"202":{"loc":{"start":{"line":1330,"column":3},"end":{"line":1336,"column":4}},"type":"if","locations":[{"start":{"line":1330,"column":3},"end":{"line":1336,"column":4}},{"start":{},"end":{}}]},"203":{"loc":{"start":{"line":1343,"column":1},"end":{"line":1345,"column":2}},"type":"if"
[...]
,"end":{"line":133,"column":15}},"42":{"start":{"line":136,"column":18},"end":{"line":139,"column":29}},"43":{"start":{"line":138,"column":16},"end":{"line":138,"column":25}},"44":{"start":{"line":139,"column":19},"end":{"line":139,"column":28}},"45":{"start":{"line":141,"column":2},"end":{"line":143,"column":3}},"46":{"start":{"line":142,"column":3},"end":{"line":142,"column":15}},"47":{"start":{"line":145,"column":17},"end":{"line":145,"column":48}},"48":{"start":{"line":146,"column":20},"end":{"line":146,"column":52}},"49":{"start":{"line":148,"column":2},"end":{"line":150,"column":3}},"50":{"start":{"line":149,"column":3},"end":{"line":149,"column":63}},"51":{"start":{"line":152,"column":2},"end":{"line":152,"column":19}},"52":{"start":{"line":159,"column":2},"end":{"line":161,"column":3}},"53":{"start":{"line":160,"column":3},"end":{"line":160,"column":15}},"54":{"start":{"line":163,"column":18},"end":{"line":166,"column":29}},"55":{"start":{"line":165,"column":16},"end":{"line":165,"column":25}},"56":{"start":{"line":166,"column":19},"end":{"line":166,"column":28}},"57":{"start":{"line":168,"column":2},"end":{"line":170,"column":3}},"58":{"start":{"line":169,"column":3},"end":{"line":169,"column":15}},"59":{"start":{"line":172,"column":17},"end":{"line":172,"column":48}},"60":{"start":{"line":173,"column":20},"end":{"line":173,"column":52}},"61":{"start":{"line":175,"column":2},"end":{"line":177,"column":3}},"62":{"start":{"line":176,"column":3},"end":{"line":176,"column":63}},"63":{"start":{"line":179,"column":2},"end":{"line":179,"column":19}},"64":{"start":{"line":10,"column":0},"end":{"line":10,"column":13}}},"fnMap":{"0":{"name":"(anonymous_0)","decl":{"start":{"line":20,"column":1},"end":{"line":20,"column":6}},"loc":{"start":{"line":20,"column":26},"end":{"line":75,"column":2}}},"1":{"name":"(anonymous_1)","decl":{"start":{"line":82,"column":8},"end":{"line":82,"column":31}},"loc":{"start":{"line":84,"column":31},"end":{"line":106,"column":2}}},"2":{"name":"(anonymous_2)","decl":{"start":{"line":111,"column":9},"end":{"line":111,"column":31}},"loc":{"start":{"line":111,"column":57},"end":{"line":126,"column":2}}},"3":{"name":"(anonymous_3)","decl":{"start":{"line":131,"column":9},"end":{"line":131,"column":27}},"loc":{"start":{"line":131,"column":72},"end":{"line":153,"column":2}}},"4":{"name":"(anonymous_4)","decl":{"start":{"line":138,"column":8},"end":{"line":138,"column":9}},"loc":{"start":{"line":138,"column":16},"end":{"line":138,"column":25}}},"5":{"name":"(anonymous_5)","decl":{"start":{"line":139,"column":11},"end":{"line":139,"column":12}},"loc":{"start":{"line":139,"column":19},"end":{"line":139,"column":28}}},"6":{"name":"(anonymous_6)","decl":{"start":{"line":158,"column":9},"end":{"line":158,"column":27}},"loc":{"start":{"line":158,"column":72},"end":{"line":180,"column":2}}},"7":{"name":"(anonymous_7)","decl":{"start":{"line":165,"column":8},"end":{"line":165,"column":9}},"loc":{"start":{"line":165,"column":16},"end":{"line":165,"column":25}}},"8":{"name":"(anonymous_8)","decl":{"start":{"line":166,"column":11},"end":{"line":166,"column":12}},"loc":{"start":{"line":166,"column":19},"end":{"line":166,"column":28}}}},"branchMap":{"0":{"loc":{"start":{"line":32,"column":3},"end":{"line":35,"column":4}},"type":"if","locations":[{"start":{"line":32,"column":3},"end":{"line":35,"column":4}},{"start":{},"end":{}}]},"1":{"loc":{"start":{"line":38,"column":21},"end":{"line":38,"column":72}},"type":"binary-expr","locations":[{"start":{"line":38,"column":21},"end":{"line":38,"column":41}},{"start":{"line":38,"column":45},"end":{"line":38,"column":64}},{"start":{"line":38,"column":68},"end":{"line":38,"column":72}}]},"2":{"loc":{"start":{"line":39,"column":3},"end":{"line":44,"column":4}},"type":"if","locations":[{"start":{"line":39,"column":3},"end":{"line":44,"column":4}},{"start":{},"end":{}}]},"3":{"loc":{"start":{"line":47,"column":3},"end":{"line":50,"column":4}},"type":"if","locations":[{"start":{"line":47,"column":3},"end":{"line":50,"column":4}},{"start":{},"end":{}}]},"4":{"loc":{"start":{"line":53,"column":3},"end":{"line":55,"column":4}},"type":"if","locations":[{"start":{"line":53,"column":3},"end":{"line":55,"column":4}},{"start":{},"end":{}}]},"5":{"loc":{"start":{"line":91,"column":3},"end":{"line":93,"column":4}},"type":"if","locations":[{"start":{"line":91,"column":3},"end":{"line":93,"column":4}},{"start":{},"end":{}}]},"6":{"loc":{"start":{"line":96,"column":3},"end":{"line":98,"column":4}},"type":"if","locations":[{"start":{"line":96,"column":3},"end":{"line":98,"column":4}},{"start":{},"end":{}}]},"7":{"loc":{"start":{"line":116,"column":2},"end":{"line":123,"column":3}},"type":"if","locations":[{"start":{"line":116,"column":2},"end":{"line":123,"column":3}},{"start":{},"end":{}}]},"8":{"loc":{"start":{"line":117,"column":3},"end":{"line":119,"column":4}},"type":"if","locations":[{"start":{"line":117,"column":3},"end":{"line":119,"column":4}},{"start":{},"end":{}}]},"9":{"loc":{"start":{"line":117,"column":7},"end":{"line":117,"column":41}},"type":"binary-expr","locations":[{"start":{"line":117,"column":7},"end":{"line":117,"column":28}},{"start":{"line":117,"column":32},"end":{"line":117,"column":41}}]},"10":{"loc":{"start":{"line":120,"column":3},"end":{"line":122,"column":4}},"type":"if","locations":[{"start":{"line":120,"column":3},"end":{"line":122,"column":4}},{"start":{},"end":{}}]},"11":{"loc":{"start":{"line":120,"column":7},"end":{"line":120,"column":41}},"type":"binary-expr","locations":[{"start":{"line":120,"column":7},"end":{"line":120,"column":28}},{"start":{"line":120,"column":32},"end":{"line":120,"column":41}}]},"12":{"loc":{"start":{"line":132,"column":2},"end":{"line":134,"column":3}},"type":"if","locations":[{"start":{"line":132,"column":2},"end":{"line":134,"column":3}},{"start":{},"end":{}}]},"13":{"loc":{"start":{"line":132,"column":6},"end":{"line":132,"column":47}},"type":"binary-expr","locations":[{"start":{"line":132,"column":6},"end":{"line":132,"column":34}},{"start":{"line":132,"column":38},"end":{"line":132,"column":47}}]},"14":{"loc":{"start":{"line":141,"column":2},"end":{"line":143,"column":3}},"type":"if","locations":[{"start":{"line":141,"column":2},"end":{"line":143,"column":3}},{"start":{},"end":{}}]},"15":{"loc":{"start":{"line":145,"column":17},"end":{"line":145,"column":48}},"type":"binary-expr","locations":[{"start":{"line":145,"column":17},"end":{"line":145,"column":33}},{"start":{"line":145,"column":37},"end":{"line":145,"column":48}}]},"16":{"loc":{"start":{"line":148,"column":2},"end":{"line":150,"column":3}},"type":"if","locations":[{"start":{"line":148,"column":2},"end":{"line":150,"column":3}},{"start":{},"end":{}}]},"17":{"loc":{"start":{"line":159,"column":2},"end":{"line":161,"column":3}},"type":"if","locations":[{"start":{"line":159,"column":2},"end":{"line":161,"column":3}},{"start":{},"end":{}}]},"18":{"loc":{"start":{"line":159,"column":6},"end":{"line":159,"column":47}},"type":"binary-expr","locations":[{"start":{"line":159,"column":6},"end":{"line":159,"column":34}},{"start":{"line":159,"column":38},"end":{"line":159,"column":47}}]},"19":{"loc":{"start":{"line":168,"column":2},"end":{"line":170,"column":3}},"type":"if","locations":[{"start":{"line":168,"column":2},"end":{"line":170,"column":3}},{"start":{},"end":{}}]},"20":{"loc":{"start":{"line":172,"column":17},"end":{"line":172,"column":48}},"type":"binary-expr","locations":[{"start":{"line":172,"column":17},"end":{"line":172,"column":33}},{"start":{"line":172,"column":37},"end":{"line":172,"column":48}}]},"21":{"loc":{"start":{"line":175,"column":2},"end":{"line":177,"column":3}},"type":"if","locations":[{"start":{"line":175,"column":2},"end":{"line":177,"column":3}},{"start":{},"end":{}}]}},"s":{"0":31,"1":31,"2":31,"3":30,"4":30,"5":30,"6":30,"7":3,"8":3,"9":27,"10":27,"11":4,"12":4,"13":23,"14":2,"15":2,"16":21,"17":5,"18":16,"19":16,"20":16,"21":1,"22":1,"23":21,"24":21,"25":21,"26":2,"27":19,"28":3,"29":16,"30":0,"31":0,"32":21,"33":21,"34":21,"35":7,"36":1,"37":7,"38":1,"39":21,"40":21,"41":12,"42":9,"43":23,"44":23,"45":9,"46":0,"47":9,"48":9,"49":9,"50":2,"51":9,"52":19,"53":10,"54":9,"55":22,"56":22,"57":9,"58":0,"59":9,"60":9,"61":9,"62":3,"63":9,"64":4},"f":{"0":31,"1":21,"2":21,"3":21,"4":23,"5":23,"6":19,"7":22,"8":22},"b":{"0":[3,27],"1":[27,5,4],"2":[4,23],"3":[2,21],"4":[5,16],"5":[2,19],"6":[3,16],"7":[7,14],"8":[1,6],"9":[7,1],"10":[1,6],"11":[7,1],"12":[12,9],"13":[21,10],"14":[0,9],"15":[9,5],"16":[2,7],"17":[10,9],"18":[19,9],"19":[0,9],"20":[9,5],"21":[3,6]}}
,"/Users/p.frankov/Documents/playground/n8n-nodes-max/nodes/Max/MaxTrigger.node.ts": {"path":"/Users/p.frankov/Documents/playground/n8n-nodes-max/nodes/Max/MaxTrigger.node.ts","statementMap":{"0":{"start":{"line":10,"column":0},"end":{"line":10,"column":56}},"1":{"start":{"line":11,"column":0},"end":{"line":11,"column":56}},"2":{"start":{"line":12,"column":0},"end":{"line":12,"column":60}},"3":{"start":{"line":30,"column":1},"end":{"line":58,"column":3}},"4":{"start":{"line":64,"column":1},"end":{"line":90,"column":3}},"5":{"start":{"line":70,"column":27},"end":{"line":70,"column":50}},"6":{"start":{"line":71,"column":4},"end":{"line":71,"column":49}},"7":{"start":{"line":78,"column":27},"end":{"line":78,"column":50}},"8":{"start":{"line":79,"column":4},"end":{"line":79,"column":44}},"9":{"start":{"line":86,"column":27},"end":{"line":86,"column":50}},"10":{"start":{"line":87,"column":4},"end":{"line":87,"column":44}},"11":{"start":{"line":97,"column":25},"end":{"line":97,"column":48}},"12":{"start":{"line":98,"column":2},"end":{"line":98,"column":55}},"13":{"start":{"line":29,"column":0},"end":{"line":29,"column":13}}},"fnMap":{"0":{"name":"(anonymous_0)","decl":{"start":{"line":29,"column":0},"end":{"line":29,"column":13}},"loc":{"start":{"line":29,"column":0},"end":{"line":100,"column":1}}},"1":{"name":"(anonymous_1)","decl":{"start":{"line":69,"column":3},"end":{"line":69,"column":8}},"loc":{"start":{"line":69,"column":20},"end":{"line":72,"column":4}}},"2":{"name":"(anonymous_2)","decl":{"start":{"line":77,"column":3},"end":{"line":77,"column":8}},"loc":{"start":{"line":77,"column":15},"end":{"line":80,"column":4}}},"3":{"name":"(anonymous_3)","decl":{"start":{"line":85,"column":3},"end":{"line":85,"column":8}},"loc":{"start":{"line":85,"column":15},"end":{"line":88,"column":4}}},"4":{"name":"(anonymous_4)","decl":{"start":{"line":96,"column":1},"end":{"line":96,"column":6}},"loc":{"start":{"line":96,"column":14},"end":{"line":99,"column":2}}}},"branchMap":{},"s":{"0":3,"1":3,"2":3,"3":23,"4":23,"5":0,"6":0,"7":0,"8":0,"9":0,"10":0,"11":14,"12":14,"13":3},"f":{"0":23,"1":0,"2":0,"3":0,"4":14},"b":{}}
,"/Users/p.frankov/Documents/playground/n8n-nodes-max/nodes/Max/MaxTriggerConfig.ts": {"path":"/Users/p.frankov/Documents/playground/n8n-nodes-max/nodes/Max/MaxTriggerConfig.ts","statementMap":{"0":{"start":{"line":6,"column":13},"end":{"line":17,"column":11}},"1":{"start":{"line":24,"column":13},"end":{"line":108,"column":2}}},"fnMap":{},"branchMap":{},"s":{"0":4,"1":4},"f":{},"b":{}}
,"/Users/p.frankov/Documents/playground/n8n-nodes-max/nodes/Max/MaxWebhookManager.ts": {"path":"/Users/p.frankov/Documents/playground/n8n-nodes-max/nodes/Max/MaxWebhookManager.ts","statementMap":{"0":{"start":{"line":11,"column":18},"end":{"line":11,"column":61}},"1":{"start":{"line":23,"column":18},"end":{"line":23,"column":41}},"2":{"start":{"line":25,"column":2},"end":{"line":51,"column":3}},"3":{"start":{"line":26,"column":35},"end":{"line":26,"column":71}},"4":{"start":{"line":28,"column":3},"end":{"line":28,"column":79}},"5":{"start":{"line":30,"column":20},"end":{"line":30,"column":65}},"6":{"start":{"line":32,"column":3},"end":{"line":45,"column":4}},"7":{"start":{"line":33,"column":33},"end":{"line":34,"column":null}},"8":{"start":{"line":34,"column":19},"end":{"line":34,"column":41}},"9":{"start":{"line":37,"column":4},"end":{"line":40,"column":5}},"10":{"start":{"line":38,"column":5},"end":{"line":38,"column":86}},"11":{"start":{"line":39,"column":5},"end":{"line":39,"column":17}},"12":{"start":{"line":42,"column":4},"end":{"line":44,"column":6}},"13":{"start":{"line":47,"column":3},"end":{"line":47,"column":16}},"14":{"start":{"line":49,"column":3},"end":{"line":49,"column":76}},"15":{"start":{"line":50,"column":3},"end":{"line":50,"column":16}},"16":{"start":{"line":65,"column":18},"end":{"line":65,"column":41}},"17":{"start":{"line":67,"column":2},"end":{"line":98,"column":3}},"18":{"start":{"line":68,"column":56},"end":{"line":68,"column":92}},"19":{"start":{"line":70,"column":3},"end":{"line":70,"column":74}},"20":{"start":{"line":73,"column":28},"end":{"line":73,"column":73}},"21":{"start":{"line":75,"column":3},"end":{"line":88,"column":4}},"22":{"start":{"line":76,"column":33},"end":{"line":77,"column":null}},"23":{"start":{"line":77,"column":19},"end":{"line":77,"column":41}},"24":{"start":{"line":80,"column":4},"end":{"line":83,"column":5}},"25":{"start":{"line":81,"column":5},"end":{"line":81,"column":84}},"26":{"start":{"line":82,"column":5},"end":{"line":82,"column":17}},"27":{"start":{"line":85,"column":4},"end":{"line":87,"column":6}},"28":{"start":{"line":91,"column":3},"end":{"line":91,"column":84}},"29":{"start":{"line":93,"column":3},"end":{"line":93,"column":82}},"30":{"start":{"line":94,"column":3},"end":{"line":94,"column":15}},"31":{"start":{"line":96,"column":3},"end":{"line":96,"column":84}},"32":{"start":{"line":97,"column":3},"end":{"line":97,"column":15}},"33":{"start":{"line":110,"column":18},"end":{"line":110,"column":41}},"34":{"start":{"line":112,"column":2},"end":{"line":138,"column":3}},"35":{"start":{"line":113,"column":48},"end":{"line":113,"column":84}},"36":{"start":{"line":115,"column":3},"end":{"line":115,"column":77}},"37":{"start":{"line":118,"column":28},"end":{"line":118,"column":73}},"38":{"start":{"line":120,"column":3},"end":{"line":132,"column":4}},"39":{"start":{"line":122,"column":31},"end":{"line":123,"column":null}},"40":{"start":{"line":123,"column":19},"end":{"line":123,"column":41}},"41":{"start":{"line":126,"column":4},"end":{"line":131,"column":5}},"42":{"start":{"line":127,"column":5},"end":{"line":127,"column":90}},"43":{"start":{"line":128,"column":5},"end":{"line":128,"column":84}},"44":{"start":{"line":130,"column":5},"end":{"line":130,"column":78}},"45":{"start":{"line":134,"column":3},"end":{"line":134,"column":15}},"46":{"start":{"line":136,"column":3},"end":{"line":136,"column":69}},"47":{"start":{"line":137,"column":3},"end":{"line":137,"column":16}},"48":{"start":{"line":145,"column":22},"end":{"line":145,"column":60}},"49":{"start":{"line":146,"column":19},"end":{"line":146,"column":77}},"50":{"start":{"line":147,"column":21},"end":{"line":147,"column":67}},"51":{"start":{"line":148,"column":17},"end":{"line":148,"column":72}},"52":{"start":{"line":150,"column":2},"end":{"line":155,"column":4}},"53":{"start":{"line":165,"column":22},"end":{"line":165,"column":60}},"54":{"start":{"line":167,"column":2},"end":{"line":174,"column":5}},"55":{"start":{"line":187,"column":15},"end":{"line":190,"column":4}},"56":{"start":{"line":192,"column":2},"end":{"line":203,"column":5}},"57":{"start":{"line":215,"column":2},"end":{"line":223,"column":5}},"58":{"start":{"line":10,"column":0},"end":{"line":10,"column":13}}},"fnMap":{"0":{"name":"(anonymous_0)","decl":{"start":{"line":10,"column":0},"end":{"line":10,"column":13}},"loc":{"start":{"line":10,"column":0},"end":{"line":225,"column":1}}},"1":{"name":"(anonymous_1)","decl":{"start":{"line":22,"column":1},"end":{"line":22,"column":6}},"loc":{"start":{"line":22,"column":18},"end":{"line":52,"column":2}}},"2":{"name":"(anonymous_2)","decl":{"start":{"line":34,"column":5},"end":{"line":34,"column":6}},"loc":{"start":{"line":34,"column":19},"end":{"line":34,"column":41}}},"3":{"name":"(anonymous_3)","decl":{"start":{"line":64,"column":1},"end":{"line":64,"column":6}},"loc":{"start":{"line":64,"column":13},"end":{"line":99,"column":2}}},"4":{"name":"(anonymous_4)","decl":{"start":{"line":77,"column":5},"end":{"line":77,"column":6}},"loc":{"start":{"line":77,"column":19},"end":{"line":77,"column":41}}},"5":{"name":"(anonymous_5)","decl":{"start":{"line":109,"column":1},"end":{"line":109,"column":6}},"loc":{"start":{"line":109,"column":13},"end":{"line":139,"column":2}}},"6":{"name":"(anonymous_6)","decl":{"start":{"line":123,"column":5},"end":{"line":123,"column":6}},"loc":{"start":{"line":123,"column":19},"end":{"line":123,"column":41}}},"7":{"name":"(anonymous_7)","decl":{"start":{"line":144,"column":8},"end":{"line":144,"column":13}},"loc":{"start":{"line":144,"column":54},"end":{"line":156,"column":2}}},"8":{"name":"(anonymous_8)","decl":{"start":{"line":161,"column":8},"end":{"line":161,"column":13}},"loc":{"start":{"line":163,"column":17},"end":{"line":175,"column":2}}},"9":{"name":"(anonymous_9)","decl":{"start":{"line":180,"column":8},"end":{"line":180,"column":13}},"loc":{"start":{"line":185,"column":18},"end":{"line":204,"column":2}}},"10":{"name":"(anonymous_10)","decl":{"start":{"line":209,"column":8},"end":{"line":209,"column":13}},"loc":{"start":{"line":213,"column":18},"end":{"line":224,"column":2}}}},"branchMap":{"0":{"loc":{"start":{"line":32,"column":3},"end":{"line":45,"column":4}},"type":"if","locations":[{"start":{"line":32,"column":3},"end":{"line":45,"column":4}},{"start":{},"end":{}}]},"1":{"loc":{"start":{"line":32,"column":7},"end":{"line":32,"column":56}},"type":"binary-expr","locations":[{"start":{"line":32,"column":7},"end":{"line":32,"column":15}},{"start":{"line":32,"column":19},"end":{"line":32,"column":56}}]},"2":{"loc":{"start":{"line":37,"column":4},"end":{"line":40,"column":5}},"type":"if","locations":[{"start":{"line":37,"column":4},"end":{"line":40,"column":5}},{"start":{},"end":{}}]},"3":{"loc":{"start":{"line":75,"column":3},"end":{"line":88,"column":4}},"type":"if","locations":[{"start":{"line":75,"column":3},"end":{"line":88,"column":4}},{"start":{},"end":{}}]},"4":{"loc":{"start":{"line":75,"column":7},"end":{"line":75,"column":72}},"type":"binary-expr","locations":[{"start":{"line":75,"column":7},"end":{"line":75,"column":23}},{"start":{"line":75,"column":27},"end":{"line":75,"column":72}}]},"5":{"loc":{"start":{"line":80,"column":4},"end":{"line":83,"column":5}},"type":"if","locations":[{"start":{"line":80,"column":4},"end":{"line":83,"column":5}},{"start":{},"end":{}}]},"6":{"loc":{"start":{"line":120,"column":3},"end":{"line":132,"column":4}},"type":"if","locations":[{"start":{"line":120,"column":3},"end":{"line":132,"column":4}},{"start":{},"end":{}}]},"7":{"loc":{"start":{"line":120,"column":7},"end":{"line":120,"column":72}},"type":"binary-expr","locations":[{"start":{"line":120,"column":7},"end":{"line":120,"column":23}},{"start":{"line":120,"column":27},"end":{"line":120,"column":72}}]},"8":{"loc":{"start":{"line":126,"column":4},"end":{"line":131,"column":5}},"type":"if","locations":[{"start":{"line":126,"column":4},"end":{"line":131,"column":5}},{"start":{"line":129,"column":11},"end":{"line":131,"column":5}}]},"9":{"loc":{"start":{"line":146,"column":19},"end":{"line":146,"column":77}},"type":"binary-expr","locations":[{"start":{"line":146,"column":19},"end":{"line":146,"column":52}},{"start":{"line":146,"column":56},"end":{"line":146,"column":77}}]}},"s":{"0":22,"1":5,"2":5,"3":5,"4":5,"5":5,"6":4,"7":4,"8":2,"9":4,"10":1,"11":1,"12":3,"13":3,"14":1,"15":1,"16":3,"17":3,"18":3,"19":3,"20":3,"21":3,"22":3,"23":1,"24":3,"25":1,"26":1,"27":2,"28":2,"29":1,"30":1,"31":1,"32":1,"33":3,"34":3,"35":3,"36":3,"37":3,"38":2,"39":2,"40":2,"41":2,"42":1,"43":1,"44":1,"45":2,"46":1,"47":1,"48":11,"49":11,"50":11,"51":11,"52":11,"53":11,"54":11,"55":2,"56":2,"57":1,"58":4},"f":{"0":22,"1":5,"2":2,"3":3,"4":1,"5":3,"6":2,"7":11,"8":11,"9":2,"10":1},"b":{"0":[4,0],"1":[4,4],"2":[1,3],"3":[3,0],"4":[3,3],"5":[1,2],"6":[2,0],"7":[2,2],"8":[1,1],"9":[11,1]}}
}
