TN:
SF:credentials/MaxApi.credentials.ts
FN:11,(anonymous_0)
FNF:1
FNH:1
FNDA:11,(anonymous_0)
DA:11,1
DA:13,11
DA:16,11
DA:19,11
DA:22,11
DA:28,11
DA:51,11
LF:7
LH:7
BRF:0
BRH:0
end_of_record
TN:
SF:nodes/Max/GenericFunctions.ts
FN:19,(anonymous_9)
FN:56,createMaxBotInstance
FN:93,sendMessage
FN:135,editMessage
FN:230,deleteMessage
FN:279,answerCallbackQuery
FN:361,validateAndFormatText
FN:405,addAdditionalFields
FN:431,categorizeMaxError
FN:494,createUserFriendlyErrorMessage
FN:540,handleMaxApiError
FN:615,validateInputParameters
FN:765,validateAttachment
FN:834,downloadFileFromUrl
FN:865,(anonymous_23)
FN:897,uploadFileToMax
FN:928,(anonymous_25)
FN:983,processBinaryAttachment
FN:1035,processUrlAttachment
FN:1063,(anonymous_28)
FN:1084,handleAttachments
FN:1149,validateKeyboardButton
FN:1213,getChatInfo
FN:1258,leaveChat
FN:1300,validateKeyboardLayout
FN:1358,formatInlineKeyboard
FN:1363,(anonymous_35)
FN:1364,(anonymous_36)
FN:1406,createInlineKeyboardAttachment
FN:1425,processKeyboardFromParameters
FN:1441,(anonymous_39)
FNF:31
FNH:31
FNDA:10,(anonymous_9)
FNDA:15,createMaxBotInstance
FNDA:14,sendMessage
FNDA:8,editMessage
FNDA:8,deleteMessage
FNDA:12,answerCallbackQuery
FNDA:48,validateAndFormatText
FNDA:13,addAdditionalFields
FNDA:47,categorizeMaxError
FNDA:46,createUserFriendlyErrorMessage
FNDA:31,handleMaxApiError
FNDA:30,validateInputParameters
FNDA:27,validateAttachment
FNDA:5,downloadFileFromUrl
FNDA:4,(anonymous_23)
FNDA:7,uploadFileToMax
FNDA:6,(anonymous_25)
FNDA:4,processBinaryAttachment
FNDA:2,processUrlAttachment
FNDA:2,(anonymous_28)
FNDA:2,handleAttachments
FNDA:170,validateKeyboardButton
FNDA:21,getChatInfo
FNDA:17,leaveChat
FNDA:27,validateKeyboardLayout
FNDA:19,formatInlineKeyboard
FNDA:20,(anonymous_35)
FNDA:32,(anonymous_36)
FNDA:15,createInlineKeyboardAttachment
FNDA:19,processKeyboardFromParameters
FNDA:20,(anonymous_39)
DA:7,10
DA:8,10
DA:9,10
DA:10,10
DA:11,10
DA:19,10
DA:20,10
DA:21,10
DA:22,10
DA:23,10
DA:24,10
DA:25,10
DA:56,10
DA:59,15
DA:61,15
DA:62,1
DA:68,14
DA:74,14
DA:93,10
DA:102,14
DA:104,11
DA:107,11
DA:108,7
DA:110,4
DA:113,7
DA:116,4
DA:135,10
DA:143,8
DA:144,2
DA:148,6
DA:149,0
DA:152,6
DA:153,0
DA:157,6
DA:160,5
DA:161,5
DA:163,2
DA:164,2
DA:165,2
DA:166,1
DA:170,4
DA:172,1
DA:173,1
DA:174,1
DA:176,1
DA:177,1
DA:179,0
DA:180,0
DA:182,0
DA:183,0
DA:187,3
DA:189,3
DA:190,3
DA:193,3
DA:199,3
DA:210,2
DA:213,1
DA:230,10
DA:236,8
DA:237,2
DA:240,6
DA:242,6
DA:243,6
DA:246,6
DA:256,3
DA:259,3
DA:279,10
DA:288,12
DA:289,2
DA:293,10
DA:294,1
DA:298,9
DA:299,2
DA:302,7
DA:304,7
DA:305,7
DA:308,7
DA:313,7
DA:314,4
DA:317,7
DA:318,1
DA:321,7
DA:322,1
DA:326,7
DA:337,6
DA:346,1
DA:361,10
DA:363,48
DA:364,3
DA:368,45
DA:370,8
DA:371,8
DA:374,8
DA:375,17
DA:376,17
DA:377,2
DA:383,43
DA:386,7
DA:387,7
DA:388,1
DA:392,42
DA:405,10
DA:410,13
DA:413,13
DA:414,0
DA:417,13
DA:418,0
DA:431,10
DA:433,47
DA:438,9
DA:442,38
DA:446,8
DA:450,30
DA:455,8
DA:459,22
DA:469,10
DA:473,12
DA:478,8
DA:481,4
DA:494,10
DA:495,46
DA:497,46
DA:499,8
DA:502,6
DA:503,6
DA:504,6
DA:507,7
DA:510,14
DA:511,6
DA:513,8
DA:514,5
DA:516,3
DA:519,8
DA:522,3
DA:540,10
DA:547,31
DA:556,31
DA:557,31
DA:560,31
DA:561,4
DA:564,4
DA:575,27
DA:576,5
DA:586,22
DA:587,6
DA:593,16
DA:615,10
DA:622,30
DA:623,5
DA:627,25
DA:628,2
DA:631,23
DA:632,4
DA:636,19
DA:639,19
DA:641,3
DA:642,3
DA:643,3
DA:644,2
DA:648,17
DA:650,4
DA:651,4
DA:652,4
DA:654,4
DA:655,1
DA:657,3
DA:658,1
DA:660,2
DA:661,1
DA:737,10
DA:747,10
DA:765,10
DA:771,27
DA:772,1
DA:776,26
DA:777,0
DA:781,26
DA:782,1
DA:786,25
DA:787,4
DA:788,1
DA:792,3
DA:793,3
DA:795,1
DA:800,23
DA:801,23
DA:802,23
DA:803,5
DA:810,18
DA:811,18
DA:812,18
DA:814,18
DA:815,5
DA:834,10
DA:839,5
DA:840,5
DA:847,5
DA:848,1
DA:852,4
DA:853,3
DA:854,3
DA:858,4
DA:859,4
DA:862,4
DA:865,8
DA:866,4
DA:868,4
DA:874,1
DA:897,10
DA:904,7
DA:906,7
DA:907,7
DA:910,7
DA:923,7
DA:924,1
DA:928,12
DA:929,6
DA:932,6
DA:943,6
DA:944,1
DA:949,5
DA:950,5
DA:954,0
DA:957,5
DA:958,0
DA:961,5
DA:963,2
DA:983,10
DA:990,4
DA:991,4
DA:992,2
DA:999,2
DA:1000,2
DA:1001,2
DA:1004,2
DA:1005,2
DA:1006,0
DA:1013,2
DA:1015,2
DA:1035,10
DA:1041,2
DA:1047,2
DA:1049,2
DA:1052,2
DA:1054,2
DA:1062,2
DA:1063,4
DA:1064,2
DA:1084,10
DA:1090,2
DA:1092,2
DA:1093,3
DA:1096,3
DA:1097,2
DA:1099,1
DA:1102,2
DA:1104,1
DA:1111,1
DA:1117,10
DA:1149,10
DA:1151,170
DA:1152,1
DA:1155,169
DA:1156,6
DA:1159,163
DA:1160,1
DA:1164,162
DA:1165,162
DA:1166,1
DA:1170,161
DA:1171,141
DA:1172,2
DA:1174,139
DA:1175,1
DA:1179,158
DA:1180,10
DA:1181,1
DA:1183,9
DA:1184,1
DA:1188,8
DA:1189,8
DA:1191,2
DA:1196,154
DA:1197,1
DA:1213,10
DA:1219,21
DA:1220,9
DA:1223,12
DA:1225,12
DA:1226,12
DA:1229,12
DA:1239,5
DA:1242,7
DA:1258,10
DA:1264,17
DA:1265,9
DA:1268,8
DA:1270,8
DA:1271,8
DA:1274,8
DA:1284,6
DA:1287,2
DA:1300,10
DA:1302,27
DA:1303,1
DA:1307,26
DA:1308,1
DA:1311,25
DA:1314,25
DA:1315,47
DA:1318,47
DA:1319,1
DA:1323,46
DA:1324,1
DA:1328,45
DA:1329,153
DA:1330,153
DA:1331,153
DA:1332,153
DA:1334,7
DA:1339,38
DA:1343,16
DA:1344,1
DA:1358,10
DA:1360,19
DA:1363,13
DA:1364,20
DA:1365,32
DA:1371,32
DA:1372,22
DA:1375,32
DA:1376,4
DA:1380,32
DA:1381,12
DA:1384,32
DA:1388,13
DA:1406,10
DA:1407,15
DA:1409,9
DA:1425,10
DA:1429,19
DA:1431,19
DA:1432,9
DA:1435,10
DA:1437,10
DA:1439,10
DA:1440,15
DA:1441,20
DA:1449,14
DA:1453,10
DA:1454,0
DA:1457,10
DA:1459,4
LF:353
LH:340
BRDA:19,0,0,10
BRDA:19,0,1,10
BRDA:61,1,0,1
BRDA:61,1,1,14
BRDA:68,2,0,13
BRDA:68,2,1,1
BRDA:99,3,0,0
BRDA:107,4,0,7
BRDA:107,4,1,4
BRDA:140,5,0,0
BRDA:143,6,0,2
BRDA:143,6,1,6
BRDA:143,7,0,8
BRDA:143,7,1,7
BRDA:148,8,0,0
BRDA:148,8,1,6
BRDA:148,9,0,6
BRDA:148,9,1,6
BRDA:148,9,2,6
BRDA:152,10,0,0
BRDA:152,10,1,6
BRDA:161,11,0,2
BRDA:161,11,1,3
BRDA:163,12,0,2
BRDA:163,12,1,0
BRDA:164,13,0,2
BRDA:164,13,1,1
BRDA:165,14,0,1
BRDA:165,14,1,1
BRDA:170,15,0,1
BRDA:170,15,1,3
BRDA:172,16,0,1
BRDA:172,16,1,0
BRDA:173,17,0,1
BRDA:173,17,1,1
BRDA:174,18,0,1
BRDA:174,18,1,1
BRDA:176,19,0,1
BRDA:176,19,1,0
BRDA:179,20,0,0
BRDA:179,20,1,0
BRDA:182,21,0,0
BRDA:182,21,1,0
BRDA:190,22,0,3
BRDA:190,22,1,3
BRDA:236,23,0,2
BRDA:236,23,1,6
BRDA:236,24,0,8
BRDA:236,24,1,7
BRDA:243,25,0,6
BRDA:243,25,1,6
BRDA:256,26,0,3
BRDA:256,26,1,2
BRDA:288,27,0,2
BRDA:288,27,1,10
BRDA:288,28,0,12
BRDA:288,28,1,11
BRDA:293,29,0,1
BRDA:293,29,1,9
BRDA:293,30,0,10
BRDA:293,30,1,5
BRDA:298,31,0,2
BRDA:298,31,1,7
BRDA:298,32,0,9
BRDA:298,32,1,3
BRDA:298,32,2,2
BRDA:305,33,0,7
BRDA:305,33,1,0
BRDA:313,34,0,4
BRDA:313,34,1,3
BRDA:313,35,0,7
BRDA:313,35,1,4
BRDA:317,36,0,1
BRDA:317,36,1,6
BRDA:321,37,0,1
BRDA:321,37,1,6
BRDA:337,38,0,6
BRDA:337,38,1,1
BRDA:340,39,0,1
BRDA:340,39,1,0
BRDA:341,40,0,1
BRDA:341,40,1,1
BRDA:342,41,0,1
BRDA:342,41,1,1
BRDA:363,42,0,3
BRDA:363,42,1,45
BRDA:368,43,0,8
BRDA:368,43,1,37
BRDA:375,44,0,0
BRDA:375,44,1,17
BRDA:375,45,0,17
BRDA:375,45,1,17
BRDA:376,46,0,2
BRDA:376,46,1,15
BRDA:376,47,0,17
BRDA:376,47,1,17
BRDA:383,48,0,7
BRDA:383,48,1,36
BRDA:387,49,0,1
BRDA:387,49,1,6
BRDA:413,50,0,0
BRDA:413,50,1,13
BRDA:417,51,0,0
BRDA:417,51,1,13
BRDA:433,52,0,9
BRDA:433,52,1,38
BRDA:433,53,0,47
BRDA:433,53,1,40
BRDA:433,53,2,40
BRDA:433,53,3,40
BRDA:433,53,4,39
BRDA:433,53,5,39
BRDA:434,54,0,11
BRDA:434,54,1,29
BRDA:434,55,0,40
BRDA:434,55,1,40
BRDA:435,56,0,22
BRDA:435,56,1,18
BRDA:435,57,0,40
BRDA:435,57,1,40
BRDA:436,58,0,10
BRDA:436,58,1,29
BRDA:436,59,0,39
BRDA:436,59,1,39
BRDA:437,60,0,22
BRDA:437,60,1,17
BRDA:437,61,0,39
BRDA:437,61,1,39
BRDA:442,62,0,8
BRDA:442,62,1,30
BRDA:442,63,0,38
BRDA:442,63,1,33
BRDA:442,63,2,32
BRDA:442,63,3,31
BRDA:442,63,4,31
BRDA:443,64,0,7
BRDA:443,64,1,25
BRDA:443,65,0,32
BRDA:443,65,1,32
BRDA:444,66,0,16
BRDA:444,66,1,15
BRDA:444,67,0,31
BRDA:444,67,1,31
BRDA:445,68,0,29
BRDA:445,68,1,2
BRDA:445,69,0,31
BRDA:445,69,1,31
BRDA:450,70,0,8
BRDA:450,70,1,22
BRDA:450,71,0,30
BRDA:450,71,1,23
BRDA:450,71,2,23
BRDA:450,71,3,23
BRDA:450,71,4,23
BRDA:450,71,5,23
BRDA:451,72,0,6
BRDA:451,72,1,17
BRDA:451,73,0,23
BRDA:451,73,1,23
BRDA:452,74,0,9
BRDA:452,74,1,14
BRDA:452,75,0,23
BRDA:452,75,1,23
BRDA:453,76,0,6
BRDA:453,76,1,17
BRDA:453,77,0,23
BRDA:453,77,1,23
BRDA:454,78,0,9
BRDA:454,78,1,14
BRDA:454,79,0,23
BRDA:454,79,1,23
BRDA:459,80,0,10
BRDA:459,80,1,12
BRDA:459,81,0,22
BRDA:459,81,1,20
BRDA:459,81,2,20
BRDA:459,81,3,13
BRDA:459,81,4,13
BRDA:459,81,5,13
BRDA:459,81,6,13
BRDA:459,81,7,13
BRDA:459,81,8,13
BRDA:459,81,9,13
BRDA:459,81,10,13
BRDA:459,81,11,13
BRDA:461,82,0,5
BRDA:461,82,1,8
BRDA:461,83,0,13
BRDA:461,83,1,13
BRDA:462,84,0,3
BRDA:462,84,1,10
BRDA:462,85,0,13
BRDA:462,85,1,13
BRDA:463,86,0,5
BRDA:463,86,1,8
BRDA:463,87,0,13
BRDA:463,87,1,13
BRDA:464,88,0,3
BRDA:464,88,1,10
BRDA:464,89,0,13
BRDA:464,89,1,13
BRDA:465,90,0,5
BRDA:465,90,1,8
BRDA:465,91,0,13
BRDA:465,91,1,13
BRDA:466,92,0,3
BRDA:466,92,1,10
BRDA:466,93,0,13
BRDA:466,93,1,13
BRDA:467,94,0,5
BRDA:467,94,1,8
BRDA:467,95,0,13
BRDA:467,95,1,13
BRDA:468,96,0,3
BRDA:468,96,1,10
BRDA:468,97,0,13
BRDA:468,97,1,13
BRDA:473,98,0,8
BRDA:473,98,1,4
BRDA:473,99,0,12
BRDA:473,99,1,7
BRDA:473,99,2,7
BRDA:473,99,3,6
BRDA:473,99,4,5
BRDA:473,99,5,5
BRDA:473,99,6,4
BRDA:475,100,0,3
BRDA:475,100,1,2
BRDA:475,101,0,5
BRDA:475,101,1,5
BRDA:476,102,0,3
BRDA:476,102,1,2
BRDA:476,103,0,5
BRDA:476,103,1,5
BRDA:477,104,0,3
BRDA:477,104,1,1
BRDA:477,105,0,4
BRDA:477,105,1,4
BRDA:495,106,0,46
BRDA:495,106,1,6
BRDA:495,106,2,3
BRDA:497,107,0,8
BRDA:497,107,1,6
BRDA:497,107,2,7
BRDA:497,107,3,14
BRDA:497,107,4,8
BRDA:497,107,5,3
BRDA:502,108,0,2
BRDA:502,108,1,4
BRDA:502,109,0,6
BRDA:502,109,1,6
BRDA:503,110,0,4
BRDA:503,110,1,2
BRDA:510,111,0,6
BRDA:510,111,1,8
BRDA:513,112,0,5
BRDA:513,112,1,3
BRDA:513,113,0,8
BRDA:513,113,1,6
BRDA:544,114,0,28
BRDA:545,115,0,28
BRDA:548,116,0,31
BRDA:548,116,1,11
BRDA:549,117,0,31
BRDA:549,117,1,15
BRDA:560,118,0,4
BRDA:560,118,1,27
BRDA:560,119,0,31
BRDA:560,119,1,4
BRDA:561,120,0,4
BRDA:561,120,1,1
BRDA:561,121,0,1
BRDA:561,121,1,3
BRDA:561,122,0,4
BRDA:561,122,1,4
BRDA:575,123,0,5
BRDA:575,123,1,22
BRDA:575,124,0,27
BRDA:575,124,1,6
BRDA:586,125,0,6
BRDA:586,125,1,16
BRDA:596,126,0,16
BRDA:596,126,1,11
BRDA:596,127,0,11
BRDA:596,127,1,5
BRDA:596,128,0,16
BRDA:596,128,1,16
BRDA:596,129,0,2
BRDA:596,129,1,9
BRDA:596,130,0,11
BRDA:596,130,1,11
BRDA:622,131,0,5
BRDA:622,131,1,25
BRDA:622,132,0,30
BRDA:622,132,1,26
BRDA:622,132,2,26
BRDA:627,133,0,2
BRDA:627,133,1,23
BRDA:627,134,0,25
BRDA:627,134,1,24
BRDA:627,134,2,23
BRDA:631,135,0,4
BRDA:631,135,1,19
BRDA:639,136,0,3
BRDA:639,136,1,16
BRDA:641,137,0,3
BRDA:641,137,1,0
BRDA:642,138,0,3
BRDA:642,138,1,1
BRDA:643,139,0,2
BRDA:643,139,1,1
BRDA:648,140,0,4
BRDA:648,140,1,13
BRDA:650,141,0,4
BRDA:650,141,1,2
BRDA:651,142,0,4
BRDA:651,142,1,2
BRDA:652,143,0,4
BRDA:652,143,1,2
BRDA:654,144,0,1
BRDA:654,144,1,3
BRDA:657,145,0,1
BRDA:657,145,1,2
BRDA:660,146,0,1
BRDA:660,146,1,1
BRDA:771,147,0,1
BRDA:771,147,1,26
BRDA:776,148,0,0
BRDA:776,148,1,26
BRDA:781,149,0,1
BRDA:781,149,1,25
BRDA:781,150,0,26
BRDA:781,150,1,22
BRDA:781,150,2,21
BRDA:786,151,0,4
BRDA:786,151,1,21
BRDA:787,152,0,1
BRDA:787,152,1,3
BRDA:787,153,0,4
BRDA:787,153,1,3
BRDA:800,154,0,23
BRDA:800,154,1,0
BRDA:802,155,0,5
BRDA:802,155,1,18
BRDA:810,156,0,18
BRDA:810,156,1,0
BRDA:814,157,0,5
BRDA:814,157,1,13
BRDA:814,158,0,18
BRDA:814,158,1,18
BRDA:847,159,0,1
BRDA:847,159,1,4
BRDA:852,160,0,3
BRDA:852,160,1,1
BRDA:854,161,0,3
BRDA:854,161,1,0
BRDA:907,162,0,7
BRDA:907,162,1,0
BRDA:923,163,0,1
BRDA:923,163,1,6
BRDA:943,164,0,1
BRDA:943,164,1,5
BRDA:950,165,0,5
BRDA:950,165,1,0
BRDA:957,166,0,0
BRDA:957,166,1,5
BRDA:990,167,0,0
BRDA:990,167,1,4
BRDA:990,168,0,4
BRDA:990,168,1,4
BRDA:991,169,0,2
BRDA:991,169,1,2
BRDA:999,170,0,2
BRDA:999,170,1,2
BRDA:999,170,2,0
BRDA:1000,171,0,2
BRDA:1000,171,1,0
BRDA:1005,172,0,0
BRDA:1005,172,1,2
BRDA:1096,173,0,2
BRDA:1096,173,1,1
BRDA:1151,174,0,1
BRDA:1151,174,1,169
BRDA:1155,175,0,6
BRDA:1155,175,1,163
BRDA:1155,176,0,169
BRDA:1155,176,1,163
BRDA:1159,177,0,1
BRDA:1159,177,1,162
BRDA:1165,178,0,1
BRDA:1165,178,1,161
BRDA:1170,179,0,141
BRDA:1170,179,1,20
BRDA:1171,180,0,2
BRDA:1171,180,1,139
BRDA:1171,181,0,141
BRDA:1171,181,1,139
BRDA:1174,182,0,1
BRDA:1174,182,1,138
BRDA:1179,183,0,10
BRDA:1179,183,1,148
BRDA:1180,184,0,1
BRDA:1180,184,1,9
BRDA:1180,185,0,10
BRDA:1180,185,1,9
BRDA:1183,186,0,1
BRDA:1183,186,1,8
BRDA:1196,187,0,1
BRDA:1196,187,1,153
BRDA:1196,188,0,154
BRDA:1196,188,1,25
BRDA:1219,189,0,9
BRDA:1219,189,1,12
BRDA:1219,190,0,21
BRDA:1219,190,1,15
BRDA:1219,190,2,15
BRDA:1226,191,0,12
BRDA:1226,191,1,0
BRDA:1264,192,0,9
BRDA:1264,192,1,8
BRDA:1264,193,0,17
BRDA:1264,193,1,11
BRDA:1264,193,2,11
BRDA:1271,194,0,8
BRDA:1271,194,1,0
BRDA:1284,195,0,6
BRDA:1284,195,1,1
BRDA:1302,196,0,1
BRDA:1302,196,1,26
BRDA:1302,197,0,27
BRDA:1302,197,1,27
BRDA:1307,198,0,1
BRDA:1307,198,1,25
BRDA:1318,199,0,1
BRDA:1318,199,1,46
BRDA:1318,200,0,47
BRDA:1318,200,1,47
BRDA:1323,201,0,1
BRDA:1323,201,1,45
BRDA:1330,202,0,153
BRDA:1330,202,1,0
BRDA:1343,203,0,1
BRDA:1343,203,1,15
BRDA:1371,204,0,22
BRDA:1371,204,1,10
BRDA:1371,205,0,32
BRDA:1371,205,1,22
BRDA:1375,206,0,4
BRDA:1375,206,1,28
BRDA:1375,207,0,32
BRDA:1375,207,1,4
BRDA:1380,208,0,12
BRDA:1380,208,1,20
BRDA:1380,209,0,32
BRDA:1380,209,1,20
BRDA:1431,210,0,9
BRDA:1431,210,1,10
BRDA:1431,211,0,19
BRDA:1431,211,1,13
BRDA:1431,211,2,11
BRDA:1431,211,3,11
BRDA:1440,212,0,14
BRDA:1440,212,1,1
BRDA:1440,213,0,15
BRDA:1440,213,1,15
BRDA:1440,213,2,15
BRDA:1440,213,3,15
BRDA:1442,214,0,20
BRDA:1442,214,1,2
BRDA:1443,215,0,20
BRDA:1443,215,1,0
BRDA:1444,216,0,20
BRDA:1444,216,1,7
BRDA:1445,217,0,20
BRDA:1445,217,1,17
BRDA:1446,218,0,20
BRDA:1446,218,1,4
BRDA:1453,219,0,0
BRDA:1453,219,1,10
BRF:479
BRH:446
end_of_record
TN:
SF:nodes/Max/Max.node.ts
FN:29,(anonymous_0)
FN:773,(anonymous_1)
FNF:2
FNH:2
FNDA:34,(anonymous_0)
FNDA:16,(anonymous_1)
DA:8,4
DA:10,4
DA:29,4
DA:30,34
DA:774,16
DA:775,16
DA:777,16
DA:778,16
DA:780,16
DA:781,16
DA:782,16
DA:783,16
DA:785,16
DA:786,16
DA:787,16
DA:790,16
DA:794,14
DA:795,12
DA:797,12
DA:798,12
DA:799,0
DA:801,12
DA:802,12
DA:803,1
DA:806,2
DA:808,2
DA:809,2
DA:810,0
DA:812,2
DA:813,2
DA:814,0
DA:819,13
DA:822,13
DA:823,0
DA:827,13
DA:830,13
DA:833,13
DA:834,13
DA:836,0
DA:837,0
DA:838,0
DA:843,13
DA:844,10
DA:846,3
DA:847,3
DA:849,3
DA:853,10
DA:862,5
DA:868,0
DA:870,0
DA:871,0
DA:872,0
DA:875,0
DA:876,0
DA:880,0
DA:883,0
DA:886,0
DA:887,0
DA:891,0
DA:892,0
DA:893,0
DA:897,0
DA:900,0
DA:901,0
DA:903,0
DA:907,0
DA:915,0
DA:921,0
DA:923,0
DA:926,0
DA:927,0
DA:931,0
DA:934,0
DA:940,0
DA:946,0
DA:948,0
DA:949,0
DA:950,0
DA:951,0
DA:954,0
DA:955,0
DA:959,0
DA:960,0
DA:964,0
DA:965,0
DA:969,0
DA:972,0
DA:981,0
DA:988,0
DA:989,0
DA:991,0
DA:994,0
DA:995,0
DA:998,0
DA:999,0
DA:1000,0
DA:1004,0
DA:1007,0
DA:1013,0
DA:1019,0
DA:1021,0
DA:1024,0
DA:1025,0
DA:1028,0
DA:1029,0
DA:1030,0
DA:1034,0
DA:1037,0
DA:1043,0
DA:1052,11
DA:1053,1
DA:1061,1
DA:1063,10
DA:1067,6
LF:114
LH:46
BRDA:782,0,0,16
BRDA:782,0,1,0
BRDA:783,1,0,16
BRDA:783,1,1,0
BRDA:794,2,0,12
BRDA:794,2,1,2
BRDA:797,3,0,12
BRDA:797,3,1,0
BRDA:798,4,0,0
BRDA:798,4,1,12
BRDA:798,5,0,12
BRDA:798,5,1,12
BRDA:802,6,0,1
BRDA:802,6,1,11
BRDA:802,7,0,12
BRDA:802,7,1,11
BRDA:808,8,0,2
BRDA:808,8,1,0
BRDA:809,9,0,0
BRDA:809,9,1,2
BRDA:809,10,0,2
BRDA:809,10,1,2
BRDA:813,11,0,0
BRDA:813,11,1,2
BRDA:813,12,0,2
BRDA:813,12,1,2
BRDA:822,13,0,0
BRDA:822,13,1,13
BRDA:834,14,0,0
BRDA:834,14,1,13
BRDA:834,15,0,13
BRDA:834,15,1,7
BRDA:834,15,2,0
BRDA:834,15,3,0
BRDA:837,16,0,0
BRDA:837,16,1,0
BRDA:844,17,0,3
BRDA:844,17,1,7
BRDA:846,18,0,3
BRDA:846,18,1,0
BRDA:868,19,0,0
BRDA:868,19,1,0
BRDA:875,20,0,0
BRDA:875,20,1,0
BRDA:875,21,0,0
BRDA:875,21,1,0
BRDA:886,22,0,0
BRDA:886,22,1,0
BRDA:892,23,0,0
BRDA:892,23,1,0
BRDA:901,24,0,0
BRDA:901,24,1,0
BRDA:921,25,0,0
BRDA:921,25,1,0
BRDA:926,26,0,0
BRDA:926,26,1,0
BRDA:926,27,0,0
BRDA:926,27,1,0
BRDA:946,28,0,0
BRDA:946,28,1,0
BRDA:954,29,0,0
BRDA:954,29,1,0
BRDA:954,30,0,0
BRDA:954,30,1,0
BRDA:959,31,0,0
BRDA:959,31,1,0
BRDA:959,32,0,0
BRDA:959,32,1,0
BRDA:964,33,0,0
BRDA:964,33,1,0
BRDA:964,34,0,0
BRDA:964,34,1,0
BRDA:988,35,0,0
BRDA:988,35,1,0
BRDA:989,36,0,0
BRDA:989,36,1,0
BRDA:994,37,0,0
BRDA:994,37,1,0
BRDA:994,38,0,0
BRDA:994,38,1,0
BRDA:999,39,0,0
BRDA:999,39,1,0
BRDA:999,40,0,0
BRDA:999,40,1,0
BRDA:1019,41,0,0
BRDA:1019,41,1,0
BRDA:1024,42,0,0
BRDA:1024,42,1,0
BRDA:1024,43,0,0
BRDA:1024,43,1,0
BRDA:1029,44,0,0
BRDA:1029,44,1,0
BRDA:1029,45,0,0
BRDA:1029,45,1,0
BRDA:1052,46,0,1
BRDA:1052,46,1,10
BRF:96
BRH:28
end_of_record
TN:
SF:nodes/Max/MaxEventProcessor.ts
FN:77,(anonymous_0)
FN:135,(anonymous_1)
FN:164,(anonymous_2)
FN:196,(anonymous_3)
FN:203,(anonymous_4)
FN:204,(anonymous_5)
FN:223,(anonymous_6)
FN:230,(anonymous_7)
FN:231,(anonymous_8)
FN:257,(anonymous_9)
FN:354,(anonymous_10)
FN:416,(anonymous_11)
FN:462,(anonymous_12)
FN:483,(anonymous_13)
FN:504,(anonymous_14)
FN:526,(anonymous_15)
FN:555,(anonymous_16)
FN:576,(anonymous_17)
FN:595,(anonymous_18)
FN:615,(anonymous_19)
FN:686,(anonymous_20)
FN:712,(anonymous_21)
FN:739,(anonymous_22)
FN:757,(anonymous_23)
FN:774,(anonymous_24)
FN:790,(anonymous_25)
FN:814,(anonymous_26)
FN:836,(anonymous_27)
FN:863,(anonymous_28)
FN:892,(anonymous_29)
FN:918,(anonymous_30)
FNF:31
FNH:31
FNDA:61,(anonymous_0)
FNDA:51,(anonymous_1)
FNDA:51,(anonymous_2)
FNDA:51,(anonymous_3)
FNDA:26,(anonymous_4)
FNDA:26,(anonymous_5)
FNDA:49,(anonymous_6)
FNDA:25,(anonymous_7)
FNDA:25,(anonymous_8)
FNDA:48,(anonymous_9)
FNDA:48,(anonymous_10)
FNDA:34,(anonymous_11)
FNDA:1,(anonymous_12)
FNDA:1,(anonymous_13)
FNDA:3,(anonymous_14)
FNDA:5,(anonymous_15)
FNDA:1,(anonymous_16)
FNDA:2,(anonymous_17)
FNDA:48,(anonymous_18)
FNDA:48,(anonymous_19)
FNDA:31,(anonymous_20)
FNDA:3,(anonymous_21)
FNDA:3,(anonymous_22)
FNDA:2,(anonymous_23)
FNDA:1,(anonymous_24)
FNDA:1,(anonymous_25)
FNDA:1,(anonymous_26)
FNDA:3,(anonymous_27)
FNDA:2,(anonymous_28)
FNDA:1,(anonymous_29)
FNDA:1,(anonymous_30)
DA:67,5
DA:78,61
DA:80,61
DA:82,61
DA:83,60
DA:84,60
DA:86,60
DA:89,60
DA:90,3
DA:91,3
DA:95,57
DA:96,57
DA:97,4
DA:98,4
DA:104,53
DA:105,2
DA:106,2
DA:110,51
DA:111,5
DA:114,46
DA:117,46
DA:119,46
DA:125,1
DA:126,1
DA:139,51
DA:141,51
DA:144,51
DA:145,2
DA:149,49
DA:150,3
DA:153,46
DA:155,0
DA:157,0
DA:165,51
DA:166,51
DA:169,51
DA:171,36
DA:172,21
DA:178,36
DA:179,21
DA:190,51
DA:197,51
DA:198,41
DA:201,10
DA:203,26
DA:204,26
DA:206,10
DA:207,0
DA:210,10
DA:211,10
DA:213,10
DA:214,2
DA:217,10
DA:224,49
DA:225,39
DA:228,10
DA:230,25
DA:231,25
DA:233,10
DA:234,0
DA:237,10
DA:238,10
DA:240,10
DA:241,3
DA:244,10
DA:258,48
DA:261,48
DA:264,48
DA:267,48
DA:273,48
DA:275,1
DA:276,1
DA:279,1
DA:280,1
DA:284,3
DA:285,3
DA:289,2
DA:290,2
DA:293,1
DA:294,1
DA:297,31
DA:298,31
DA:301,3
DA:302,3
DA:305,3
DA:306,3
DA:309,2
DA:310,2
DA:313,1
DA:314,1
DA:318,48
DA:319,48
DA:322,48
DA:337,48
DA:359,48
DA:360,48
DA:363,48
DA:364,9
DA:372,48
DA:375,34
DA:376,34
DA:379,1
DA:380,1
DA:383,1
DA:384,1
DA:387,3
DA:388,3
DA:394,5
DA:395,5
DA:398,1
DA:399,1
DA:402,2
DA:403,2
DA:406,48
DA:417,34
DA:418,3
DA:423,3
DA:427,31
DA:432,31
DA:437,31
DA:438,1
DA:446,31
DA:450,31
DA:451,1
DA:463,1
DA:464,0
DA:471,1
DA:472,0
DA:484,1
DA:485,0
DA:492,1
DA:493,0
DA:505,3
DA:506,1
DA:511,1
DA:514,2
DA:515,1
DA:527,5
DA:528,1
DA:535,5
DA:536,0
DA:543,5
DA:544,1
DA:556,1
DA:557,0
DA:564,1
DA:565,0
DA:577,2
DA:578,0
DA:596,48
DA:597,48
DA:598,48
DA:599,48
DA:602,48
DA:603,48
DA:616,48
DA:623,48
DA:624,48
DA:625,18
DA:627,48
DA:628,1
DA:631,48
DA:632,44
DA:634,44
DA:635,44
DA:636,44
DA:638,44
DA:639,8
DA:641,44
DA:642,44
DA:643,42
DA:645,44
DA:646,44
DA:647,9
DA:652,48
DA:653,48
DA:654,18
DA:660,48
DA:661,33
DA:663,33
DA:664,33
DA:665,33
DA:667,33
DA:668,31
DA:670,33
DA:671,9
DA:674,33
DA:675,33
DA:676,4
DA:680,48
DA:688,31
DA:689,31
DA:694,31
DA:703,31
DA:714,3
DA:715,3
DA:720,3
DA:730,3
DA:740,3
DA:748,3
DA:758,2
DA:765,2
DA:775,1
DA:781,1
DA:791,1
DA:802,1
DA:808,1
DA:815,1
DA:825,1
DA:830,1
DA:837,3
DA:839,3
DA:852,3
DA:857,3
DA:864,2
DA:866,2
DA:881,2
DA:886,2
DA:893,1
DA:907,1
DA:912,1
DA:919,1
DA:920,0
DA:921,0
DA:924,0
LF:225
LH:210
BRDA:89,0,0,3
BRDA:89,0,1,57
BRDA:95,1,0,57
BRDA:95,1,1,5
BRDA:95,1,2,4
BRDA:96,2,0,4
BRDA:96,2,1,53
BRDA:104,3,0,2
BRDA:104,3,1,51
BRDA:110,4,0,5
BRDA:110,4,1,46
BRDA:144,5,0,2
BRDA:144,5,1,49
BRDA:149,6,0,3
BRDA:149,6,1,46
BRDA:169,7,0,36
BRDA:169,7,1,15
BRDA:171,8,0,21
BRDA:171,8,1,15
BRDA:171,9,0,36
BRDA:171,9,1,21
BRDA:174,10,0,21
BRDA:174,10,1,0
BRDA:178,11,0,21
BRDA:178,11,1,15
BRDA:178,12,0,36
BRDA:178,12,1,21
BRDA:197,13,0,41
BRDA:197,13,1,10
BRDA:197,14,0,51
BRDA:197,14,1,11
BRDA:206,15,0,0
BRDA:206,15,1,10
BRDA:210,16,0,10
BRDA:210,16,1,0
BRDA:213,17,0,2
BRDA:213,17,1,8
BRDA:224,18,0,39
BRDA:224,18,1,10
BRDA:224,19,0,49
BRDA:224,19,1,10
BRDA:233,20,0,0
BRDA:233,20,1,10
BRDA:237,21,0,10
BRDA:237,21,1,0
BRDA:240,22,0,3
BRDA:240,22,1,7
BRDA:273,23,0,1
BRDA:273,23,1,1
BRDA:273,23,2,2
BRDA:273,23,3,3
BRDA:273,23,4,1
BRDA:273,23,5,2
BRDA:273,23,6,1
BRDA:273,23,7,31
BRDA:273,23,8,3
BRDA:273,23,9,3
BRDA:273,23,10,2
BRDA:273,23,11,1
BRDA:326,24,0,48
BRDA:326,24,1,9
BRDA:363,25,0,9
BRDA:363,25,1,39
BRDA:372,26,0,31
BRDA:372,26,1,34
BRDA:372,26,2,1
BRDA:372,26,3,1
BRDA:372,26,4,3
BRDA:372,26,5,2
BRDA:372,26,6,3
BRDA:372,26,7,4
BRDA:372,26,8,5
BRDA:372,26,9,1
BRDA:372,26,10,2
BRDA:417,27,0,3
BRDA:417,27,1,31
BRDA:428,28,0,31
BRDA:428,28,1,26
BRDA:428,28,2,6
BRDA:433,29,0,31
BRDA:433,29,1,26
BRDA:433,29,2,5
BRDA:433,29,3,28
BRDA:433,29,4,1
BRDA:437,30,0,1
BRDA:437,30,1,30
BRDA:437,31,0,31
BRDA:437,31,1,1
BRDA:446,32,0,31
BRDA:446,32,1,13
BRDA:446,32,2,2
BRDA:448,33,0,0
BRDA:448,33,1,2
BRDA:448,34,0,2
BRDA:448,34,1,2
BRDA:450,35,0,1
BRDA:450,35,1,30
BRDA:463,36,0,0
BRDA:463,36,1,1
BRDA:471,37,0,0
BRDA:471,37,1,1
BRDA:471,38,0,1
BRDA:471,38,1,0
BRDA:484,39,0,0
BRDA:484,39,1,1
BRDA:492,40,0,0
BRDA:492,40,1,1
BRDA:505,41,0,1
BRDA:505,41,1,2
BRDA:514,42,0,1
BRDA:514,42,1,1
BRDA:514,43,0,2
BRDA:514,43,1,1
BRDA:527,44,0,1
BRDA:527,44,1,4
BRDA:535,45,0,0
BRDA:535,45,1,5
BRDA:543,46,0,1
BRDA:543,46,1,4
BRDA:556,47,0,0
BRDA:556,47,1,1
BRDA:564,48,0,0
BRDA:564,48,1,1
BRDA:577,49,0,0
BRDA:577,49,1,2
BRDA:596,50,0,48
BRDA:596,50,1,9
BRDA:597,51,0,48
BRDA:597,51,1,39
BRDA:597,51,2,33
BRDA:597,52,0,33
BRDA:597,52,1,15
BRDA:597,53,0,48
BRDA:597,53,1,48
BRDA:597,54,0,33
BRDA:597,54,1,6
BRDA:597,55,0,39
BRDA:597,55,1,39
BRDA:598,56,0,48
BRDA:598,56,1,30
BRDA:598,56,2,23
BRDA:598,57,0,23
BRDA:598,57,1,25
BRDA:598,58,0,48
BRDA:598,58,1,48
BRDA:598,59,0,23
BRDA:598,59,1,7
BRDA:598,60,0,30
BRDA:598,60,1,30
BRDA:599,61,0,48
BRDA:599,61,1,45
BRDA:599,61,2,42
BRDA:599,62,0,15
BRDA:599,62,1,33
BRDA:599,63,0,48
BRDA:599,63,1,48
BRDA:599,64,0,15
BRDA:599,64,1,30
BRDA:599,65,0,45
BRDA:599,65,1,45
BRDA:624,66,0,18
BRDA:624,66,1,30
BRDA:624,67,0,48
BRDA:624,67,1,23
BRDA:624,68,0,3
BRDA:624,68,1,20
BRDA:624,69,0,23
BRDA:624,69,1,23
BRDA:627,70,0,1
BRDA:627,70,1,47
BRDA:627,71,0,48
BRDA:627,71,1,5
BRDA:627,72,0,3
BRDA:627,72,1,2
BRDA:627,73,0,5
BRDA:627,73,1,5
BRDA:631,74,0,44
BRDA:631,74,1,4
BRDA:634,75,0,44
BRDA:634,75,1,7
BRDA:635,76,0,44
BRDA:635,76,1,0
BRDA:638,77,0,8
BRDA:638,77,1,36
BRDA:641,78,0,44
BRDA:641,78,1,7
BRDA:641,78,2,7
BRDA:642,79,0,42
BRDA:642,79,1,2
BRDA:645,80,0,44
BRDA:645,80,1,41
BRDA:646,81,0,9
BRDA:646,81,1,35
BRDA:653,82,0,18
BRDA:653,82,1,30
BRDA:653,83,0,48
BRDA:653,83,1,33
BRDA:653,84,0,9
BRDA:653,84,1,24
BRDA:653,85,0,33
BRDA:653,85,1,33
BRDA:656,86,0,18
BRDA:656,86,1,0
BRDA:660,87,0,33
BRDA:660,87,1,15
BRDA:663,88,0,33
BRDA:663,88,1,6
BRDA:664,89,0,33
BRDA:664,89,1,0
BRDA:667,90,0,31
BRDA:667,90,1,2
BRDA:670,91,0,9
BRDA:670,91,1,24
BRDA:674,92,0,33
BRDA:674,92,1,29
BRDA:675,93,0,4
BRDA:675,93,1,29
BRDA:688,94,0,31
BRDA:688,94,1,8
BRDA:688,95,0,7
BRDA:688,95,1,24
BRDA:688,96,0,31
BRDA:688,96,1,31
BRDA:688,97,0,3
BRDA:688,97,1,28
BRDA:688,98,0,31
BRDA:688,98,1,31
BRDA:688,99,0,3
BRDA:688,99,1,5
BRDA:688,100,0,8
BRDA:688,100,1,8
BRDA:690,101,0,31
BRDA:690,101,1,28
BRDA:690,102,0,27
BRDA:690,102,1,4
BRDA:690,103,0,31
BRDA:690,103,1,31
BRDA:690,104,0,7
BRDA:690,104,1,24
BRDA:690,105,0,31
BRDA:690,105,1,31
BRDA:690,106,0,3
BRDA:690,106,1,28
BRDA:690,107,0,31
BRDA:690,107,1,31
BRDA:691,108,0,27
BRDA:691,108,1,1
BRDA:691,109,0,28
BRDA:691,109,1,28
BRDA:691,110,0,3
BRDA:691,110,1,25
BRDA:691,111,0,28
BRDA:691,111,1,28
BRDA:697,112,0,31
BRDA:697,112,1,14
BRDA:697,112,2,13
BRDA:697,113,0,7
BRDA:697,113,1,24
BRDA:697,114,0,31
BRDA:697,114,1,31
BRDA:697,115,0,3
BRDA:697,115,1,28
BRDA:697,116,0,31
BRDA:697,116,1,31
BRDA:697,117,0,3
BRDA:697,117,1,11
BRDA:697,118,0,14
BRDA:697,118,1,14
BRDA:697,119,0,3
BRDA:697,119,1,10
BRDA:697,120,0,13
BRDA:697,120,1,13
BRDA:700,121,0,31
BRDA:700,121,1,4
BRDA:700,122,0,4
BRDA:700,122,1,27
BRDA:700,123,0,31
BRDA:700,123,1,31
BRDA:714,124,0,3
BRDA:714,124,1,1
BRDA:714,125,0,1
BRDA:714,125,1,2
BRDA:714,126,0,3
BRDA:714,126,1,3
BRDA:714,127,0,0
BRDA:714,127,1,3
BRDA:714,128,0,3
BRDA:714,128,1,3
BRDA:714,129,0,0
BRDA:714,129,1,1
BRDA:714,130,0,1
BRDA:714,130,1,1
BRDA:716,131,0,3
BRDA:716,131,1,3
BRDA:716,132,0,2
BRDA:716,132,1,1
BRDA:716,133,0,3
BRDA:716,133,1,3
BRDA:716,134,0,1
BRDA:716,134,1,2
BRDA:716,135,0,3
BRDA:716,135,1,3
BRDA:716,136,0,0
BRDA:716,136,1,3
BRDA:716,137,0,3
BRDA:716,137,1,3
BRDA:717,138,0,3
BRDA:717,138,1,0
BRDA:717,139,0,3
BRDA:717,139,1,3
BRDA:717,140,0,0
BRDA:717,140,1,3
BRDA:717,141,0,3
BRDA:717,141,1,3
BRDA:723,142,0,3
BRDA:723,142,1,2
BRDA:723,142,2,1
BRDA:723,143,0,1
BRDA:723,143,1,2
BRDA:723,144,0,3
BRDA:723,144,1,3
BRDA:723,145,0,0
BRDA:723,145,1,3
BRDA:723,146,0,3
BRDA:723,146,1,3
BRDA:723,147,0,0
BRDA:723,147,1,2
BRDA:723,148,0,2
BRDA:723,148,1,2
BRDA:723,149,0,0
BRDA:723,149,1,1
BRDA:723,150,0,1
BRDA:723,150,1,1
BRDA:726,151,0,3
BRDA:726,151,1,0
BRDA:726,152,0,0
BRDA:726,152,1,3
BRDA:726,153,0,3
BRDA:726,153,1,3
BRDA:727,154,0,3
BRDA:727,154,1,2
BRDA:727,155,0,2
BRDA:727,155,1,1
BRDA:727,156,0,3
BRDA:727,156,1,3
BRDA:727,157,0,0
BRDA:727,157,1,3
BRDA:727,158,0,3
BRDA:727,158,1,3
BRDA:743,159,0,3
BRDA:743,159,1,3
BRDA:743,160,0,1
BRDA:743,160,1,2
BRDA:743,161,0,3
BRDA:743,161,1,3
BRDA:743,162,0,1
BRDA:743,162,1,2
BRDA:743,163,0,3
BRDA:743,163,1,3
BRDA:744,164,0,1
BRDA:744,164,1,2
BRDA:744,165,0,3
BRDA:744,165,1,3
BRDA:745,166,0,3
BRDA:745,166,1,3
BRDA:745,167,0,3
BRDA:745,167,1,0
BRDA:745,168,0,3
BRDA:745,168,1,3
BRDA:745,169,0,3
BRDA:745,169,1,0
BRDA:745,170,0,3
BRDA:745,170,1,3
BRDA:762,171,0,0
BRDA:762,171,1,2
BRDA:762,172,0,2
BRDA:762,172,1,2
BRDA:794,173,0,1
BRDA:794,173,1,0
BRDA:794,174,0,0
BRDA:794,174,1,1
BRDA:794,175,0,1
BRDA:794,175,1,1
BRDA:795,176,0,1
BRDA:795,176,1,0
BRDA:795,176,2,0
BRDA:795,177,0,0
BRDA:795,177,1,1
BRDA:795,178,0,1
BRDA:795,178,1,1
BRDA:795,179,0,0
BRDA:795,179,1,0
BRDA:795,180,0,0
BRDA:795,180,1,0
BRDA:795,181,0,0
BRDA:795,181,1,0
BRDA:795,182,0,0
BRDA:795,182,1,0
BRDA:796,183,0,1
BRDA:796,183,1,0
BRDA:796,184,0,0
BRDA:796,184,1,1
BRDA:796,185,0,1
BRDA:796,185,1,1
BRDA:797,186,0,1
BRDA:797,186,1,1
BRDA:797,187,0,0
BRDA:797,187,1,1
BRDA:797,188,0,1
BRDA:797,188,1,1
BRDA:797,189,0,0
BRDA:797,189,1,1
BRDA:797,190,0,1
BRDA:797,190,1,1
BRDA:798,191,0,1
BRDA:798,191,1,0
BRDA:798,192,0,0
BRDA:798,192,1,1
BRDA:798,193,0,1
BRDA:798,193,1,1
BRDA:798,194,0,1
BRDA:798,194,1,0
BRDA:798,194,2,0
BRDA:798,195,0,0
BRDA:798,195,1,1
BRDA:798,196,0,1
BRDA:798,196,1,1
BRDA:798,197,0,0
BRDA:798,197,1,0
BRDA:798,198,0,0
BRDA:798,198,1,0
BRDA:798,199,0,0
BRDA:798,199,1,0
BRDA:798,200,0,0
BRDA:798,200,1,0
BRDA:799,201,0,0
BRDA:799,201,1,1
BRDA:799,202,0,1
BRDA:799,202,1,1
BRDA:799,203,0,1
BRDA:799,203,1,1
BRDA:799,204,0,0
BRDA:799,204,1,1
BRDA:799,205,0,1
BRDA:799,205,1,1
BRDA:799,206,0,0
BRDA:799,206,1,1
BRDA:799,207,0,1
BRDA:799,207,1,1
BRDA:799,208,0,0
BRDA:799,208,1,1
BRDA:799,209,0,1
BRDA:799,209,1,1
BRDA:805,210,0,1
BRDA:805,210,1,0
BRDA:818,211,0,1
BRDA:818,211,1,1
BRDA:818,212,0,0
BRDA:818,212,1,1
BRDA:818,213,0,1
BRDA:818,213,1,1
BRDA:818,214,0,0
BRDA:818,214,1,1
BRDA:818,215,0,1
BRDA:818,215,1,1
BRDA:819,216,0,1
BRDA:819,216,1,0
BRDA:819,217,0,0
BRDA:819,217,1,1
BRDA:819,218,0,1
BRDA:819,218,1,1
BRDA:820,219,0,1
BRDA:820,219,1,0
BRDA:820,220,0,0
BRDA:820,220,1,1
BRDA:820,221,0,1
BRDA:820,221,1,1
BRDA:821,222,0,1
BRDA:821,222,1,0
BRDA:821,223,0,0
BRDA:821,223,1,1
BRDA:821,224,0,1
BRDA:821,224,1,1
BRDA:822,225,0,1
BRDA:822,225,1,0
BRDA:822,225,2,0
BRDA:822,226,0,0
BRDA:822,226,1,1
BRDA:822,227,0,1
BRDA:822,227,1,1
BRDA:822,228,0,0
BRDA:822,228,1,1
BRDA:822,229,0,1
BRDA:822,229,1,1
BRDA:822,230,0,0
BRDA:822,230,1,0
BRDA:822,231,0,0
BRDA:822,231,1,0
BRDA:841,232,0,2
BRDA:841,232,1,1
BRDA:842,233,0,3
BRDA:842,233,1,2
BRDA:842,233,2,1
BRDA:842,234,0,1
BRDA:842,234,1,2
BRDA:842,235,0,3
BRDA:842,235,1,3
BRDA:842,236,0,1
BRDA:842,236,1,1
BRDA:842,237,0,2
BRDA:842,237,1,2
BRDA:844,238,0,3
BRDA:844,238,1,3
BRDA:844,239,0,1
BRDA:844,239,1,2
BRDA:844,240,0,3
BRDA:844,240,1,3
BRDA:844,241,0,1
BRDA:844,241,1,2
BRDA:844,242,0,3
BRDA:844,242,1,3
BRDA:845,243,0,1
BRDA:845,243,1,2
BRDA:845,244,0,3
BRDA:845,244,1,3
BRDA:846,245,0,1
BRDA:846,245,1,2
BRDA:846,246,0,3
BRDA:846,246,1,3
BRDA:847,247,0,1
BRDA:847,247,1,2
BRDA:847,248,0,3
BRDA:847,248,1,3
BRDA:849,249,0,3
BRDA:849,249,1,1
BRDA:849,250,0,1
BRDA:849,250,1,2
BRDA:849,251,0,3
BRDA:849,251,1,3
BRDA:868,252,0,1
BRDA:868,252,1,1
BRDA:870,253,0,2
BRDA:870,253,1,1
BRDA:870,254,0,0
BRDA:870,254,1,2
BRDA:870,255,0,2
BRDA:870,255,1,2
BRDA:870,256,0,0
BRDA:870,256,1,1
BRDA:870,257,0,1
BRDA:870,257,1,1
BRDA:871,258,0,2
BRDA:871,258,1,1
BRDA:871,259,0,0
BRDA:871,259,1,2
BRDA:871,260,0,2
BRDA:871,260,1,2
BRDA:873,261,0,2
BRDA:873,261,1,2
BRDA:873,262,0,0
BRDA:873,262,1,2
BRDA:873,263,0,2
BRDA:873,263,1,2
BRDA:873,264,0,0
BRDA:873,264,1,2
BRDA:873,265,0,2
BRDA:873,265,1,2
BRDA:874,266,0,0
BRDA:874,266,1,2
BRDA:874,267,0,2
BRDA:874,267,1,2
BRDA:875,268,0,0
BRDA:875,268,1,2
BRDA:875,269,0,2
BRDA:875,269,1,2
BRDA:876,270,0,0
BRDA:876,270,1,2
BRDA:876,271,0,2
BRDA:876,271,1,2
BRDA:878,272,0,2
BRDA:878,272,1,0
BRDA:878,273,0,0
BRDA:878,273,1,2
BRDA:878,274,0,2
BRDA:878,274,1,2
BRDA:896,275,0,1
BRDA:896,275,1,0
BRDA:896,276,0,0
BRDA:896,276,1,1
BRDA:896,277,0,1
BRDA:896,277,1,1
BRDA:897,278,0,1
BRDA:897,278,1,0
BRDA:897,278,2,0
BRDA:897,279,0,0
BRDA:897,279,1,1
BRDA:897,280,0,1
BRDA:897,280,1,1
BRDA:897,281,0,0
BRDA:897,281,1,0
BRDA:897,282,0,0
BRDA:897,282,1,0
BRDA:898,283,0,1
BRDA:898,283,1,0
BRDA:898,284,0,0
BRDA:898,284,1,1
BRDA:898,285,0,1
BRDA:898,285,1,1
BRDA:899,286,0,1
BRDA:899,286,1,0
BRDA:899,287,0,0
BRDA:899,287,1,1
BRDA:899,288,0,1
BRDA:899,288,1,1
BRDA:901,289,0,1
BRDA:901,289,1,1
BRDA:901,290,0,0
BRDA:901,290,1,1
BRDA:901,291,0,1
BRDA:901,291,1,1
BRDA:901,292,0,0
BRDA:901,292,1,1
BRDA:901,293,0,1
BRDA:901,293,1,1
BRDA:902,294,0,0
BRDA:902,294,1,1
BRDA:902,295,0,1
BRDA:902,295,1,1
BRDA:903,296,0,0
BRDA:903,296,1,1
BRDA:903,297,0,1
BRDA:903,297,1,1
BRDA:919,298,0,1
BRDA:919,298,1,0
BRDA:919,299,0,1
BRDA:919,299,1,1
BRDA:920,300,0,0
BRDA:920,300,1,0
BRDA:920,301,0,0
BRDA:920,301,1,0
BRDA:921,302,0,0
BRDA:921,302,1,0
BRF:642
BRH:525
end_of_record
TN:
SF:nodes/Max/MaxTrigger.node.ts
FN:29,(anonymous_0)
FN:69,(anonymous_1)
FN:77,(anonymous_2)
FN:85,(anonymous_3)
FN:96,(anonymous_4)
FNF:5
FNH:2
FNDA:23,(anonymous_0)
FNDA:0,(anonymous_1)
FNDA:0,(anonymous_2)
FNDA:0,(anonymous_3)
FNDA:14,(anonymous_4)
DA:10,3
DA:11,3
DA:12,3
DA:29,3
DA:30,23
DA:64,23
DA:70,0
DA:71,0
DA:78,0
DA:79,0
DA:86,0
DA:87,0
DA:97,14
DA:98,14
LF:14
LH:8
BRF:0
BRH:0
end_of_record
TN:
SF:nodes/Max/MaxTriggerConfig.ts
FNF:0
FNH:0
DA:7,4
DA:26,4
LF:2
LH:2
BRF:0
BRH:0
end_of_record
TN:
SF:nodes/Max/MaxWebhookManager.ts
FN:10,(anonymous_0)
FN:22,(anonymous_1)
FN:34,(anonymous_2)
FN:64,(anonymous_3)
FN:77,(anonymous_4)
FN:109,(anonymous_5)
FN:123,(anonymous_6)
FN:144,(anonymous_7)
FN:161,(anonymous_8)
FN:180,(anonymous_9)
FN:209,(anonymous_10)
FNF:11
FNH:11
FNDA:22,(anonymous_0)
FNDA:5,(anonymous_1)
FNDA:2,(anonymous_2)
FNDA:3,(anonymous_3)
FNDA:1,(anonymous_4)
FNDA:3,(anonymous_5)
FNDA:2,(anonymous_6)
FNDA:11,(anonymous_7)
FNDA:11,(anonymous_8)
FNDA:2,(anonymous_9)
FNDA:1,(anonymous_10)
DA:10,4
DA:11,22
DA:23,5
DA:25,5
DA:26,5
DA:28,5
DA:30,5
DA:32,4
DA:33,4
DA:34,2
DA:37,4
DA:38,1
DA:39,1
DA:42,3
DA:47,3
DA:49,1
DA:50,1
DA:65,3
DA:67,3
DA:68,3
DA:70,3
DA:73,3
DA:75,3
DA:76,3
DA:77,1
DA:80,3
DA:81,1
DA:82,1
DA:85,2
DA:91,2
DA:93,1
DA:94,1
DA:96,1
DA:97,1
DA:110,3
DA:112,3
DA:113,3
DA:115,3
DA:118,3
DA:120,2
DA:122,2
DA:123,2
DA:126,2
DA:127,1
DA:128,1
DA:130,1
DA:134,2
DA:136,1
DA:137,1
DA:145,11
DA:146,11
DA:147,11
DA:148,11
DA:150,11
DA:165,11
DA:167,11
DA:187,2
DA:192,2
DA:215,1
LF:59
LH:59
BRDA:32,0,0,4
BRDA:32,0,1,0
BRDA:32,1,0,4
BRDA:32,1,1,4
BRDA:37,2,0,1
BRDA:37,2,1,3
BRDA:75,3,0,3
BRDA:75,3,1,0
BRDA:75,4,0,3
BRDA:75,4,1,3
BRDA:80,5,0,1
BRDA:80,5,1,2
BRDA:120,6,0,2
BRDA:120,6,1,0
BRDA:120,7,0,2
BRDA:120,7,1,2
BRDA:126,8,0,1
BRDA:126,8,1,1
BRDA:146,9,0,11
BRDA:146,9,1,1
BRF:20
BRH:17
end_of_record
